epoch:0/100
****************************************************************************************************
training: 1.5365, 0.4551
validation: 1.0708, 0.6187
epoch:1/100
****************************************************************************************************
training: 1.1100, 0.6087
validation: 0.8660, 0.6843
epoch:2/100
****************************************************************************************************
training: 0.9528, 0.6647
validation: 0.9653, 0.6609
epoch:3/100
****************************************************************************************************
training: 0.8665, 0.7015
validation: 0.6282, 0.7859
epoch:4/100
****************************************************************************************************
training: 0.7849, 0.7321
validation: 0.6732, 0.7600
epoch:5/100
****************************************************************************************************
training: 0.7301, 0.7501
validation: 0.5550, 0.8033
epoch:6/100
****************************************************************************************************
training: 0.6749, 0.7671
validation: 0.7628, 0.7519
epoch:7/100
****************************************************************************************************
training: 0.6256, 0.7865
validation: 0.4996, 0.8228
epoch:8/100
****************************************************************************************************
training: 0.5979, 0.7978
validation: 0.4286, 0.8502
epoch:9/100
****************************************************************************************************
training: 0.5589, 0.8091
validation: 0.7721, 0.7478
epoch:10/100
****************************************************************************************************
training: 0.5309, 0.8206
validation: 0.4037, 0.8622
epoch:11/100
****************************************************************************************************
training: 0.5093, 0.8277
validation: 0.4021, 0.8572
epoch:12/100
****************************************************************************************************
training: 0.4870, 0.8383
validation: 0.3949, 0.8650
epoch:13/100
****************************************************************************************************
training: 0.4820, 0.8360
validation: 0.4548, 0.8426
epoch:14/100
****************************************************************************************************
training: 0.4604, 0.8453
validation: 0.3432, 0.8876
epoch:15/100
****************************************************************************************************
training: 0.4484, 0.8468
validation: 0.3200, 0.8906
epoch:16/100
****************************************************************************************************
training: 0.4345, 0.8540
validation: 0.2927, 0.9065
epoch:17/100
****************************************************************************************************
training: 0.4193, 0.8587
validation: 0.3038, 0.8972
epoch:18/100
****************************************************************************************************
training: 0.3990, 0.8686
validation: 0.2628, 0.9157
epoch:19/100
****************************************************************************************************
training: 0.3920, 0.8706
validation: 0.3913, 0.8711
epoch:20/100
****************************************************************************************************
training: 0.3902, 0.8704
validation: 0.2724, 0.9085
epoch:21/100
****************************************************************************************************
training: 0.3782, 0.8745
validation: 0.3106, 0.8998
epoch:22/100
****************************************************************************************************
training: 0.3577, 0.8805
validation: 0.2445, 0.9165
epoch:23/100
****************************************************************************************************
training: 0.3562, 0.8802
validation: 0.2517, 0.9131
epoch:24/100
****************************************************************************************************
training: 0.3541, 0.8809
validation: 0.2731, 0.9076
epoch:25/100
****************************************************************************************************
training: 0.3508, 0.8836
validation: 0.2688, 0.9106
epoch:26/100
****************************************************************************************************
training: 0.3331, 0.8862
validation: 0.2407, 0.9206
epoch:27/100
****************************************************************************************************
training: 0.3295, 0.8912
validation: 0.5433, 0.8513
epoch:28/100
****************************************************************************************************
training: 0.3195, 0.8933
validation: 0.2386, 0.9241
epoch:29/100
****************************************************************************************************
training: 0.3057, 0.9005
validation: 0.3034, 0.9059
epoch:30/100
****************************************************************************************************
training: 0.3209, 0.8918
validation: 0.2297, 0.9243
epoch:31/100
****************************************************************************************************
training: 0.3029, 0.8995
validation: 0.2696, 0.9031
epoch:32/100
****************************************************************************************************
training: 0.3022, 0.8969
validation: 0.2279, 0.9222
epoch:33/100
****************************************************************************************************
training: 0.2907, 0.9019
validation: 0.1984, 0.9337
epoch:34/100
****************************************************************************************************
training: 0.2885, 0.9055
validation: 0.2006, 0.9317
epoch:35/100
****************************************************************************************************
training: 0.2831, 0.9062
validation: 0.2057, 0.9319
epoch:36/100
****************************************************************************************************
training: 0.2780, 0.9041
validation: 0.1879, 0.9407
epoch:37/100
****************************************************************************************************
training: 0.2686, 0.9087
validation: 0.2575, 0.9163
epoch:38/100
****************************************************************************************************
training: 0.2773, 0.9081
validation: 0.1811, 0.9409
epoch:39/100
****************************************************************************************************
training: 0.2613, 0.9133
validation: 0.1702, 0.9443
epoch:40/100
****************************************************************************************************
training: 0.2697, 0.9119
validation: 0.3596, 0.8919
epoch:41/100
****************************************************************************************************
training: 0.2632, 0.9131
validation: 0.1714, 0.9413
epoch:42/100
****************************************************************************************************
training: 0.2524, 0.9169
validation: 0.2007, 0.9313
epoch:43/100
****************************************************************************************************
training: 0.2496, 0.9174
validation: 0.1769, 0.9400
epoch:44/100
****************************************************************************************************
training: 0.2569, 0.9149
validation: 0.2288, 0.9256
epoch:45/100
****************************************************************************************************
training: 0.2519, 0.9158
validation: 0.2051, 0.9319
epoch:46/100
****************************************************************************************************
training: 0.2486, 0.9173
validation: 0.1670, 0.9430
epoch:47/100
****************************************************************************************************
training: 0.2414, 0.9205
validation: 0.2763, 0.9076
epoch:48/100
****************************************************************************************************
training: 0.2424, 0.9208
validation: 0.1661, 0.9428
epoch:49/100
****************************************************************************************************
training: 0.2415, 0.9195
validation: 0.1590, 0.9470
epoch:50/100
****************************************************************************************************
training: 0.2348, 0.9219
validation: 0.1612, 0.9456
epoch:51/100
****************************************************************************************************
training: 0.2384, 0.9212
validation: 0.1724, 0.9424
epoch:52/100
****************************************************************************************************
training: 0.2325, 0.9218
validation: 0.2117, 0.9341
epoch:53/100
****************************************************************************************************
training: 0.2268, 0.9261
validation: 0.1868, 0.9367
epoch:54/100
****************************************************************************************************
training: 0.2311, 0.9229
validation: 0.1545, 0.9481
epoch:55/100
****************************************************************************************************
training: 0.2266, 0.9255
validation: 0.1616, 0.9478
epoch:56/100
****************************************************************************************************
training: 0.2249, 0.9273
validation: 0.1890, 0.9361
epoch:57/100
****************************************************************************************************
training: 0.2168, 0.9269
validation: 0.1372, 0.9537
epoch:58/100
****************************************************************************************************
training: 0.2138, 0.9281
validation: 0.1507, 0.9474
epoch:59/100
****************************************************************************************************
training: 0.2239, 0.9257
validation: 0.1663, 0.9430
epoch:60/100
****************************************************************************************************
training: 0.2085, 0.9305
validation: 0.1887, 0.9369
epoch:61/100
****************************************************************************************************
training: 0.2194, 0.9293
validation: 0.1379, 0.9565
epoch:62/100
****************************************************************************************************
training: 0.2072, 0.9317
validation: 0.1721, 0.9461
epoch:63/100
****************************************************************************************************
training: 0.2152, 0.9277
validation: 0.1627, 0.9452
epoch:64/100
****************************************************************************************************
training: 0.2070, 0.9314
validation: 0.1406, 0.9544
epoch:65/100
****************************************************************************************************
training: 0.2082, 0.9305
validation: 0.1542, 0.9481
epoch:66/100
****************************************************************************************************
training: 0.2061, 0.9341
validation: 0.1550, 0.9504
epoch:67/100
****************************************************************************************************
training: 0.2025, 0.9320
validation: 0.1850, 0.9383
epoch:68/100
****************************************************************************************************
training: 0.2015, 0.9337
validation: 0.1360, 0.9578
epoch:69/100
****************************************************************************************************
training: 0.1916, 0.9362
validation: 0.1361, 0.9565
epoch:70/100
****************************************************************************************************
training: 0.1938, 0.9338
validation: 0.1343, 0.9535
epoch:71/100
****************************************************************************************************
training: 0.1961, 0.9349
validation: 0.1319, 0.9591
epoch:72/100
****************************************************************************************************
training: 0.1968, 0.9347
validation: 0.1448, 0.9517
epoch:73/100
****************************************************************************************************
training: 0.1837, 0.9375
validation: 0.1358, 0.9570
epoch:74/100
****************************************************************************************************
training: 0.1878, 0.9387
validation: 0.2102, 0.9337
epoch:75/100
****************************************************************************************************
training: 0.1843, 0.9382
validation: 0.1297, 0.9569
epoch:76/100
****************************************************************************************************
training: 0.1897, 0.9369
validation: 0.1388, 0.9552
epoch:77/100
****************************************************************************************************
training: 0.1885, 0.9380
validation: 0.1503, 0.9522
epoch:78/100
****************************************************************************************************
training: 0.1811, 0.9401
validation: 0.1500, 0.9500
epoch:79/100
****************************************************************************************************
training: 0.1860, 0.9390
validation: 0.1314, 0.9572
epoch:80/100
****************************************************************************************************
training: 0.1832, 0.9394
validation: 0.1374, 0.9578
epoch:81/100
****************************************************************************************************
training: 0.1789, 0.9421
validation: 0.1315, 0.9600
epoch:82/100
****************************************************************************************************
training: 0.1784, 0.9411
validation: 0.1319, 0.9619
epoch:83/100
****************************************************************************************************
training: 0.1838, 0.9397
validation: 0.1290, 0.9604
epoch:84/100
****************************************************************************************************
training: 0.1808, 0.9382
validation: 0.1236, 0.9598
epoch:85/100
****************************************************************************************************
training: 0.1721, 0.9418
validation: 0.1435, 0.9543
epoch:86/100
****************************************************************************************************
training: 0.1707, 0.9443
validation: 0.1155, 0.9639
epoch:87/100
****************************************************************************************************
training: 0.1741, 0.9425
validation: 0.1317, 0.9563
epoch:88/100
****************************************************************************************************
training: 0.1792, 0.9403
validation: 0.1183, 0.9602
epoch:89/100
****************************************************************************************************
training: 0.1724, 0.9419
validation: 0.1252, 0.9598
epoch:90/100
****************************************************************************************************
training: 0.1847, 0.9410
validation: 0.1406, 0.9541
epoch:91/100
****************************************************************************************************
training: 0.1700, 0.9434
validation: 0.1253, 0.9589
epoch:92/100
****************************************************************************************************
training: 0.1629, 0.9456
validation: 0.4062, 0.9069
epoch:93/100
****************************************************************************************************
training: 0.1724, 0.9443
validation: 0.1307, 0.9554
epoch:94/100
****************************************************************************************************
training: 0.1596, 0.9474
validation: 0.2742, 0.9331
epoch:95/100
****************************************************************************************************
training: 0.1639, 0.9472
validation: 0.1563, 0.9504
epoch:96/100
****************************************************************************************************
training: 0.1752, 0.9438
validation: 0.1321, 0.9567
epoch:97/100
****************************************************************************************************
training: 0.1693, 0.9445
validation: 0.1297, 0.9578
epoch:98/100
****************************************************************************************************
training: 0.1636, 0.9471
validation: 0.1180, 0.9593
epoch:99/100
****************************************************************************************************
training: 0.1569, 0.9477
validation: 0.1284, 0.9583
