epoch:0/100
****************************************************************************************************
training: 2.2889, 0.1560
validation: 2.3537, 0.1563
epoch:1/100
****************************************************************************************************
training: 2.1049, 0.2530
validation: 2.4299, 0.2348
epoch:2/100
****************************************************************************************************
training: 1.9531, 0.2920
validation: 1.9700, 0.3385
epoch:3/100
****************************************************************************************************
training: 1.8188, 0.3390
validation: 1.7878, 0.3715
epoch:4/100
****************************************************************************************************
training: 1.7338, 0.3750
validation: 2.0149, 0.4198
epoch:5/100
****************************************************************************************************
training: 1.5707, 0.4270
validation: 1.4604, 0.5222
epoch:6/100
****************************************************************************************************
training: 1.6049, 0.4330
validation: 1.6031, 0.4196
epoch:7/100
****************************************************************************************************
training: 1.5106, 0.4500
validation: 1.4750, 0.4954
epoch:8/100
****************************************************************************************************
training: 1.5118, 0.4540
validation: 1.3451, 0.5502
epoch:9/100
****************************************************************************************************
training: 1.3985, 0.4960
validation: 1.3412, 0.5483
epoch:10/100
****************************************************************************************************
training: 1.3546, 0.5450
validation: 1.3722, 0.5063
epoch:11/100
****************************************************************************************************
training: 1.3440, 0.5270
validation: 1.2868, 0.5609
epoch:12/100
****************************************************************************************************
training: 1.3964, 0.5070
validation: 1.1773, 0.5969
epoch:13/100
****************************************************************************************************
training: 1.3830, 0.5350
validation: 1.1892, 0.5870
epoch:14/100
****************************************************************************************************
training: 1.3112, 0.5390
validation: 1.3031, 0.5615
epoch:15/100
****************************************************************************************************
training: 1.3042, 0.5560
validation: 1.1010, 0.6219
epoch:16/100
****************************************************************************************************
training: 1.3117, 0.5570
validation: 1.4120, 0.4867
epoch:17/100
****************************************************************************************************
training: 1.2190, 0.5680
validation: 1.2305, 0.5830
epoch:18/100
****************************************************************************************************
training: 1.3442, 0.5550
validation: 1.1310, 0.6024
epoch:19/100
****************************************************************************************************
training: 1.2564, 0.5820
validation: 1.1801, 0.5983
epoch:20/100
****************************************************************************************************
training: 1.2055, 0.5700
validation: 1.0710, 0.6211
epoch:21/100
****************************************************************************************************
training: 1.1831, 0.6020
validation: 1.1445, 0.6411
epoch:22/100
****************************************************************************************************
training: 1.1462, 0.5870
validation: 1.0279, 0.6441
epoch:23/100
****************************************************************************************************
training: 1.1044, 0.6000
validation: 1.0814, 0.6620
epoch:24/100
****************************************************************************************************
training: 1.1309, 0.6110
validation: 1.0134, 0.6520
epoch:25/100
****************************************************************************************************
training: 1.0398, 0.6400
validation: 0.9456, 0.6878
epoch:26/100
****************************************************************************************************
training: 1.0948, 0.6160
validation: 1.0745, 0.6204
epoch:27/100
****************************************************************************************************
training: 1.0263, 0.6360
validation: 0.9898, 0.6611
epoch:28/100
****************************************************************************************************
training: 1.1448, 0.6130
validation: 1.1856, 0.6489
epoch:29/100
****************************************************************************************************
training: 1.0769, 0.6370
validation: 1.0622, 0.6472
epoch:30/100
****************************************************************************************************
training: 1.0982, 0.6120
validation: 1.1983, 0.5963
epoch:31/100
****************************************************************************************************
training: 1.0735, 0.6250
validation: 0.9437, 0.6835
epoch:32/100
****************************************************************************************************
training: 1.1344, 0.6170
validation: 1.3045, 0.5789
epoch:33/100
****************************************************************************************************
training: 1.0759, 0.6160
validation: 1.1804, 0.6141
epoch:34/100
****************************************************************************************************
training: 1.1069, 0.6130
validation: 0.9538, 0.6843
epoch:35/100
****************************************************************************************************
training: 1.0388, 0.6370
validation: 0.9556, 0.6813
epoch:36/100
****************************************************************************************************
training: 1.0350, 0.6340
validation: 0.8995, 0.6817
epoch:37/100
****************************************************************************************************
training: 1.0335, 0.6410
validation: 0.8763, 0.7030
epoch:38/100
****************************************************************************************************
training: 1.0263, 0.6500
validation: 1.0374, 0.6344
epoch:39/100
****************************************************************************************************
training: 1.0091, 0.6360
validation: 1.0402, 0.6652
epoch:40/100
****************************************************************************************************
training: 0.9958, 0.6420
validation: 0.9409, 0.6935
epoch:41/100
****************************************************************************************************
training: 0.9098, 0.7000
validation: 0.9983, 0.6463
epoch:42/100
****************************************************************************************************
training: 1.0027, 0.6650
validation: 0.8714, 0.6911
epoch:43/100
****************************************************************************************************
training: 0.9678, 0.6590
validation: 0.9061, 0.6928
epoch:44/100
****************************************************************************************************
training: 0.9686, 0.6570
validation: 0.9108, 0.6976
epoch:45/100
****************************************************************************************************
training: 0.8989, 0.6750
validation: 0.9430, 0.6848
epoch:46/100
****************************************************************************************************
training: 0.9946, 0.6640
validation: 1.0893, 0.6491
epoch:47/100
****************************************************************************************************
training: 0.9231, 0.6840
validation: 0.9441, 0.6763
epoch:48/100
****************************************************************************************************
training: 0.9108, 0.6780
validation: 1.0100, 0.6698
epoch:49/100
****************************************************************************************************
training: 0.8836, 0.7030
validation: 0.7733, 0.7441
epoch:50/100
****************************************************************************************************
training: 0.9345, 0.6680
validation: 0.8885, 0.7196
epoch:51/100
****************************************************************************************************
training: 0.9026, 0.7000
validation: 1.0570, 0.6511
epoch:52/100
****************************************************************************************************
training: 0.9550, 0.6510
validation: 0.9363, 0.7113
epoch:53/100
****************************************************************************************************
training: 0.8324, 0.7080
validation: 1.0403, 0.6787
epoch:54/100
****************************************************************************************************
training: 0.8470, 0.7050
validation: 0.9287, 0.7246
epoch:55/100
****************************************************************************************************
training: 0.8349, 0.7120
validation: 0.7582, 0.7554
epoch:56/100
****************************************************************************************************
training: 0.8678, 0.7120
validation: 0.8042, 0.7189
epoch:57/100
****************************************************************************************************
training: 0.7727, 0.7190
validation: 0.7798, 0.7426
epoch:58/100
****************************************************************************************************
training: 0.8098, 0.7210
validation: 0.7523, 0.7589
epoch:59/100
****************************************************************************************************
training: 0.8491, 0.7110
validation: 0.8273, 0.7335
epoch:60/100
****************************************************************************************************
training: 0.8069, 0.7100
validation: 1.0198, 0.6815
epoch:61/100
****************************************************************************************************
training: 0.7707, 0.7400
validation: 1.1266, 0.6607
epoch:62/100
****************************************************************************************************
training: 0.9100, 0.7020
validation: 0.8903, 0.7006
epoch:63/100
****************************************************************************************************
training: 0.8829, 0.6970
validation: 1.0985, 0.6550
epoch:64/100
****************************************************************************************************
training: 0.8155, 0.7220
validation: 0.7690, 0.7361
epoch:65/100
****************************************************************************************************
training: 0.7910, 0.7230
validation: 0.8128, 0.7307
epoch:66/100
****************************************************************************************************
training: 0.8034, 0.7180
validation: 0.8577, 0.7411
epoch:67/100
****************************************************************************************************
training: 0.8599, 0.7150
validation: 1.1100, 0.6639
epoch:68/100
****************************************************************************************************
training: 0.8036, 0.7230
validation: 0.9942, 0.6846
epoch:69/100
****************************************************************************************************
training: 0.7421, 0.7470
validation: 0.7766, 0.7483
epoch:70/100
****************************************************************************************************
training: 0.7681, 0.7360
validation: 0.7945, 0.7444
epoch:71/100
****************************************************************************************************
training: 0.7234, 0.7480
validation: 0.7666, 0.7509
epoch:72/100
****************************************************************************************************
training: 0.7191, 0.7480
validation: 0.7898, 0.7485
epoch:73/100
****************************************************************************************************
training: 0.7220, 0.7650
validation: 0.8375, 0.7202
epoch:74/100
****************************************************************************************************
training: 0.6912, 0.7570
validation: 0.8271, 0.7448
epoch:75/100
****************************************************************************************************
training: 0.6424, 0.7840
validation: 0.7625, 0.7520
epoch:76/100
****************************************************************************************************
training: 0.7264, 0.7510
validation: 0.7864, 0.7498
epoch:77/100
****************************************************************************************************
training: 0.7529, 0.7400
validation: 0.7869, 0.7589
epoch:78/100
****************************************************************************************************
training: 0.7298, 0.7460
validation: 0.8261, 0.7411
epoch:79/100
****************************************************************************************************
training: 0.7300, 0.7590
validation: 0.7979, 0.7485
epoch:80/100
****************************************************************************************************
training: 0.7893, 0.7450
validation: 0.8016, 0.7233
epoch:81/100
****************************************************************************************************
training: 0.6673, 0.7790
validation: 0.8836, 0.7463
epoch:82/100
****************************************************************************************************
training: 0.7405, 0.7480
validation: 0.8648, 0.7241
epoch:83/100
****************************************************************************************************
training: 0.7639, 0.7490
validation: 0.7354, 0.7713
epoch:84/100
****************************************************************************************************
training: 0.6880, 0.7470
validation: 0.7740, 0.7424
epoch:85/100
****************************************************************************************************
training: 0.6436, 0.7850
validation: 0.7643, 0.7613
epoch:86/100
****************************************************************************************************
training: 0.7113, 0.7420
validation: 0.7295, 0.7650
epoch:87/100
****************************************************************************************************
training: 0.6303, 0.7890
validation: 0.7490, 0.7619
epoch:88/100
****************************************************************************************************
training: 0.6901, 0.7500
validation: 0.7409, 0.7707
epoch:89/100
****************************************************************************************************
training: 0.6935, 0.7730
validation: 0.7061, 0.7874
epoch:90/100
****************************************************************************************************
training: 0.6341, 0.7840
validation: 0.9721, 0.7089
epoch:91/100
****************************************************************************************************
training: 0.7120, 0.7500
validation: 0.6911, 0.7865
epoch:92/100
****************************************************************************************************
training: 0.6557, 0.7640
validation: 0.8171, 0.7589
epoch:93/100
****************************************************************************************************
training: 0.7162, 0.7700
validation: 0.7398, 0.7678
epoch:94/100
****************************************************************************************************
training: 0.7246, 0.7650
validation: 0.7936, 0.7550
epoch:95/100
****************************************************************************************************
training: 0.6196, 0.7950
validation: 0.7892, 0.7494
epoch:96/100
****************************************************************************************************
training: 0.6740, 0.7880
validation: 0.7956, 0.7496
epoch:97/100
****************************************************************************************************
training: 0.7013, 0.7490
validation: 0.8225, 0.7504
epoch:98/100
****************************************************************************************************
training: 0.6523, 0.7700
validation: 0.7978, 0.7491
epoch:99/100
****************************************************************************************************
training: 0.6889, 0.7760
validation: 0.8257, 0.7585
