epoch:0/100
****************************************************************************************************
training: 2.2262, 0.1760
validation: 2.2275, 0.1472
epoch:1/100
****************************************************************************************************
training: 1.9922, 0.3060
validation: 2.1295, 0.2431
epoch:2/100
****************************************************************************************************
training: 1.7943, 0.4040
validation: 1.7245, 0.4246
epoch:3/100
****************************************************************************************************
training: 1.5723, 0.4490
validation: 1.8908, 0.2878
epoch:4/100
****************************************************************************************************
training: 1.4420, 0.5040
validation: 1.6442, 0.3926
epoch:5/100
****************************************************************************************************
training: 1.3482, 0.5380
validation: 1.5810, 0.4659
epoch:6/100
****************************************************************************************************
training: 1.2694, 0.5440
validation: 1.3807, 0.4776
epoch:7/100
****************************************************************************************************
training: 1.2632, 0.5450
validation: 1.5643, 0.4778
epoch:8/100
****************************************************************************************************
training: 1.1864, 0.5860
validation: 1.1959, 0.5780
epoch:9/100
****************************************************************************************************
training: 1.1722, 0.5880
validation: 1.2855, 0.5565
epoch:10/100
****************************************************************************************************
training: 1.1193, 0.6060
validation: 1.4511, 0.4757
epoch:11/100
****************************************************************************************************
training: 1.0387, 0.6360
validation: 1.0869, 0.6243
epoch:12/100
****************************************************************************************************
training: 1.0125, 0.6450
validation: 1.1332, 0.6157
epoch:13/100
****************************************************************************************************
training: 1.0328, 0.6300
validation: 1.8577, 0.5781
epoch:14/100
****************************************************************************************************
training: 1.0192, 0.6330
validation: 1.0686, 0.6302
epoch:15/100
****************************************************************************************************
training: 0.9783, 0.6340
validation: 1.1007, 0.6107
epoch:16/100
****************************************************************************************************
training: 0.9425, 0.6740
validation: 1.0748, 0.6496
epoch:17/100
****************************************************************************************************
training: 0.9268, 0.6820
validation: 1.2263, 0.5772
epoch:18/100
****************************************************************************************************
training: 0.9306, 0.6790
validation: 0.9082, 0.6935
epoch:19/100
****************************************************************************************************
training: 0.8946, 0.6850
validation: 0.8661, 0.7009
epoch:20/100
****************************************************************************************************
training: 0.9285, 0.6690
validation: 1.1760, 0.6043
epoch:21/100
****************************************************************************************************
training: 0.8528, 0.6980
validation: 1.2432, 0.6380
epoch:22/100
****************************************************************************************************
training: 0.8603, 0.7010
validation: 0.8907, 0.7046
epoch:23/100
****************************************************************************************************
training: 0.9034, 0.6920
validation: 0.8685, 0.6972
epoch:24/100
****************************************************************************************************
training: 0.8055, 0.7250
validation: 1.0798, 0.6463
epoch:25/100
****************************************************************************************************
training: 0.8461, 0.7000
validation: 0.8248, 0.7207
epoch:26/100
****************************************************************************************************
training: 0.8296, 0.7120
validation: 1.1056, 0.6161
epoch:27/100
****************************************************************************************************
training: 0.7670, 0.7310
validation: 0.9708, 0.6948
epoch:28/100
****************************************************************************************************
training: 0.7674, 0.7150
validation: 1.0181, 0.6672
epoch:29/100
****************************************************************************************************
training: 0.7876, 0.7200
validation: 1.0673, 0.6572
epoch:30/100
****************************************************************************************************
training: 0.7788, 0.7150
validation: 1.1909, 0.6224
epoch:31/100
****************************************************************************************************
training: 0.7627, 0.7440
validation: 0.8644, 0.7207
epoch:32/100
****************************************************************************************************
training: 0.7489, 0.7370
validation: 0.8912, 0.7020
epoch:33/100
****************************************************************************************************
training: 0.6598, 0.7610
validation: 0.7968, 0.7400
epoch:34/100
****************************************************************************************************
training: 0.6381, 0.7780
validation: 0.8548, 0.7146
epoch:35/100
****************************************************************************************************
training: 0.6771, 0.7800
validation: 0.8765, 0.7100
epoch:36/100
****************************************************************************************************
training: 0.7021, 0.7410
validation: 0.7792, 0.7400
epoch:37/100
****************************************************************************************************
training: 0.7144, 0.7480
validation: 1.0644, 0.6409
epoch:38/100
****************************************************************************************************
training: 0.7306, 0.7390
validation: 0.9764, 0.6806
epoch:39/100
****************************************************************************************************
training: 0.7062, 0.7590
validation: 0.8283, 0.7235
epoch:40/100
****************************************************************************************************
training: 0.7241, 0.7280
validation: 0.9136, 0.6787
epoch:41/100
****************************************************************************************************
training: 0.6876, 0.7520
validation: 0.8703, 0.7043
epoch:42/100
****************************************************************************************************
training: 0.6827, 0.7630
validation: 0.7635, 0.7478
epoch:43/100
****************************************************************************************************
training: 0.7122, 0.7580
validation: 1.1072, 0.6613
epoch:44/100
****************************************************************************************************
training: 0.6165, 0.7930
validation: 0.7108, 0.7717
epoch:45/100
****************************************************************************************************
training: 0.6516, 0.7610
validation: 0.9274, 0.6794
epoch:46/100
****************************************************************************************************
training: 0.6108, 0.7780
validation: 0.9250, 0.7174
epoch:47/100
****************************************************************************************************
training: 0.5751, 0.8040
validation: 0.8317, 0.7300
epoch:48/100
****************************************************************************************************
training: 0.6181, 0.7850
validation: 0.8057, 0.7431
epoch:49/100
****************************************************************************************************
training: 0.5988, 0.7870
validation: 0.6500, 0.7900
epoch:50/100
****************************************************************************************************
training: 0.5875, 0.7930
validation: 0.8176, 0.7356
epoch:51/100
****************************************************************************************************
training: 0.5640, 0.7930
validation: 0.7487, 0.7587
epoch:52/100
****************************************************************************************************
training: 0.5676, 0.8010
validation: 0.8197, 0.7456
epoch:53/100
****************************************************************************************************
training: 0.5897, 0.8050
validation: 0.7145, 0.7681
epoch:54/100
****************************************************************************************************
training: 0.5846, 0.7930
validation: 0.8239, 0.7561
epoch:55/100
****************************************************************************************************
training: 0.5396, 0.8090
validation: 0.7418, 0.7591
epoch:56/100
****************************************************************************************************
training: 0.5545, 0.8030
validation: 0.7216, 0.7574
epoch:57/100
****************************************************************************************************
training: 0.5462, 0.8060
validation: 0.6149, 0.8048
epoch:58/100
****************************************************************************************************
training: 0.5282, 0.8130
validation: 0.7910, 0.7496
epoch:59/100
****************************************************************************************************
training: 0.5725, 0.7850
validation: 0.8675, 0.7511
epoch:60/100
****************************************************************************************************
training: 0.5411, 0.8070
validation: 0.7365, 0.7752
epoch:61/100
****************************************************************************************************
training: 0.5332, 0.8210
validation: 0.7208, 0.7648
epoch:62/100
****************************************************************************************************
training: 0.5267, 0.8200
validation: 0.6690, 0.7880
epoch:63/100
****************************************************************************************************
training: 0.5551, 0.8100
validation: 0.6604, 0.7841
epoch:64/100
****************************************************************************************************
training: 0.4724, 0.8460
validation: 0.6899, 0.7806
epoch:65/100
****************************************************************************************************
training: 0.4665, 0.8380
validation: 0.6649, 0.7833
epoch:66/100
****************************************************************************************************
training: 0.4867, 0.8440
validation: 0.9902, 0.7031
epoch:67/100
****************************************************************************************************
training: 0.4520, 0.8430
validation: 0.6918, 0.7746
epoch:68/100
****************************************************************************************************
training: 0.4601, 0.8390
validation: 0.6429, 0.7939
epoch:69/100
****************************************************************************************************
training: 0.4192, 0.8520
validation: 0.6193, 0.8091
epoch:70/100
****************************************************************************************************
training: 0.4317, 0.8430
validation: 0.6434, 0.7972
epoch:71/100
****************************************************************************************************
training: 0.4560, 0.8400
validation: 1.1452, 0.7056
epoch:72/100
****************************************************************************************************
training: 0.4874, 0.8330
validation: 0.7301, 0.7793
epoch:73/100
****************************************************************************************************
training: 0.5488, 0.8110
validation: 1.0016, 0.7178
epoch:74/100
****************************************************************************************************
training: 0.4416, 0.8520
validation: 0.6528, 0.8024
epoch:75/100
****************************************************************************************************
training: 0.4848, 0.8310
validation: 0.7465, 0.7709
epoch:76/100
****************************************************************************************************
training: 0.4285, 0.8510
validation: 0.6511, 0.7909
epoch:77/100
****************************************************************************************************
training: 0.4587, 0.8340
validation: 0.8392, 0.7450
epoch:78/100
****************************************************************************************************
training: 0.4433, 0.8570
validation: 0.7790, 0.7572
epoch:79/100
****************************************************************************************************
training: 0.4573, 0.8320
validation: 0.8091, 0.7585
epoch:80/100
****************************************************************************************************
training: 0.4852, 0.8130
validation: 0.7311, 0.7756
epoch:81/100
****************************************************************************************************
training: 0.4545, 0.8500
validation: 0.6343, 0.7996
epoch:82/100
****************************************************************************************************
training: 0.3836, 0.8610
validation: 0.5923, 0.8178
epoch:83/100
****************************************************************************************************
training: 0.4112, 0.8390
validation: 0.6159, 0.8006
epoch:84/100
****************************************************************************************************
training: 0.4355, 0.8700
validation: 0.7181, 0.7800
epoch:85/100
****************************************************************************************************
training: 0.4267, 0.8520
validation: 0.6724, 0.7926
epoch:86/100
****************************************************************************************************
training: 0.4573, 0.8430
validation: 0.8616, 0.7574
epoch:87/100
****************************************************************************************************
training: 0.4432, 0.8350
validation: 0.7182, 0.7872
epoch:88/100
****************************************************************************************************
training: 0.4093, 0.8550
validation: 0.6179, 0.8080
epoch:89/100
****************************************************************************************************
training: 0.4114, 0.8620
validation: 0.6632, 0.8000
epoch:90/100
****************************************************************************************************
training: 0.4047, 0.8570
validation: 0.7121, 0.7824
epoch:91/100
****************************************************************************************************
training: 0.3882, 0.8620
validation: 0.7247, 0.7763
epoch:92/100
****************************************************************************************************
training: 0.4198, 0.8660
validation: 0.7190, 0.7850
epoch:93/100
****************************************************************************************************
training: 0.4336, 0.8490
validation: 0.6635, 0.7909
epoch:94/100
****************************************************************************************************
training: 0.3606, 0.8750
validation: 0.7208, 0.7856
epoch:95/100
****************************************************************************************************
training: 0.4344, 0.8490
validation: 0.6789, 0.8031
epoch:96/100
****************************************************************************************************
training: 0.3928, 0.8720
validation: 0.6754, 0.7919
epoch:97/100
****************************************************************************************************
training: 0.3500, 0.8890
validation: 0.6746, 0.7998
epoch:98/100
****************************************************************************************************
training: 0.3292, 0.8950
validation: 0.7211, 0.7850
epoch:99/100
****************************************************************************************************
training: 0.4096, 0.8470
validation: 0.7304, 0.7891
