epoch:0/100
****************************************************************************************************
training: 2.1655, 0.2300
validation: 2.2062, 0.2581
epoch:1/100
****************************************************************************************************
training: 1.8461, 0.4390
validation: 1.9196, 0.4328
epoch:2/100
****************************************************************************************************
training: 1.5809, 0.5190
validation: 1.7198, 0.3991
epoch:3/100
****************************************************************************************************
training: 1.4218, 0.5300
validation: 1.3503, 0.5454
epoch:4/100
****************************************************************************************************
training: 1.3256, 0.5460
validation: 1.4283, 0.5004
epoch:5/100
****************************************************************************************************
training: 1.2725, 0.5690
validation: 1.9531, 0.3343
epoch:6/100
****************************************************************************************************
training: 1.2289, 0.5720
validation: 1.3123, 0.5554
epoch:7/100
****************************************************************************************************
training: 1.1470, 0.6000
validation: 1.4234, 0.4946
epoch:8/100
****************************************************************************************************
training: 1.1577, 0.6070
validation: 1.5588, 0.4787
epoch:9/100
****************************************************************************************************
training: 1.0678, 0.6300
validation: 4.3246, 0.2720
epoch:10/100
****************************************************************************************************
training: 1.0738, 0.6230
validation: 1.4083, 0.5517
epoch:11/100
****************************************************************************************************
training: 1.0702, 0.6190
validation: 1.1107, 0.6278
epoch:12/100
****************************************************************************************************
training: 0.9840, 0.6690
validation: 0.9646, 0.6643
epoch:13/100
****************************************************************************************************
training: 0.9977, 0.6530
validation: 1.1875, 0.5963
epoch:14/100
****************************************************************************************************
training: 0.9964, 0.6460
validation: 1.1212, 0.6189
epoch:15/100
****************************************************************************************************
training: 0.9920, 0.6490
validation: 1.3199, 0.5291
epoch:16/100
****************************************************************************************************
training: 0.9409, 0.6700
validation: 1.2134, 0.5743
epoch:17/100
****************************************************************************************************
training: 0.9022, 0.6810
validation: 0.9803, 0.6700
epoch:18/100
****************************************************************************************************
training: 0.8568, 0.7010
validation: 1.0553, 0.6293
epoch:19/100
****************************************************************************************************
training: 0.8970, 0.6850
validation: 1.0634, 0.6404
epoch:20/100
****************************************************************************************************
training: 0.8724, 0.7080
validation: 1.0727, 0.6100
epoch:21/100
****************************************************************************************************
training: 0.8515, 0.6990
validation: 1.2245, 0.5694
epoch:22/100
****************************************************************************************************
training: 0.8450, 0.6980
validation: 1.0236, 0.6493
epoch:23/100
****************************************************************************************************
training: 0.8002, 0.7220
validation: 0.9921, 0.6474
epoch:24/100
****************************************************************************************************
training: 0.8343, 0.7060
validation: 0.8474, 0.7143
epoch:25/100
****************************************************************************************************
training: 0.8065, 0.6990
validation: 0.9899, 0.6507
epoch:26/100
****************************************************************************************************
training: 0.8138, 0.7220
validation: 1.0292, 0.6498
epoch:27/100
****************************************************************************************************
training: 0.8060, 0.7220
validation: 0.8666, 0.7059
epoch:28/100
****************************************************************************************************
training: 0.7569, 0.7410
validation: 1.0510, 0.6607
epoch:29/100
****************************************************************************************************
training: 0.7112, 0.7520
validation: 0.8569, 0.7070
epoch:30/100
****************************************************************************************************
training: 0.7339, 0.7530
validation: 0.8908, 0.6980
epoch:31/100
****************************************************************************************************
training: 0.7540, 0.7370
validation: 0.9594, 0.6831
epoch:32/100
****************************************************************************************************
training: 0.7929, 0.7300
validation: 0.8167, 0.7217
epoch:33/100
****************************************************************************************************
training: 0.7159, 0.7610
validation: 0.9277, 0.6939
epoch:34/100
****************************************************************************************************
training: 0.6645, 0.7690
validation: 0.8238, 0.7193
epoch:35/100
****************************************************************************************************
training: 0.7508, 0.7450
validation: 1.9829, 0.5520
epoch:36/100
****************************************************************************************************
training: 0.7214, 0.7570
validation: 1.0515, 0.6522
epoch:37/100
****************************************************************************************************
training: 0.7619, 0.7300
validation: 0.8510, 0.7219
epoch:38/100
****************************************************************************************************
training: 0.6929, 0.7630
validation: 0.8879, 0.6991
epoch:39/100
****************************************************************************************************
training: 0.6723, 0.7630
validation: 0.7316, 0.7531
epoch:40/100
****************************************************************************************************
training: 0.6527, 0.7830
validation: 0.7296, 0.7600
epoch:41/100
****************************************************************************************************
training: 0.6427, 0.7820
validation: 0.7601, 0.7420
epoch:42/100
****************************************************************************************************
training: 0.6195, 0.7770
validation: 0.8841, 0.7070
epoch:43/100
****************************************************************************************************
training: 0.6134, 0.7930
validation: 0.7260, 0.7617
epoch:44/100
****************************************************************************************************
training: 0.6561, 0.7780
validation: 0.8211, 0.7346
epoch:45/100
****************************************************************************************************
training: 0.6414, 0.7840
validation: 0.7724, 0.7470
epoch:46/100
****************************************************************************************************
training: 0.6741, 0.7560
validation: 1.2434, 0.6393
epoch:47/100
****************************************************************************************************
training: 0.6329, 0.7920
validation: 0.7261, 0.7607
epoch:48/100
****************************************************************************************************
training: 0.5916, 0.7980
validation: 0.7848, 0.7406
epoch:49/100
****************************************************************************************************
training: 0.6204, 0.7930
validation: 0.7243, 0.7630
epoch:50/100
****************************************************************************************************
training: 0.6012, 0.7940
validation: 0.8267, 0.7341
epoch:51/100
****************************************************************************************************
training: 0.6432, 0.7690
validation: 1.3160, 0.6483
epoch:52/100
****************************************************************************************************
training: 0.6314, 0.7790
validation: 0.8675, 0.7259
epoch:53/100
****************************************************************************************************
training: 0.6312, 0.7870
validation: 0.7244, 0.7652
epoch:54/100
****************************************************************************************************
training: 0.6335, 0.7740
validation: 0.9327, 0.6906
epoch:55/100
****************************************************************************************************
training: 0.6141, 0.7930
validation: 0.8070, 0.7335
epoch:56/100
****************************************************************************************************
training: 0.5967, 0.8000
validation: 0.8096, 0.7444
epoch:57/100
****************************************************************************************************
training: 0.5128, 0.8150
validation: 0.6970, 0.7630
epoch:58/100
****************************************************************************************************
training: 0.5815, 0.7940
validation: 0.6938, 0.7767
epoch:59/100
****************************************************************************************************
training: 0.5409, 0.8310
validation: 0.6827, 0.7824
epoch:60/100
****************************************************************************************************
training: 0.5332, 0.8080
validation: 0.9165, 0.7193
epoch:61/100
****************************************************************************************************
training: 0.5473, 0.8050
validation: 0.7888, 0.7419
epoch:62/100
****************************************************************************************************
training: 0.5855, 0.7920
validation: 0.7099, 0.7641
epoch:63/100
****************************************************************************************************
training: 0.5797, 0.7910
validation: 0.8396, 0.7444
epoch:64/100
****************************************************************************************************
training: 0.5101, 0.8260
validation: 0.9493, 0.6856
epoch:65/100
****************************************************************************************************
training: 0.5345, 0.8080
validation: 0.6748, 0.7715
epoch:66/100
****************************************************************************************************
training: 0.4854, 0.8390
validation: 0.7465, 0.7567
epoch:67/100
****************************************************************************************************
training: 0.4932, 0.8230
validation: 0.8306, 0.7487
epoch:68/100
****************************************************************************************************
training: 0.5484, 0.7920
validation: 0.8671, 0.7294
epoch:69/100
****************************************************************************************************
training: 0.5132, 0.8220
validation: 0.7793, 0.7591
epoch:70/100
****************************************************************************************************
training: 0.4984, 0.8210
validation: 0.7182, 0.7641
epoch:71/100
****************************************************************************************************
training: 0.4650, 0.8280
validation: 0.7095, 0.7702
epoch:72/100
****************************************************************************************************
training: 0.4454, 0.8460
validation: 0.8454, 0.7413
epoch:73/100
****************************************************************************************************
training: 0.5171, 0.8210
validation: 0.8085, 0.7417
epoch:74/100
****************************************************************************************************
training: 0.5032, 0.8250
validation: 0.7897, 0.7304
epoch:75/100
****************************************************************************************************
training: 0.4612, 0.8400
validation: 0.7731, 0.7478
epoch:76/100
****************************************************************************************************
training: 0.4769, 0.8430
validation: 0.7609, 0.7624
epoch:77/100
****************************************************************************************************
training: 0.5095, 0.8310
validation: 0.7389, 0.7754
epoch:78/100
****************************************************************************************************
training: 0.4564, 0.8520
validation: 0.7321, 0.7720
epoch:79/100
****************************************************************************************************
training: 0.4959, 0.8280
validation: 0.6765, 0.7922
epoch:80/100
****************************************************************************************************
training: 0.5037, 0.8200
validation: 0.9218, 0.7019
epoch:81/100
****************************************************************************************************
training: 0.4608, 0.8340
validation: 0.7252, 0.7809
epoch:82/100
****************************************************************************************************
training: 0.4478, 0.8520
validation: 0.6948, 0.7776
epoch:83/100
****************************************************************************************************
training: 0.4576, 0.8300
validation: 0.9696, 0.6828
epoch:84/100
****************************************************************************************************
training: 0.4689, 0.8460
validation: 0.7011, 0.7713
epoch:85/100
****************************************************************************************************
training: 0.4065, 0.8520
validation: 0.6656, 0.7826
epoch:86/100
****************************************************************************************************
training: 0.4875, 0.8310
validation: 0.9407, 0.7150
epoch:87/100
****************************************************************************************************
training: 0.4367, 0.8360
validation: 0.7192, 0.7783
epoch:88/100
****************************************************************************************************
training: 0.4322, 0.8490
validation: 0.6743, 0.7878
epoch:89/100
****************************************************************************************************
training: 0.5126, 0.8230
validation: 0.7435, 0.7644
epoch:90/100
****************************************************************************************************
training: 0.4593, 0.8460
validation: 0.9192, 0.7107
epoch:91/100
****************************************************************************************************
training: 0.4137, 0.8590
validation: 0.6985, 0.7800
epoch:92/100
****************************************************************************************************
training: 0.4260, 0.8470
validation: 0.6991, 0.7798
epoch:93/100
****************************************************************************************************
training: 0.4036, 0.8610
validation: 0.7017, 0.7911
epoch:94/100
****************************************************************************************************
training: 0.4309, 0.8590
validation: 0.8244, 0.7319
epoch:95/100
****************************************************************************************************
training: 0.4920, 0.8210
validation: 0.7298, 0.7756
epoch:96/100
****************************************************************************************************
training: 0.4167, 0.8570
validation: 0.6665, 0.7906
epoch:97/100
****************************************************************************************************
training: 0.4323, 0.8420
validation: 0.7003, 0.7681
epoch:98/100
****************************************************************************************************
training: 0.4071, 0.8610
validation: 0.6361, 0.7969
epoch:99/100
****************************************************************************************************
training: 0.4433, 0.8420
validation: 0.6486, 0.7943
