epoch:0/300
****************************************************************************************************
training: 1.9571, 0.2730
validation: 898.7202, 0.1124
epoch:1/300
****************************************************************************************************
training: 1.6387, 0.4050
validation: 70.0280, 0.1619
epoch:2/300
****************************************************************************************************
training: 1.4116, 0.5010
validation: 15.8170, 0.2457
epoch:3/300
****************************************************************************************************
training: 1.3446, 0.5120
validation: 2.3279, 0.4081
epoch:4/300
****************************************************************************************************
training: 1.3443, 0.5360
validation: 1.5227, 0.4791
epoch:5/300
****************************************************************************************************
training: 1.2669, 0.5490
validation: 1.2185, 0.5915
epoch:6/300
****************************************************************************************************
training: 1.2137, 0.5720
validation: 1.7372, 0.4196
epoch:7/300
****************************************************************************************************
training: 1.2964, 0.5520
validation: 1.6658, 0.4789
epoch:8/300
****************************************************************************************************
training: 1.1763, 0.6040
validation: 1.2927, 0.5243
epoch:9/300
****************************************************************************************************
training: 1.1312, 0.6150
validation: 1.2331, 0.5991
epoch:10/300
****************************************************************************************************
training: 1.1210, 0.5990
validation: 1.3783, 0.5398
epoch:11/300
****************************************************************************************************
training: 1.1259, 0.5970
validation: 1.2423, 0.5789
epoch:12/300
****************************************************************************************************
training: 1.0899, 0.6200
validation: 1.2955, 0.5435
epoch:13/300
****************************************************************************************************
training: 1.1095, 0.6070
validation: 1.0454, 0.6443
epoch:14/300
****************************************************************************************************
training: 1.0426, 0.6320
validation: 1.2018, 0.5894
epoch:15/300
****************************************************************************************************
training: 1.0314, 0.6520
validation: 1.8348, 0.5413
epoch:16/300
****************************************************************************************************
training: 1.0005, 0.6520
validation: 1.4399, 0.5300
epoch:17/300
****************************************************************************************************
training: 1.0067, 0.6530
validation: 1.2579, 0.5859
epoch:18/300
****************************************************************************************************
training: 1.0324, 0.6400
validation: 1.1402, 0.6241
epoch:19/300
****************************************************************************************************
training: 0.9366, 0.6710
validation: 1.1088, 0.6293
epoch:20/300
****************************************************************************************************
training: 0.9814, 0.6600
validation: 1.3773, 0.5869
epoch:21/300
****************************************************************************************************
training: 0.9181, 0.6880
validation: 1.1020, 0.6470
epoch:22/300
****************************************************************************************************
training: 0.8856, 0.7030
validation: 1.1317, 0.6254
epoch:23/300
****************************************************************************************************
training: 0.8485, 0.6930
validation: 1.0298, 0.6365
epoch:24/300
****************************************************************************************************
training: 0.8564, 0.7120
validation: 1.1242, 0.6713
epoch:25/300
****************************************************************************************************
training: 0.8981, 0.6870
validation: 1.0927, 0.6687
epoch:26/300
****************************************************************************************************
training: 0.8703, 0.7070
validation: 1.4316, 0.5756
epoch:27/300
****************************************************************************************************
training: 0.8983, 0.6670
validation: 0.9389, 0.6476
epoch:28/300
****************************************************************************************************
training: 0.8569, 0.6980
validation: 1.5014, 0.6148
epoch:29/300
****************************************************************************************************
training: 0.7475, 0.7480
validation: 0.9290, 0.6924
epoch:30/300
****************************************************************************************************
training: 0.7639, 0.7460
validation: 1.2261, 0.6291
epoch:31/300
****************************************************************************************************
training: 0.7906, 0.7380
validation: 1.0292, 0.6570
epoch:32/300
****************************************************************************************************
training: 0.7947, 0.7350
validation: 0.9488, 0.7002
epoch:33/300
****************************************************************************************************
training: 0.7759, 0.7190
validation: 1.0906, 0.6585
epoch:34/300
****************************************************************************************************
training: 0.6894, 0.7700
validation: 0.8401, 0.7056
epoch:35/300
****************************************************************************************************
training: 0.7584, 0.7340
validation: 1.2942, 0.6126
epoch:36/300
****************************************************************************************************
training: 0.7390, 0.7460
validation: 1.5244, 0.5822
epoch:37/300
****************************************************************************************************
training: 0.7312, 0.7580
validation: 1.0386, 0.6598
epoch:38/300
****************************************************************************************************
training: 0.6756, 0.7710
validation: 1.1249, 0.6417
epoch:39/300
****************************************************************************************************
training: 0.7075, 0.7610
validation: 1.1068, 0.6411
epoch:40/300
****************************************************************************************************
training: 0.6570, 0.7830
validation: 0.7957, 0.7569
epoch:41/300
****************************************************************************************************
training: 0.6504, 0.7790
validation: 0.7388, 0.7694
epoch:42/300
****************************************************************************************************
training: 0.6162, 0.7820
validation: 0.8551, 0.7372
epoch:43/300
****************************************************************************************************
training: 0.6496, 0.7720
validation: 0.8914, 0.6743
epoch:44/300
****************************************************************************************************
training: 0.6890, 0.7580
validation: 0.8115, 0.7528
epoch:45/300
****************************************************************************************************
training: 0.6759, 0.7700
validation: 1.0884, 0.6709
epoch:46/300
****************************************************************************************************
training: 0.6666, 0.7730
validation: 0.8781, 0.6956
epoch:47/300
****************************************************************************************************
training: 0.6514, 0.7830
validation: 0.9902, 0.6881
epoch:48/300
****************************************************************************************************
training: 0.6388, 0.7840
validation: 1.4071, 0.6165
epoch:49/300
****************************************************************************************************
training: 0.6621, 0.7690
validation: 0.7668, 0.7491
epoch:50/300
****************************************************************************************************
training: 0.5503, 0.8280
validation: 0.8829, 0.6957
epoch:51/300
****************************************************************************************************
training: 0.6187, 0.7940
validation: 0.7771, 0.7411
epoch:52/300
****************************************************************************************************
training: 0.5818, 0.7990
validation: 0.7650, 0.7381
epoch:53/300
****************************************************************************************************
training: 0.5866, 0.8090
validation: 1.1641, 0.6533
epoch:54/300
****************************************************************************************************
training: 0.5847, 0.7980
validation: 1.3486, 0.5898
epoch:55/300
****************************************************************************************************
training: 0.6278, 0.7820
validation: 0.7473, 0.7581
epoch:56/300
****************************************************************************************************
training: 0.5570, 0.8010
validation: 1.1043, 0.6652
epoch:57/300
****************************************************************************************************
training: 0.5663, 0.7970
validation: 1.2791, 0.6696
epoch:58/300
****************************************************************************************************
training: 0.5996, 0.7940
validation: 0.8525, 0.7293
epoch:59/300
****************************************************************************************************
training: 0.5510, 0.8120
validation: 0.7788, 0.7478
epoch:60/300
****************************************************************************************************
training: 0.4862, 0.8340
validation: 0.7039, 0.7683
epoch:61/300
****************************************************************************************************
training: 0.4804, 0.8390
validation: 0.6109, 0.7980
epoch:62/300
****************************************************************************************************
training: 0.5412, 0.8200
validation: 1.3589, 0.5867
epoch:63/300
****************************************************************************************************
training: 0.5918, 0.8000
validation: 1.0312, 0.6826
epoch:64/300
****************************************************************************************************
training: 0.5821, 0.8070
validation: 0.7359, 0.7563
epoch:65/300
****************************************************************************************************
training: 0.5847, 0.7970
validation: 0.9484, 0.7046
epoch:66/300
****************************************************************************************************
training: 0.5421, 0.8020
validation: 0.8224, 0.7522
epoch:67/300
****************************************************************************************************
training: 0.4640, 0.8390
validation: 1.1999, 0.6969
epoch:68/300
****************************************************************************************************
training: 0.5356, 0.8180
validation: 0.6539, 0.7904
epoch:69/300
****************************************************************************************************
training: 0.5008, 0.8350
validation: 0.9310, 0.7624
epoch:70/300
****************************************************************************************************
training: 0.4538, 0.8360
validation: 0.6663, 0.7869
epoch:71/300
****************************************************************************************************
training: 0.4596, 0.8480
validation: 0.6632, 0.7720
epoch:72/300
****************************************************************************************************
training: 0.4562, 0.8450
validation: 0.7393, 0.7741
epoch:73/300
****************************************************************************************************
training: 0.4680, 0.8380
validation: 1.1872, 0.6520
epoch:74/300
****************************************************************************************************
training: 0.5323, 0.8330
validation: 1.3396, 0.6328
epoch:75/300
****************************************************************************************************
training: 0.4996, 0.8260
validation: 0.8775, 0.7326
epoch:76/300
****************************************************************************************************
training: 0.4619, 0.8350
validation: 0.9938, 0.7219
epoch:77/300
****************************************************************************************************
training: 0.5046, 0.8300
validation: 0.7807, 0.7561
epoch:78/300
****************************************************************************************************
training: 0.4827, 0.8380
validation: 0.7052, 0.7819
epoch:79/300
****************************************************************************************************
training: 0.4549, 0.8390
validation: 0.6912, 0.7961
epoch:80/300
****************************************************************************************************
training: 0.4767, 0.8400
validation: 0.6657, 0.7852
epoch:81/300
****************************************************************************************************
training: 0.4767, 0.8310
validation: 0.5503, 0.8306
epoch:82/300
****************************************************************************************************
training: 0.3977, 0.8650
validation: 0.5724, 0.8202
epoch:83/300
****************************************************************************************************
training: 0.4493, 0.8560
validation: 0.7576, 0.7554
epoch:84/300
****************************************************************************************************
training: 0.4045, 0.8630
validation: 0.7698, 0.7763
epoch:85/300
****************************************************************************************************
training: 0.4439, 0.8530
validation: 0.8641, 0.7563
epoch:86/300
****************************************************************************************************
training: 0.4145, 0.8620
validation: 0.6428, 0.8043
epoch:87/300
****************************************************************************************************
training: 0.3853, 0.8640
validation: 0.6640, 0.8070
epoch:88/300
****************************************************************************************************
training: 0.3773, 0.8760
validation: 1.0051, 0.7254
epoch:89/300
****************************************************************************************************
training: 0.4022, 0.8620
validation: 0.7344, 0.7813
epoch:90/300
****************************************************************************************************
training: 0.3810, 0.8680
validation: 0.6586, 0.7976
epoch:91/300
****************************************************************************************************
training: 0.4129, 0.8630
validation: 1.0127, 0.6902
epoch:92/300
****************************************************************************************************
training: 0.3979, 0.8650
validation: 0.6244, 0.8109
epoch:93/300
****************************************************************************************************
training: 0.3976, 0.8780
validation: 0.7365, 0.7839
epoch:94/300
****************************************************************************************************
training: 0.4279, 0.8610
validation: 0.7151, 0.7965
epoch:95/300
****************************************************************************************************
training: 0.4506, 0.8540
validation: 0.7502, 0.7720
epoch:96/300
****************************************************************************************************
training: 0.4592, 0.8460
validation: 0.8187, 0.7654
epoch:97/300
****************************************************************************************************
training: 0.4115, 0.8510
validation: 0.6734, 0.7900
epoch:98/300
****************************************************************************************************
training: 0.3978, 0.8800
validation: 1.0314, 0.7015
epoch:99/300
****************************************************************************************************
training: 0.4233, 0.8550
validation: 0.8960, 0.7369
epoch:100/300
****************************************************************************************************
training: 0.3389, 0.8890
validation: 0.5646, 0.8219
epoch:101/300
****************************************************************************************************
training: 0.3343, 0.8810
validation: 0.5152, 0.8341
epoch:102/300
****************************************************************************************************
training: 0.2910, 0.9000
validation: 0.4936, 0.8469
epoch:103/300
****************************************************************************************************
training: 0.3182, 0.8860
validation: 0.4769, 0.8489
epoch:104/300
****************************************************************************************************
training: 0.3023, 0.9090
validation: 0.4701, 0.8519
epoch:105/300
****************************************************************************************************
training: 0.2753, 0.9050
validation: 0.4522, 0.8580
epoch:106/300
****************************************************************************************************
training: 0.2687, 0.9100
validation: 0.4509, 0.8565
epoch:107/300
****************************************************************************************************
training: 0.2287, 0.9320
validation: 0.4602, 0.8557
epoch:108/300
****************************************************************************************************
training: 0.2854, 0.9050
validation: 0.4574, 0.8559
epoch:109/300
****************************************************************************************************
training: 0.2699, 0.9120
validation: 0.4776, 0.8519
epoch:110/300
****************************************************************************************************
training: 0.2545, 0.9270
validation: 0.4767, 0.8502
epoch:111/300
****************************************************************************************************
training: 0.2507, 0.9310
validation: 0.4634, 0.8569
epoch:112/300
****************************************************************************************************
training: 0.2343, 0.9250
validation: 0.4673, 0.8541
epoch:113/300
****************************************************************************************************
training: 0.2832, 0.9090
validation: 0.4642, 0.8594
epoch:114/300
****************************************************************************************************
training: 0.2153, 0.9280
validation: 0.4775, 0.8530
epoch:115/300
****************************************************************************************************
training: 0.2392, 0.9280
validation: 0.4965, 0.8498
epoch:116/300
****************************************************************************************************
training: 0.2522, 0.9170
validation: 0.4925, 0.8520
epoch:117/300
****************************************************************************************************
training: 0.2112, 0.9380
validation: 0.4658, 0.8589
epoch:118/300
****************************************************************************************************
training: 0.2579, 0.9190
validation: 0.4588, 0.8572
epoch:119/300
****************************************************************************************************
training: 0.2312, 0.9300
validation: 0.4651, 0.8557
epoch:120/300
****************************************************************************************************
training: 0.2567, 0.9180
validation: 0.4580, 0.8593
epoch:121/300
****************************************************************************************************
training: 0.2009, 0.9350
validation: 0.4746, 0.8576
epoch:122/300
****************************************************************************************************
training: 0.2664, 0.9080
validation: 0.4668, 0.8591
epoch:123/300
****************************************************************************************************
training: 0.2296, 0.9320
validation: 0.4776, 0.8522
epoch:124/300
****************************************************************************************************
training: 0.2489, 0.9260
validation: 0.4826, 0.8507
epoch:125/300
****************************************************************************************************
training: 0.2030, 0.9370
validation: 0.4979, 0.8489
epoch:126/300
****************************************************************************************************
training: 0.2277, 0.9260
validation: 0.5003, 0.8489
epoch:127/300
****************************************************************************************************
training: 0.2152, 0.9250
validation: 0.4919, 0.8531
epoch:128/300
****************************************************************************************************
training: 0.1994, 0.9340
validation: 0.5262, 0.8420
epoch:129/300
****************************************************************************************************
training: 0.2112, 0.9290
validation: 0.4857, 0.8522
epoch:130/300
****************************************************************************************************
training: 0.2363, 0.9240
validation: 0.4749, 0.8576
epoch:131/300
****************************************************************************************************
training: 0.2083, 0.9340
validation: 0.4857, 0.8511
epoch:132/300
****************************************************************************************************
training: 0.1930, 0.9440
validation: 0.4695, 0.8580
epoch:133/300
****************************************************************************************************
training: 0.2278, 0.9270
validation: 0.4805, 0.8546
epoch:134/300
****************************************************************************************************
training: 0.2155, 0.9300
validation: 0.4755, 0.8585
epoch:135/300
****************************************************************************************************
training: 0.2031, 0.9370
validation: 0.4854, 0.8504
epoch:136/300
****************************************************************************************************
training: 0.2277, 0.9200
validation: 0.4869, 0.8541
epoch:137/300
****************************************************************************************************
training: 0.2202, 0.9330
validation: 0.4877, 0.8539
epoch:138/300
****************************************************************************************************
training: 0.2377, 0.9260
validation: 0.4746, 0.8570
epoch:139/300
****************************************************************************************************
training: 0.2275, 0.9320
validation: 0.4849, 0.8535
epoch:140/300
****************************************************************************************************
training: 0.2161, 0.9370
validation: 0.4999, 0.8470
epoch:141/300
****************************************************************************************************
training: 0.2322, 0.9260
validation: 0.4759, 0.8546
epoch:142/300
****************************************************************************************************
training: 0.2118, 0.9380
validation: 0.4944, 0.8535
epoch:143/300
****************************************************************************************************
training: 0.2004, 0.9330
validation: 0.4916, 0.8506
epoch:144/300
****************************************************************************************************
training: 0.2371, 0.9270
validation: 0.4857, 0.8535
epoch:145/300
****************************************************************************************************
training: 0.1915, 0.9370
validation: 0.4882, 0.8528
epoch:146/300
****************************************************************************************************
training: 0.1963, 0.9460
validation: 0.4911, 0.8526
epoch:147/300
****************************************************************************************************
training: 0.2123, 0.9400
validation: 0.5158, 0.8437
epoch:148/300
****************************************************************************************************
training: 0.1917, 0.9360
validation: 0.4967, 0.8544
epoch:149/300
****************************************************************************************************
training: 0.2004, 0.9350
validation: 0.5011, 0.8550
epoch:150/300
****************************************************************************************************
training: 0.1922, 0.9410
validation: 0.4960, 0.8552
epoch:151/300
****************************************************************************************************
training: 0.1970, 0.9440
validation: 0.4984, 0.8546
epoch:152/300
****************************************************************************************************
training: 0.1905, 0.9350
validation: 0.5035, 0.8515
epoch:153/300
****************************************************************************************************
training: 0.1929, 0.9340
validation: 0.4992, 0.8526
epoch:154/300
****************************************************************************************************
training: 0.1960, 0.9410
validation: 0.4930, 0.8554
epoch:155/300
****************************************************************************************************
training: 0.2114, 0.9330
validation: 0.4916, 0.8569
epoch:156/300
****************************************************************************************************
training: 0.1831, 0.9500
validation: 0.4986, 0.8520
epoch:157/300
****************************************************************************************************
training: 0.2050, 0.9380
validation: 0.4920, 0.8569
epoch:158/300
****************************************************************************************************
training: 0.1995, 0.9370
validation: 0.4915, 0.8561
epoch:159/300
****************************************************************************************************
training: 0.1711, 0.9480
validation: 0.4943, 0.8556
epoch:160/300
****************************************************************************************************
training: 0.2001, 0.9300
validation: 0.4963, 0.8570
epoch:161/300
****************************************************************************************************
training: 0.2150, 0.9380
validation: 0.4894, 0.8589
epoch:162/300
****************************************************************************************************
training: 0.1734, 0.9430
validation: 0.4900, 0.8556
epoch:163/300
****************************************************************************************************
training: 0.1936, 0.9420
validation: 0.5009, 0.8539
epoch:164/300
****************************************************************************************************
training: 0.2196, 0.9260
validation: 0.4879, 0.8561
epoch:165/300
****************************************************************************************************
training: 0.1829, 0.9420
validation: 0.4876, 0.8552
epoch:166/300
****************************************************************************************************
training: 0.1705, 0.9470
validation: 0.4880, 0.8556
epoch:167/300
****************************************************************************************************
training: 0.2177, 0.9280
validation: 0.4827, 0.8600
epoch:168/300
****************************************************************************************************
training: 0.1729, 0.9450
validation: 0.4848, 0.8587
epoch:169/300
****************************************************************************************************
training: 0.1833, 0.9450
validation: 0.4805, 0.8581
epoch:170/300
****************************************************************************************************
training: 0.1704, 0.9440
validation: 0.4814, 0.8594
epoch:171/300
****************************************************************************************************
training: 0.1921, 0.9430
validation: 0.4918, 0.8552
epoch:172/300
****************************************************************************************************
training: 0.2116, 0.9400
validation: 0.4963, 0.8557
epoch:173/300
****************************************************************************************************
training: 0.1843, 0.9420
validation: 0.4947, 0.8565
epoch:174/300
****************************************************************************************************
training: 0.1760, 0.9570
validation: 0.4997, 0.8546
epoch:175/300
****************************************************************************************************
training: 0.2099, 0.9390
validation: 0.4990, 0.8570
epoch:176/300
****************************************************************************************************
training: 0.2084, 0.9420
validation: 0.4894, 0.8580
epoch:177/300
****************************************************************************************************
training: 0.1920, 0.9400
validation: 0.4812, 0.8609
epoch:178/300
****************************************************************************************************
training: 0.1802, 0.9470
validation: 0.4958, 0.8554
epoch:179/300
****************************************************************************************************
training: 0.2159, 0.9350
validation: 0.4897, 0.8567
epoch:180/300
****************************************************************************************************
training: 0.1780, 0.9410
validation: 0.4939, 0.8574
epoch:181/300
****************************************************************************************************
training: 0.2022, 0.9400
validation: 0.4921, 0.8574
epoch:182/300
****************************************************************************************************
training: 0.1789, 0.9490
validation: 0.4925, 0.8563
epoch:183/300
****************************************************************************************************
training: 0.1591, 0.9570
validation: 0.4795, 0.8598
epoch:184/300
****************************************************************************************************
training: 0.1789, 0.9410
validation: 0.4874, 0.8594
epoch:185/300
****************************************************************************************************
training: 0.1742, 0.9400
validation: 0.4907, 0.8570
epoch:186/300
****************************************************************************************************
training: 0.2033, 0.9320
validation: 0.4915, 0.8552
epoch:187/300
****************************************************************************************************
training: 0.2205, 0.9260
validation: 0.4776, 0.8602
epoch:188/300
****************************************************************************************************
training: 0.2032, 0.9380
validation: 0.4817, 0.8580
epoch:189/300
****************************************************************************************************
training: 0.1954, 0.9350
validation: 0.4885, 0.8574
epoch:190/300
****************************************************************************************************
training: 0.1776, 0.9410
validation: 0.4819, 0.8587
epoch:191/300
****************************************************************************************************
training: 0.1935, 0.9420
validation: 0.4913, 0.8565
epoch:192/300
****************************************************************************************************
training: 0.2143, 0.9290
validation: 0.4801, 0.8587
epoch:193/300
****************************************************************************************************
training: 0.1820, 0.9400
validation: 0.4767, 0.8600
epoch:194/300
****************************************************************************************************
training: 0.1978, 0.9430
validation: 0.4745, 0.8600
epoch:195/300
****************************************************************************************************
training: 0.1680, 0.9580
validation: 0.4689, 0.8628
epoch:196/300
****************************************************************************************************
training: 0.1831, 0.9370
validation: 0.4755, 0.8606
epoch:197/300
****************************************************************************************************
training: 0.1924, 0.9440
validation: 0.4746, 0.8617
epoch:198/300
****************************************************************************************************
training: 0.2068, 0.9380
validation: 0.4838, 0.8587
epoch:199/300
****************************************************************************************************
training: 0.1540, 0.9570
validation: 0.4815, 0.8581
epoch:200/300
****************************************************************************************************
training: 0.1578, 0.9490
validation: 0.4768, 0.8598
epoch:201/300
****************************************************************************************************
training: 0.2134, 0.9280
validation: 0.4773, 0.8615
epoch:202/300
****************************************************************************************************
training: 0.2059, 0.9500
validation: 0.4945, 0.8565
epoch:203/300
****************************************************************************************************
training: 0.1857, 0.9410
validation: 0.4805, 0.8615
epoch:204/300
****************************************************************************************************
training: 0.1624, 0.9540
validation: 0.4767, 0.8624
epoch:205/300
****************************************************************************************************
training: 0.1991, 0.9340
validation: 0.4799, 0.8609
epoch:206/300
****************************************************************************************************
training: 0.1611, 0.9460
validation: 0.4829, 0.8591
epoch:207/300
****************************************************************************************************
training: 0.2172, 0.9260
validation: 0.4724, 0.8613
epoch:208/300
****************************************************************************************************
training: 0.2056, 0.9310
validation: 0.4771, 0.8619
epoch:209/300
****************************************************************************************************
training: 0.1731, 0.9430
validation: 0.4754, 0.8613
epoch:210/300
****************************************************************************************************
training: 0.1731, 0.9450
validation: 0.4762, 0.8626
epoch:211/300
****************************************************************************************************
training: 0.2171, 0.9330
validation: 0.4796, 0.8598
epoch:212/300
****************************************************************************************************
training: 0.1800, 0.9430
validation: 0.4821, 0.8569
epoch:213/300
****************************************************************************************************
training: 0.1975, 0.9390
validation: 0.4834, 0.8598
epoch:214/300
****************************************************************************************************
training: 0.1798, 0.9440
validation: 0.4822, 0.8602
epoch:215/300
****************************************************************************************************
training: 0.2030, 0.9330
validation: 0.4813, 0.8600
epoch:216/300
****************************************************************************************************
training: 0.1835, 0.9390
validation: 0.4843, 0.8589
epoch:217/300
****************************************************************************************************
training: 0.2010, 0.9310
validation: 0.4841, 0.8580
epoch:218/300
****************************************************************************************************
training: 0.2111, 0.9330
validation: 0.4881, 0.8541
epoch:219/300
****************************************************************************************************
training: 0.1637, 0.9460
validation: 0.4816, 0.8609
epoch:220/300
****************************************************************************************************
training: 0.1659, 0.9430
validation: 0.4852, 0.8602
epoch:221/300
****************************************************************************************************
training: 0.1815, 0.9410
validation: 0.4893, 0.8574
epoch:222/300
****************************************************************************************************
training: 0.1932, 0.9410
validation: 0.4949, 0.8559
epoch:223/300
****************************************************************************************************
training: 0.1913, 0.9340
validation: 0.4811, 0.8609
epoch:224/300
****************************************************************************************************
training: 0.1720, 0.9490
validation: 0.4774, 0.8604
epoch:225/300
****************************************************************************************************
training: 0.1872, 0.9340
validation: 0.4786, 0.8583
epoch:226/300
****************************************************************************************************
training: 0.2020, 0.9330
validation: 0.4747, 0.8615
epoch:227/300
****************************************************************************************************
training: 0.1984, 0.9420
validation: 0.4704, 0.8644
epoch:228/300
****************************************************************************************************
training: 0.1840, 0.9430
validation: 0.4713, 0.8611
epoch:229/300
****************************************************************************************************
training: 0.1628, 0.9550
validation: 0.4788, 0.8611
epoch:230/300
****************************************************************************************************
training: 0.1678, 0.9490
validation: 0.4747, 0.8606
epoch:231/300
****************************************************************************************************
training: 0.2022, 0.9340
validation: 0.4783, 0.8576
epoch:232/300
****************************************************************************************************
training: 0.1884, 0.9390
validation: 0.4813, 0.8600
epoch:233/300
****************************************************************************************************
training: 0.1923, 0.9370
validation: 0.4868, 0.8587
epoch:234/300
****************************************************************************************************
training: 0.1728, 0.9460
validation: 0.4813, 0.8589
epoch:235/300
****************************************************************************************************
training: 0.1977, 0.9410
validation: 0.4823, 0.8606
epoch:236/300
****************************************************************************************************
training: 0.1772, 0.9510
validation: 0.4844, 0.8570
epoch:237/300
****************************************************************************************************
training: 0.1789, 0.9440
validation: 0.4843, 0.8563
epoch:238/300
****************************************************************************************************
training: 0.1418, 0.9580
validation: 0.4768, 0.8602
epoch:239/300
****************************************************************************************************
training: 0.1982, 0.9400
validation: 0.4857, 0.8591
epoch:240/300
****************************************************************************************************
training: 0.1975, 0.9390
validation: 0.4896, 0.8576
epoch:241/300
****************************************************************************************************
training: 0.1894, 0.9320
validation: 0.4889, 0.8600
epoch:242/300
****************************************************************************************************
training: 0.1758, 0.9460
validation: 0.4917, 0.8576
epoch:243/300
****************************************************************************************************
training: 0.2235, 0.9290
validation: 0.4893, 0.8598
epoch:244/300
****************************************************************************************************
training: 0.1758, 0.9480
validation: 0.4834, 0.8604
epoch:245/300
****************************************************************************************************
training: 0.2143, 0.9280
validation: 0.4868, 0.8591
epoch:246/300
****************************************************************************************************
training: 0.1668, 0.9530
validation: 0.4816, 0.8585
epoch:247/300
****************************************************************************************************
training: 0.1853, 0.9450
validation: 0.4830, 0.8576
epoch:248/300
****************************************************************************************************
training: 0.2156, 0.9360
validation: 0.4819, 0.8587
epoch:249/300
****************************************************************************************************
training: 0.1735, 0.9420
validation: 0.4770, 0.8600
epoch:250/300
****************************************************************************************************
training: 0.1952, 0.9400
validation: 0.4815, 0.8600
epoch:251/300
****************************************************************************************************
