nohup: ignoring input
epoch:0/200
****************************************************************************************************
0.001
training: 1.9540, 0.3370
validation: 2.0073, 0.2835
epoch:1/200
****************************************************************************************************
0.0009755282581475768
training: 1.4161, 0.4980
validation: 2.3516, 0.3969
epoch:2/200
****************************************************************************************************
0.0009045084971874737
training: 1.3177, 0.5500
validation: 1.9487, 0.4926
epoch:3/200
****************************************************************************************************
0.0007938926261462366
training: 1.2741, 0.5560
validation: 1.6814, 0.4796
epoch:4/200
****************************************************************************************************
0.0006545084971874737
training: 1.2147, 0.5970
validation: 1.6690, 0.4933
epoch:5/200
****************************************************************************************************
0.0005
training: 1.0942, 0.6390
validation: 1.0565, 0.6543
epoch:6/200
****************************************************************************************************
0.00034549150281252633
training: 0.9748, 0.6720
validation: 0.9467, 0.6722
epoch:7/200
****************************************************************************************************
0.00020610737385376348
training: 0.9206, 0.6800
validation: 0.9179, 0.6787
epoch:8/200
****************************************************************************************************
9.549150281252633e-05
training: 0.8582, 0.7020
validation: 0.8349, 0.7189
epoch:9/200
****************************************************************************************************
2.4471741852423235e-05
training: 0.8170, 0.7080
validation: 0.8224, 0.7204
epoch:10/200
****************************************************************************************************
0.001
training: 1.1354, 0.6110
validation: 2.7857, 0.4337
epoch:11/200
****************************************************************************************************
0.0009938441702975688
training: 1.1474, 0.5940
validation: 1.4507, 0.5487
epoch:12/200
****************************************************************************************************
0.0009755282581475768
training: 1.0696, 0.6380
validation: 2.3418, 0.4067
epoch:13/200
****************************************************************************************************
0.0009455032620941839
training: 1.0836, 0.6290
validation: 3.4832, 0.4380
epoch:14/200
****************************************************************************************************
0.0009045084971874737
training: 1.1059, 0.6030
validation: 1.2366, 0.6322
epoch:15/200
****************************************************************************************************
0.0008535533905932737
training: 0.9715, 0.6630
validation: 1.4762, 0.5489
epoch:16/200
****************************************************************************************************
0.0007938926261462366
training: 0.9225, 0.6770
validation: 1.2732, 0.5609
epoch:17/200
****************************************************************************************************
0.0007269952498697733
training: 0.8661, 0.7010
validation: 1.0164, 0.7004
epoch:18/200
****************************************************************************************************
0.0006545084971874737
training: 0.8649, 0.6980
validation: 1.1061, 0.6580
epoch:19/200
****************************************************************************************************
0.0005782172325201155
training: 0.8523, 0.7110
validation: 0.8713, 0.7061
epoch:20/200
****************************************************************************************************
0.0005
training: 0.7391, 0.7270
validation: 0.8987, 0.6970
epoch:21/200
****************************************************************************************************
0.0004217827674798847
training: 0.7172, 0.7460
validation: 0.9683, 0.6756
epoch:22/200
****************************************************************************************************
0.00034549150281252633
training: 0.6876, 0.7640
validation: 0.8056, 0.7306
epoch:23/200
****************************************************************************************************
0.00027300475013022663
training: 0.6281, 0.7690
validation: 0.7506, 0.7578
epoch:24/200
****************************************************************************************************
0.00020610737385376348
training: 0.6774, 0.7620
validation: 0.6717, 0.7806
epoch:25/200
****************************************************************************************************
0.00014644660940672628
training: 0.5791, 0.7880
validation: 0.6488, 0.7859
epoch:26/200
****************************************************************************************************
9.549150281252633e-05
training: 0.5316, 0.8220
validation: 0.6231, 0.7941
epoch:27/200
****************************************************************************************************
5.449673790581611e-05
training: 0.5148, 0.8160
validation: 0.6177, 0.7980
epoch:28/200
****************************************************************************************************
2.4471741852423235e-05
training: 0.5157, 0.8150
validation: 0.6252, 0.7961
epoch:29/200
****************************************************************************************************
6.15582970243117e-06
training: 0.5206, 0.8170
validation: 0.6200, 0.7994
epoch:30/200
****************************************************************************************************
0.001
training: 0.8191, 0.7310
validation: 3.2751, 0.5300
epoch:31/200
****************************************************************************************************
0.000998458666866564
training: 0.8996, 0.6840
validation: 2.0931, 0.5726
epoch:32/200
****************************************************************************************************
0.0009938441702975688
training: 0.9252, 0.6790
validation: 0.9419, 0.6970
epoch:33/200
****************************************************************************************************
0.0009861849601988384
training: 0.8840, 0.6960
validation: 1.1379, 0.6511
epoch:34/200
****************************************************************************************************
0.0009755282581475768
training: 0.8423, 0.6940
validation: 1.0971, 0.6135
epoch:35/200
****************************************************************************************************
0.0009619397662556434
training: 0.8183, 0.7140
validation: 1.0299, 0.6741
epoch:36/200
****************************************************************************************************
0.0009455032620941839
training: 0.8000, 0.7370
validation: 0.9082, 0.7150
epoch:37/200
****************************************************************************************************
0.0009263200821770461
training: 0.6942, 0.7630
validation: 0.8416, 0.7217
epoch:38/200
****************************************************************************************************
0.0009045084971874737
training: 0.6688, 0.7940
validation: 0.9314, 0.6731
epoch:39/200
****************************************************************************************************
0.0008802029828000156
training: 0.6228, 0.7830
validation: 1.1606, 0.6589
epoch:40/200
****************************************************************************************************
0.0008535533905932737
training: 0.7169, 0.7400
validation: 1.4042, 0.6511
epoch:41/200
****************************************************************************************************
0.000824724024165092
training: 0.6970, 0.7290
validation: 0.7146, 0.7776
epoch:42/200
****************************************************************************************************
0.0007938926261462366
training: 0.6696, 0.7740
validation: 0.7535, 0.7565
epoch:43/200
****************************************************************************************************
0.0007612492823579744
training: 0.5548, 0.8090
validation: 0.8024, 0.7543
epoch:44/200
****************************************************************************************************
0.0007269952498697733
training: 0.6151, 0.7930
validation: 1.0609, 0.6874
epoch:45/200
****************************************************************************************************
0.000691341716182545
training: 0.5434, 0.8170
validation: 0.6730, 0.7950
epoch:46/200
****************************************************************************************************
0.0006545084971874737
training: 0.5655, 0.8000
validation: 0.6386, 0.7989
epoch:47/200
****************************************************************************************************
0.0006167226819279528
training: 0.5106, 0.8150
validation: 0.6035, 0.8037
epoch:48/200
****************************************************************************************************
0.0005782172325201155
training: 0.5017, 0.8280
validation: 1.0479, 0.6615
epoch:49/200
****************************************************************************************************
0.0005392295478639225
training: 0.5080, 0.8290
validation: 0.5692, 0.8230
epoch:50/200
****************************************************************************************************
0.0005
training: 0.4817, 0.8370
validation: 0.5496, 0.8219
epoch:51/200
****************************************************************************************************
0.0004607704521360776
training: 0.5034, 0.8310
validation: 0.7654, 0.7531
epoch:52/200
****************************************************************************************************
0.0004217827674798847
training: 0.4303, 0.8700
validation: 0.5451, 0.8293
epoch:53/200
****************************************************************************************************
0.00038327731807204733
training: 0.4127, 0.8600
validation: 0.5166, 0.8256
epoch:54/200
****************************************************************************************************
0.00034549150281252633
training: 0.4027, 0.8500
validation: 0.4889, 0.8513
epoch:55/200
****************************************************************************************************
0.0003086582838174551
training: 0.4018, 0.8600
validation: 0.5010, 0.8476
epoch:56/200
****************************************************************************************************
0.00027300475013022663
training: 0.3506, 0.8700
validation: 0.4875, 0.8509
epoch:57/200
****************************************************************************************************
0.00023875071764202561
training: 0.3567, 0.8790
validation: 0.5276, 0.8346
epoch:58/200
****************************************************************************************************
0.00020610737385376348
training: 0.3371, 0.8880
validation: 0.4851, 0.8541
epoch:59/200
****************************************************************************************************
0.00017527597583490823
training: 0.3676, 0.8720
validation: 0.4888, 0.8493
epoch:60/200
****************************************************************************************************
0.00014644660940672628
training: 0.3236, 0.8970
validation: 0.5292, 0.8415
epoch:61/200
****************************************************************************************************
0.00011979701719998454
training: 0.3045, 0.8870
validation: 0.4939, 0.8437
epoch:62/200
****************************************************************************************************
9.549150281252633e-05
training: 0.3267, 0.8870
validation: 0.4838, 0.8531
epoch:63/200
****************************************************************************************************
7.367991782295391e-05
training: 0.3081, 0.9070
validation: 0.4735, 0.8569
epoch:64/200
****************************************************************************************************
5.449673790581611e-05
training: 0.2803, 0.8970
validation: 0.4624, 0.8624
epoch:65/200
****************************************************************************************************
3.806023374435663e-05
training: 0.2747, 0.9080
validation: 0.4704, 0.8606
epoch:66/200
****************************************************************************************************
2.4471741852423235e-05
training: 0.2488, 0.9140
validation: 0.4707, 0.8617
epoch:67/200
****************************************************************************************************
1.3815039801161721e-05
training: 0.2784, 0.9030
validation: 0.4770, 0.8565
epoch:68/200
****************************************************************************************************
6.15582970243117e-06
training: 0.3203, 0.8920
validation: 0.4660, 0.8635
epoch:69/200
****************************************************************************************************
1.541333133436018e-06
training: 0.2811, 0.9000
validation: 0.4775, 0.8606
epoch:70/200
****************************************************************************************************
0.001
training: 0.4688, 0.8480
validation: 1.5296, 0.6061
epoch:71/200
****************************************************************************************************
0.0009996145181203615
training: 0.7041, 0.7590
validation: 2.0816, 0.5574
epoch:72/200
****************************************************************************************************
0.000998458666866564
training: 0.6938, 0.7510
validation: 0.9690, 0.7463
epoch:73/200
****************************************************************************************************
0.0009965342284774632
training: 0.5774, 0.8080
validation: 1.3798, 0.6181
epoch:74/200
****************************************************************************************************
0.0009938441702975688
training: 0.5894, 0.8030
validation: 1.0206, 0.7502
epoch:75/200
****************************************************************************************************
0.0009903926402016153
training: 0.5385, 0.8070
validation: 1.2598, 0.6626
epoch:76/200
****************************************************************************************************
0.0009861849601988384
training: 0.5786, 0.7920
validation: 0.8157, 0.7520
epoch:77/200
****************************************************************************************************
0.0009812276182268236
training: 0.5123, 0.8200
validation: 0.8458, 0.7326
epoch:78/200
****************************************************************************************************
0.0009755282581475768
training: 0.5313, 0.8170
validation: 0.6999, 0.7776
epoch:79/200
****************************************************************************************************
0.0009690956679612422
training: 0.5231, 0.8220
validation: 1.3685, 0.6811
epoch:80/200
****************************************************************************************************
0.0009619397662556434
training: 0.4801, 0.8440
validation: 0.6073, 0.8120
epoch:81/200
****************************************************************************************************
0.0009540715869125407
training: 0.4735, 0.8350
validation: 0.9908, 0.6822
epoch:82/200
****************************************************************************************************
0.0009455032620941839
training: 0.4844, 0.8400
validation: 0.7183, 0.7798
epoch:83/200
****************************************************************************************************
0.0009362480035363986
training: 0.4438, 0.8470
validation: 0.7242, 0.7928
epoch:84/200
****************************************************************************************************
0.0009263200821770461
training: 0.4493, 0.8320
validation: 0.8576, 0.7674
epoch:85/200
****************************************************************************************************
0.0009157348061512727
training: 0.5036, 0.8430
validation: 0.9451, 0.7583
epoch:86/200
****************************************************************************************************
0.0009045084971874737
training: 0.5222, 0.8220
validation: 1.2910, 0.7357
epoch:87/200
****************************************************************************************************
0.0008926584654403724
training: 0.4836, 0.8410
validation: 0.6214, 0.7959
epoch:88/200
****************************************************************************************************
0.0008802029828000156
training: 0.4220, 0.8400
validation: 0.7424, 0.7735
epoch:89/200
****************************************************************************************************
0.0008671612547178428
training: 0.4465, 0.8340
validation: 0.5803, 0.8109
epoch:90/200
****************************************************************************************************
0.0008535533905932737
training: 0.4252, 0.8510
validation: 0.7311, 0.7700
epoch:91/200
****************************************************************************************************
0.0008394003727664709
training: 0.3957, 0.8630
validation: 0.5168, 0.8306
epoch:92/200
****************************************************************************************************
0.000824724024165092
training: 0.4532, 0.8520
validation: 1.1340, 0.6576
epoch:93/200
****************************************************************************************************
0.000809546974654917
training: 0.3990, 0.8660
validation: 0.5947, 0.8259
epoch:94/200
****************************************************************************************************
0.0007938926261462366
training: 0.5044, 0.8260
validation: 0.7233, 0.7733
epoch:95/200
****************************************************************************************************
0.0007777851165098011
training: 0.3436, 0.8830
validation: 0.7054, 0.7887
epoch:96/200
****************************************************************************************************
0.0007612492823579744
training: 0.3280, 0.8780
validation: 0.5459, 0.8333
epoch:97/200
****************************************************************************************************
0.0007443106207484776
training: 0.3516, 0.8790
validation: 0.5823, 0.8180
epoch:98/200
****************************************************************************************************
0.0007269952498697733
training: 0.3067, 0.8870
validation: 0.5084, 0.8370
epoch:99/200
****************************************************************************************************
0.0007093298687687141
training: 0.3427, 0.8760
validation: 0.5460, 0.8485
epoch:100/200
****************************************************************************************************
0.000691341716182545
training: 0.3215, 0.8810
validation: 0.4985, 0.8465
epoch:101/200
****************************************************************************************************
0.0006730585285387465
training: 0.3409, 0.8970
validation: 0.5060, 0.8461
epoch:102/200
****************************************************************************************************
0.0006545084971874737
training: 0.3001, 0.8990
validation: 0.5589, 0.8315
epoch:103/200
****************************************************************************************************
0.0006357202249325371
training: 0.3318, 0.8940
validation: 0.4472, 0.8585
epoch:104/200
****************************************************************************************************
0.0006167226819279528
training: 0.3080, 0.8930
validation: 0.5827, 0.8239
epoch:105/200
****************************************************************************************************
0.0005975451610080642
training: 0.2880, 0.9020
validation: 0.4815, 0.8580
epoch:106/200
****************************************************************************************************
0.0005782172325201155
training: 0.2578, 0.9120
validation: 0.4884, 0.8544
epoch:107/200
****************************************************************************************************
0.0005587686987289189
training: 0.3024, 0.8900
validation: 0.4682, 0.8563
epoch:108/200
****************************************************************************************************
0.0005392295478639225
training: 0.2764, 0.8990
validation: 0.5595, 0.8313
epoch:109/200
****************************************************************************************************
0.0005196299078795343
training: 0.2537, 0.9140
validation: 0.4286, 0.8672
epoch:110/200
****************************************************************************************************
0.0005
training: 0.2100, 0.9210
validation: 0.4403, 0.8646
epoch:111/200
****************************************************************************************************
0.00048037009212046586
training: 0.2414, 0.9180
validation: 0.4514, 0.8652
epoch:112/200
****************************************************************************************************
0.0004607704521360776
training: 0.2407, 0.9240
validation: 0.5085, 0.8541
epoch:113/200
****************************************************************************************************
0.00044123130127108126
training: 0.2386, 0.9180
validation: 0.4648, 0.8591
epoch:114/200
****************************************************************************************************
0.0004217827674798847
training: 0.1953, 0.9380
validation: 0.4445, 0.8726
epoch:115/200
****************************************************************************************************
0.00040245483899193594
training: 0.2334, 0.9220
validation: 0.4614, 0.8639
epoch:116/200
****************************************************************************************************
0.00038327731807204733
training: 0.2578, 0.9150
validation: 0.5324, 0.8467
epoch:117/200
****************************************************************************************************
0.0003642797750674628
training: 0.2248, 0.9260
validation: 0.4408, 0.8719
epoch:118/200
****************************************************************************************************
0.00034549150281252633
training: 0.2351, 0.9250
validation: 0.4566, 0.8726
epoch:119/200
****************************************************************************************************
0.00032694147146125364
training: 0.2267, 0.9200
validation: 0.4878, 0.8504
epoch:120/200
****************************************************************************************************
0.0003086582838174551
training: 0.2552, 0.9210
validation: 0.4283, 0.8774
epoch:121/200
****************************************************************************************************
0.0002906701312312861
training: 0.2130, 0.9300
validation: 0.4293, 0.8785
epoch:122/200
****************************************************************************************************
0.00027300475013022663
training: 0.2134, 0.9350
validation: 0.4168, 0.8750
epoch:123/200
****************************************************************************************************
0.00025568937925152246
training: 0.2044, 0.9270
validation: 0.4247, 0.8741
epoch:124/200
****************************************************************************************************
0.00023875071764202561
training: 0.2515, 0.9160
validation: 0.4574, 0.8656
epoch:125/200
****************************************************************************************************
0.00022221488349019887
training: 0.1766, 0.9440
validation: 0.4160, 0.8739
epoch:126/200
****************************************************************************************************
0.00020610737385376348
training: 0.1578, 0.9520
validation: 0.4147, 0.8757
epoch:127/200
****************************************************************************************************
0.00019045302534508314
training: 0.1382, 0.9570
validation: 0.4094, 0.8763
epoch:128/200
****************************************************************************************************
0.00017527597583490823
training: 0.1871, 0.9430
validation: 0.4133, 0.8785
epoch:129/200
****************************************************************************************************
0.00016059962723352923
training: 0.1452, 0.9550
validation: 0.4148, 0.8828
epoch:130/200
****************************************************************************************************
0.00014644660940672628
training: 0.1459, 0.9590
validation: 0.4368, 0.8719
epoch:131/200
****************************************************************************************************
0.00013283874528215717
training: 0.1618, 0.9440
validation: 0.4255, 0.8759
epoch:132/200
****************************************************************************************************
0.00011979701719998454
training: 0.1258, 0.9610
validation: 0.4125, 0.8796
epoch:133/200
****************************************************************************************************
0.00010734153455962748
training: 0.1663, 0.9480
validation: 0.4287, 0.8774
epoch:134/200
****************************************************************************************************
9.549150281252633e-05
training: 0.1572, 0.9580
validation: 0.4363, 0.8754
epoch:135/200
****************************************************************************************************
8.42651938487275e-05
training: 0.1437, 0.9610
validation: 0.4309, 0.8776
epoch:136/200
****************************************************************************************************
7.367991782295391e-05
training: 0.1316, 0.9600
validation: 0.4232, 0.8820
epoch:137/200
****************************************************************************************************
6.375199646360153e-05
training: 0.1503, 0.9590
validation: 0.4159, 0.8802
epoch:138/200
****************************************************************************************************
5.449673790581611e-05
training: 0.1477, 0.9500
validation: 0.4253, 0.8776
epoch:139/200
****************************************************************************************************
4.592841308745932e-05
training: 0.1529, 0.9540
validation: 0.4216, 0.8802
epoch:140/200
****************************************************************************************************
3.806023374435663e-05
training: 0.1588, 0.9450
validation: 0.4277, 0.8811
epoch:141/200
****************************************************************************************************
3.090433203875792e-05
training: 0.1261, 0.9690
validation: 0.4298, 0.8802
epoch:142/200
****************************************************************************************************
2.4471741852423235e-05
training: 0.1666, 0.9470
validation: 0.4305, 0.8824
epoch:143/200
****************************************************************************************************
1.8772381773176416e-05
training: 0.1788, 0.9380
validation: 0.4316, 0.8811
epoch:144/200
****************************************************************************************************
1.3815039801161721e-05
training: 0.1281, 0.9630
validation: 0.4250, 0.8813
epoch:145/200
****************************************************************************************************
9.607359798384786e-06
training: 0.1584, 0.9450
validation: 0.4195, 0.8819
epoch:146/200
****************************************************************************************************
6.15582970243117e-06
training: 0.1574, 0.9500
validation: 0.4248, 0.8813
epoch:147/200
****************************************************************************************************
3.4657715225368535e-06
training: 0.1191, 0.9620
validation: 0.4213, 0.8809
epoch:148/200
****************************************************************************************************
1.541333133436018e-06
training: 0.1578, 0.9520
validation: 0.4253, 0.8815
epoch:149/200
****************************************************************************************************
3.854818796385495e-07
training: 0.1400, 0.9510
validation: 0.4291, 0.8802
epoch:150/200
****************************************************************************************************
0.001
training: 0.2927, 0.9100
validation: 1.6980, 0.7180
epoch:151/200
****************************************************************************************************
0.0009999036202410325
training: 0.6811, 0.7910
validation: 2.7159, 0.5454
epoch:152/200
****************************************************************************************************
0.0009996145181203615
training: 0.5304, 0.8170
validation: 0.9734, 0.7235
epoch:153/200
****************************************************************************************************
0.000999132805092358
training: 0.5332, 0.8170
validation: 0.7796, 0.7731
epoch:154/200
****************************************************************************************************
0.000998458666866564
training: 0.3526, 0.8810
validation: 0.5691, 0.8263
epoch:155/200
****************************************************************************************************
0.0009975923633360985
training: 0.3727, 0.8740
validation: 0.7567, 0.8209
epoch:156/200
****************************************************************************************************
0.0009965342284774632
training: 0.4069, 0.8610
validation: 0.6283, 0.8020
epoch:157/200
****************************************************************************************************
0.0009952846702217886
training: 0.4284, 0.8670
validation: 0.6902, 0.8081
epoch:158/200
****************************************************************************************************
0.0009938441702975688
training: 0.3122, 0.8810
validation: 0.6680, 0.7996
epoch:159/200
****************************************************************************************************
0.0009922132840449458
training: 0.4041, 0.8660
validation: 0.5711, 0.8319
epoch:160/200
****************************************************************************************************
0.0009903926402016153
training: 0.2975, 0.9040
validation: 0.5619, 0.8494
epoch:161/200
****************************************************************************************************
0.0009883829406604362
training: 0.3493, 0.8860
validation: 0.6832, 0.8152
epoch:162/200
****************************************************************************************************
0.0009861849601988384
training: 0.4110, 0.8710
validation: 0.5429, 0.8509
epoch:163/200
****************************************************************************************************
0.0009837995461801298
training: 0.3567, 0.8720
validation: 0.7269, 0.7991
epoch:164/200
****************************************************************************************************
0.0009812276182268236
training: 0.3750, 0.8810
validation: 0.8045, 0.7869
epoch:165/200
****************************************************************************************************
0.0009784701678661044
training: 0.2765, 0.9090
validation: 0.5118, 0.8506
epoch:166/200
****************************************************************************************************
0.0009755282581475768
training: 0.2932, 0.9020
validation: 0.5401, 0.8537
epoch:167/200
****************************************************************************************************
0.0009724030232334391
training: 0.2527, 0.9120
validation: 0.5199, 0.8491
epoch:168/200
****************************************************************************************************
0.0009690956679612422
training: 0.2413, 0.9230
validation: 0.5089, 0.8544
epoch:169/200
****************************************************************************************************
0.0009656074673794017
training: 0.2792, 0.9090
validation: 0.6479, 0.8315
epoch:170/200
****************************************************************************************************
0.0009619397662556434
training: 0.3176, 0.8760
validation: 0.6251, 0.8372
epoch:171/200
****************************************************************************************************
0.0009580939785585681
training: 0.3416, 0.8920
validation: 0.9882, 0.8256
epoch:172/200
****************************************************************************************************
0.0009540715869125407
training: 0.2935, 0.9000
validation: 0.4332, 0.8730
epoch:173/200
****************************************************************************************************
0.0009498741420261108
training: 0.2860, 0.9040
validation: 0.4821, 0.8609
epoch:174/200
****************************************************************************************************
0.0009455032620941839
training: 0.2174, 0.9340
validation: 0.5880, 0.8361
epoch:175/200
****************************************************************************************************
0.0009409606321741775
training: 0.3018, 0.9020
validation: 0.5276, 0.8591
epoch:176/200
****************************************************************************************************
0.0009362480035363986
training: 0.2829, 0.9140
validation: 0.5934, 0.8417
epoch:177/200
****************************************************************************************************
0.0009313671929888959
training: 0.2629, 0.9130
validation: 0.4924, 0.8548
epoch:178/200
****************************************************************************************************
0.0009263200821770461
training: 0.2919, 0.9140
validation: 0.6592, 0.8341
epoch:179/200
****************************************************************************************************
0.0009211086168581433
training: 0.2252, 0.9320
validation: 0.6049, 0.8396
epoch:180/200
****************************************************************************************************
0.0009157348061512727
training: 0.2473, 0.9190
validation: 0.5813, 0.8491
epoch:181/200
****************************************************************************************************
0.0009102007217627568
training: 0.2865, 0.9040
validation: 0.5550, 0.8370
epoch:182/200
****************************************************************************************************
0.0009045084971874737
training: 0.2813, 0.9080
validation: 0.6883, 0.8280
epoch:183/200
****************************************************************************************************
0.0008986603268863536
training: 0.3515, 0.8840
validation: 0.5556, 0.8457
epoch:184/200
****************************************************************************************************
0.0008926584654403724
training: 0.2881, 0.9090
validation: 0.6442, 0.8446
epoch:185/200
****************************************************************************************************
0.0008865052266813684
training: 0.2733, 0.9130
validation: 0.5114, 0.8496
epoch:186/200
****************************************************************************************************
0.0008802029828000156
training: 0.2532, 0.9150
validation: 0.4686, 0.8665
epoch:187/200
****************************************************************************************************
0.0008737541634312985
training: 0.2437, 0.9260
validation: 0.4870, 0.8583
epoch:188/200
****************************************************************************************************
0.0008671612547178428
training: 0.2464, 0.9210
validation: 0.5102, 0.8569
epoch:189/200
****************************************************************************************************
0.0008604267983514594
training: 0.2665, 0.9160
validation: 0.5537, 0.8498
epoch:190/200
****************************************************************************************************
0.0008535533905932737
training: 0.2584, 0.9150
validation: 0.5780, 0.8419
epoch:191/200
****************************************************************************************************
0.000846543681272818
training: 0.2060, 0.9320
validation: 0.5148, 0.8602
epoch:192/200
****************************************************************************************************
0.0008394003727664709
training: 0.2302, 0.9240
validation: 0.6021, 0.8378
epoch:193/200
****************************************************************************************************
0.0008321262189556409
training: 0.2542, 0.9130
validation: 0.4971, 0.8604
epoch:194/200
****************************************************************************************************
0.000824724024165092
training: 0.1969, 0.9350
validation: 0.4837, 0.8654
epoch:195/200
****************************************************************************************************
0.0008171966420818228
training: 0.2361, 0.9130
validation: 0.4649, 0.8717
epoch:196/200
****************************************************************************************************
0.000809546974654917
training: 0.2488, 0.9170
validation: 0.5398, 0.8422
epoch:197/200
****************************************************************************************************
0.0008017779709767857
training: 0.2047, 0.9250
validation: 0.4864, 0.8609
epoch:198/200
****************************************************************************************************
0.0007938926261462366
training: 0.1950, 0.9340
validation: 0.4787, 0.8663
epoch:199/200
****************************************************************************************************
0.0007858939801138062
training: 0.1904, 0.9310
validation: 0.5142, 0.8611
