epoch:0/250
****************************************************************************************************
training: 2.0244, 0.2490
validation: 3.1532, 0.1069
epoch:1/250
****************************************************************************************************
training: 1.6417, 0.4010
validation: 2.2698, 0.2496
epoch:2/250
****************************************************************************************************
training: 1.5320, 0.4270
validation: 1.8733, 0.3972
epoch:3/250
****************************************************************************************************
training: 1.4893, 0.4730
validation: 1.4547, 0.5137
epoch:4/250
****************************************************************************************************
training: 1.4356, 0.4920
validation: 1.7408, 0.3667
epoch:5/250
****************************************************************************************************
training: 1.4165, 0.5060
validation: 1.5067, 0.4789
epoch:6/250
****************************************************************************************************
training: 1.3676, 0.4900
validation: 1.6571, 0.4606
epoch:7/250
****************************************************************************************************
training: 1.3270, 0.5120
validation: 1.4341, 0.4956
epoch:8/250
****************************************************************************************************
training: 1.2923, 0.5380
validation: 1.1211, 0.6211
epoch:9/250
****************************************************************************************************
training: 1.2122, 0.5870
validation: 1.2085, 0.5878
epoch:10/250
****************************************************************************************************
training: 1.3598, 0.5170
validation: 1.4311, 0.5598
epoch:11/250
****************************************************************************************************
training: 1.3245, 0.5440
validation: 1.3434, 0.5596
epoch:12/250
****************************************************************************************************
training: 1.2752, 0.5560
validation: 1.4367, 0.5765
epoch:13/250
****************************************************************************************************
training: 1.1883, 0.5680
validation: 1.6573, 0.4624
epoch:14/250
****************************************************************************************************
training: 1.2446, 0.5670
validation: 1.1606, 0.5809
epoch:15/250
****************************************************************************************************
training: 1.1856, 0.5730
validation: 1.1954, 0.5902
epoch:16/250
****************************************************************************************************
training: 1.2493, 0.5630
validation: 1.3576, 0.5407
epoch:17/250
****************************************************************************************************
training: 1.1518, 0.5970
validation: 1.0793, 0.6259
epoch:18/250
****************************************************************************************************
training: 1.0785, 0.6240
validation: 1.0988, 0.6102
epoch:19/250
****************************************************************************************************
training: 1.1361, 0.5930
validation: 1.2278, 0.5815
epoch:20/250
****************************************************************************************************
training: 1.0852, 0.6150
validation: 1.1745, 0.6244
epoch:21/250
****************************************************************************************************
training: 1.0832, 0.6220
validation: 1.0103, 0.6502
epoch:22/250
****************************************************************************************************
training: 1.0819, 0.6180
validation: 1.0606, 0.6191
epoch:23/250
****************************************************************************************************
training: 1.0597, 0.6260
validation: 1.0534, 0.6313
epoch:24/250
****************************************************************************************************
training: 1.0261, 0.6480
validation: 1.1011, 0.6354
epoch:25/250
****************************************************************************************************
training: 1.1129, 0.6190
validation: 0.9804, 0.6387
epoch:26/250
****************************************************************************************************
training: 1.0070, 0.6420
validation: 0.9182, 0.6893
epoch:27/250
****************************************************************************************************
training: 0.9611, 0.6560
validation: 0.9597, 0.6733
epoch:28/250
****************************************************************************************************
training: 0.9768, 0.6610
validation: 1.0103, 0.6485
epoch:29/250
****************************************************************************************************
training: 0.9648, 0.6770
validation: 1.1218, 0.6411
epoch:30/250
****************************************************************************************************
training: 0.9718, 0.6860
validation: 1.0707, 0.6691
epoch:31/250
****************************************************************************************************
training: 0.9657, 0.6620
validation: 1.0036, 0.6459
epoch:32/250
****************************************************************************************************
training: 0.9446, 0.6680
validation: 0.9193, 0.6739
epoch:33/250
****************************************************************************************************
training: 0.9571, 0.6850
validation: 1.0525, 0.6320
epoch:34/250
****************************************************************************************************
training: 0.9723, 0.6580
validation: 1.3491, 0.5561
epoch:35/250
****************************************************************************************************
training: 0.9378, 0.6800
validation: 1.0234, 0.6511
epoch:36/250
****************************************************************************************************
training: 0.9268, 0.6790
validation: 1.1326, 0.6176
epoch:37/250
****************************************************************************************************
training: 0.9699, 0.6870
validation: 0.9713, 0.6604
epoch:38/250
****************************************************************************************************
training: 0.9091, 0.6850
validation: 0.9706, 0.6617
epoch:39/250
****************************************************************************************************
training: 0.9374, 0.6710
validation: 1.1056, 0.6276
epoch:40/250
****************************************************************************************************
training: 0.8658, 0.7000
validation: 1.0207, 0.6515
epoch:41/250
****************************************************************************************************
training: 0.8986, 0.6840
validation: 1.1203, 0.6504
epoch:42/250
****************************************************************************************************
training: 0.9186, 0.6850
validation: 0.9084, 0.6917
epoch:43/250
****************************************************************************************************
training: 0.9017, 0.6940
validation: 0.9306, 0.6706
epoch:44/250
****************************************************************************************************
training: 0.8798, 0.6990
validation: 1.0713, 0.6463
epoch:45/250
****************************************************************************************************
training: 0.8621, 0.6930
validation: 0.9173, 0.7037
epoch:46/250
****************************************************************************************************
training: 0.8416, 0.7110
validation: 0.8254, 0.7156
epoch:47/250
****************************************************************************************************
training: 0.7784, 0.7360
validation: 0.8313, 0.7148
epoch:48/250
****************************************************************************************************
training: 0.8746, 0.6930
validation: 1.0344, 0.6596
epoch:49/250
****************************************************************************************************
training: 0.8196, 0.7140
validation: 0.9081, 0.6859
epoch:50/250
****************************************************************************************************
training: 0.8274, 0.7260
validation: 0.7553, 0.7370
epoch:51/250
****************************************************************************************************
training: 0.7973, 0.7440
validation: 0.7385, 0.7515
epoch:52/250
****************************************************************************************************
training: 0.7941, 0.7200
validation: 0.9288, 0.6741
epoch:53/250
****************************************************************************************************
training: 0.7896, 0.7270
validation: 0.7740, 0.7402
epoch:54/250
****************************************************************************************************
training: 0.7942, 0.7240
validation: 0.8066, 0.7170
epoch:55/250
****************************************************************************************************
training: 0.7926, 0.7230
validation: 0.7060, 0.7680
epoch:56/250
****************************************************************************************************
training: 0.8498, 0.7080
validation: 0.8883, 0.7115
epoch:57/250
****************************************************************************************************
training: 0.7652, 0.7290
validation: 0.7551, 0.7398
epoch:58/250
****************************************************************************************************
training: 0.7736, 0.7480
validation: 0.8285, 0.7226
epoch:59/250
****************************************************************************************************
training: 0.7999, 0.7370
validation: 0.8004, 0.7348
epoch:60/250
****************************************************************************************************
training: 0.7439, 0.7500
validation: 0.7193, 0.7522
epoch:61/250
****************************************************************************************************
training: 0.7291, 0.7620
validation: 0.7692, 0.7424
epoch:62/250
****************************************************************************************************
training: 0.7393, 0.7450
validation: 0.9227, 0.6902
epoch:63/250
****************************************************************************************************
training: 0.6861, 0.7600
validation: 0.8371, 0.7100
epoch:64/250
****************************************************************************************************
training: 0.6995, 0.7650
validation: 0.8033, 0.7354
epoch:65/250
****************************************************************************************************
training: 0.7897, 0.7180
validation: 0.7064, 0.7570
epoch:66/250
****************************************************************************************************
training: 0.7108, 0.7480
validation: 0.7155, 0.7580
epoch:67/250
****************************************************************************************************
training: 0.7578, 0.7490
validation: 0.6612, 0.7748
epoch:68/250
****************************************************************************************************
training: 0.6972, 0.7540
validation: 0.6588, 0.7802
epoch:69/250
****************************************************************************************************
training: 0.6464, 0.7700
validation: 0.8036, 0.7204
epoch:70/250
****************************************************************************************************
training: 0.6983, 0.7480
validation: 0.7544, 0.7465
epoch:71/250
****************************************************************************************************
training: 0.6709, 0.7670
validation: 0.6469, 0.7752
epoch:72/250
****************************************************************************************************
training: 0.6903, 0.7690
validation: 0.6722, 0.7731
epoch:73/250
****************************************************************************************************
training: 0.6570, 0.7670
validation: 0.6709, 0.7715
epoch:74/250
****************************************************************************************************
training: 0.6797, 0.7620
validation: 0.7597, 0.7526
epoch:75/250
****************************************************************************************************
training: 0.7011, 0.7700
validation: 0.7315, 0.7396
epoch:76/250
****************************************************************************************************
training: 0.6773, 0.7750
validation: 0.7141, 0.7620
epoch:77/250
****************************************************************************************************
training: 0.6687, 0.7700
validation: 0.6744, 0.7785
epoch:78/250
****************************************************************************************************
training: 0.6536, 0.7720
validation: 0.7756, 0.7365
epoch:79/250
****************************************************************************************************
training: 0.6793, 0.7680
validation: 0.6718, 0.7763
epoch:80/250
****************************************************************************************************
training: 0.6774, 0.7690
validation: 0.7218, 0.7504
epoch:81/250
****************************************************************************************************
training: 0.6661, 0.7830
validation: 0.6721, 0.7748
epoch:82/250
****************************************************************************************************
training: 0.6154, 0.7980
validation: 0.6674, 0.7765
epoch:83/250
****************************************************************************************************
training: 0.6175, 0.7890
validation: 0.6466, 0.7822
epoch:84/250
****************************************************************************************************
training: 0.6395, 0.7680
validation: 0.9426, 0.6885
epoch:85/250
****************************************************************************************************
training: 0.7140, 0.7680
validation: 0.8955, 0.6959
epoch:86/250
****************************************************************************************************
training: 0.6161, 0.7850
validation: 0.6110, 0.7967
epoch:87/250
****************************************************************************************************
training: 0.6516, 0.7790
validation: 0.7714, 0.7620
epoch:88/250
****************************************************************************************************
training: 0.6495, 0.7770
validation: 0.8225, 0.7302
epoch:89/250
****************************************************************************************************
training: 0.6543, 0.7720
validation: 0.9590, 0.6922
epoch:90/250
****************************************************************************************************
training: 0.5931, 0.7900
validation: 0.6527, 0.7946
epoch:91/250
****************************************************************************************************
training: 0.6037, 0.8030
validation: 0.7800, 0.7404
epoch:92/250
****************************************************************************************************
training: 0.5881, 0.7900
validation: 0.5703, 0.8102
epoch:93/250
****************************************************************************************************
training: 0.5860, 0.8050
validation: 0.6834, 0.7639
epoch:94/250
****************************************************************************************************
training: 0.6431, 0.7870
validation: 0.8720, 0.7296
epoch:95/250
****************************************************************************************************
training: 0.5939, 0.8030
validation: 0.7066, 0.7780
epoch:96/250
****************************************************************************************************
training: 0.5636, 0.7890
validation: 0.6040, 0.8085
epoch:97/250
****************************************************************************************************
training: 0.5681, 0.7960
validation: 0.5905, 0.8041
epoch:98/250
****************************************************************************************************
training: 0.5791, 0.8030
validation: 0.6475, 0.7972
epoch:99/250
****************************************************************************************************
training: 0.5667, 0.7990
validation: 0.6656, 0.7793
epoch:100/250
****************************************************************************************************
training: 0.5694, 0.8070
validation: 0.7378, 0.7694
epoch:101/250
****************************************************************************************************
training: 0.5560, 0.8000
validation: 0.7687, 0.7404
epoch:102/250
****************************************************************************************************
training: 0.5777, 0.8090
validation: 0.6911, 0.7789
epoch:103/250
****************************************************************************************************
training: 0.5333, 0.8210
validation: 0.6476, 0.7887
epoch:104/250
****************************************************************************************************
training: 0.5466, 0.8090
validation: 0.7368, 0.7669
epoch:105/250
****************************************************************************************************
training: 0.5475, 0.8070
validation: 0.6052, 0.7980
epoch:106/250
****************************************************************************************************
training: 0.5560, 0.8120
validation: 0.6679, 0.7870
epoch:107/250
****************************************************************************************************
training: 0.5385, 0.8090
validation: 0.6791, 0.7757
epoch:108/250
****************************************************************************************************
training: 0.5691, 0.8150
validation: 0.7230, 0.7639
epoch:109/250
****************************************************************************************************
training: 0.6015, 0.8050
validation: 0.7340, 0.7613
epoch:110/250
****************************************************************************************************
training: 0.5335, 0.8080
validation: 0.8033, 0.7193
epoch:111/250
****************************************************************************************************
training: 0.5329, 0.8090
validation: 0.6427, 0.7859
epoch:112/250
****************************************************************************************************
training: 0.5074, 0.8340
validation: 0.5173, 0.8309
epoch:113/250
****************************************************************************************************
training: 0.4573, 0.8410
validation: 0.5952, 0.8030
epoch:114/250
****************************************************************************************************
training: 0.5396, 0.8050
validation: 0.8359, 0.7422
epoch:115/250
****************************************************************************************************
training: 0.5835, 0.7910
validation: 0.5965, 0.8133
epoch:116/250
****************************************************************************************************
training: 0.5049, 0.8380
validation: 0.5550, 0.8133
epoch:117/250
****************************************************************************************************
training: 0.5013, 0.8350
validation: 0.5474, 0.8181
epoch:118/250
****************************************************************************************************
training: 0.4627, 0.8490
validation: 0.7073, 0.7774
epoch:119/250
****************************************************************************************************
training: 0.4604, 0.8450
validation: 0.6708, 0.7891
epoch:120/250
****************************************************************************************************
training: 0.4479, 0.8480
validation: 0.4924, 0.8398
epoch:121/250
****************************************************************************************************
training: 0.3732, 0.8690
validation: 0.4680, 0.8454
epoch:122/250
****************************************************************************************************
training: 0.3733, 0.8620
validation: 0.4636, 0.8481
epoch:123/250
****************************************************************************************************
training: 0.4111, 0.8570
validation: 0.4591, 0.8502
epoch:124/250
****************************************************************************************************
training: 0.3379, 0.8940
validation: 0.4523, 0.8485
epoch:125/250
****************************************************************************************************
training: 0.3513, 0.8850
validation: 0.4406, 0.8528
epoch:126/250
****************************************************************************************************
training: 0.3303, 0.8860
validation: 0.4546, 0.8493
epoch:127/250
****************************************************************************************************
training: 0.3580, 0.8820
validation: 0.4466, 0.8557
epoch:128/250
****************************************************************************************************
training: 0.3604, 0.8890
validation: 0.4424, 0.8517
epoch:129/250
****************************************************************************************************
training: 0.3420, 0.8860
validation: 0.4494, 0.8465
epoch:130/250
****************************************************************************************************
training: 0.3258, 0.8770
validation: 0.4408, 0.8513
epoch:131/250
****************************************************************************************************
training: 0.3044, 0.8990
validation: 0.4465, 0.8539
epoch:132/250
****************************************************************************************************
training: 0.3810, 0.8700
validation: 0.4452, 0.8565
epoch:133/250
****************************************************************************************************
training: 0.3534, 0.8820
validation: 0.4452, 0.8561
epoch:134/250
****************************************************************************************************
training: 0.3210, 0.8980
validation: 0.4458, 0.8531
epoch:135/250
****************************************************************************************************
training: 0.3272, 0.8890
validation: 0.4521, 0.8531
epoch:136/250
****************************************************************************************************
training: 0.3452, 0.8840
validation: 0.4605, 0.8476
epoch:137/250
****************************************************************************************************
training: 0.2865, 0.9010
validation: 0.4566, 0.8507
epoch:138/250
****************************************************************************************************
training: 0.3293, 0.8900
validation: 0.4461, 0.8531
epoch:139/250
****************************************************************************************************
training: 0.3509, 0.8690
validation: 0.4462, 0.8548
epoch:140/250
****************************************************************************************************
training: 0.3068, 0.9020
validation: 0.4476, 0.8531
epoch:141/250
****************************************************************************************************
training: 0.2739, 0.9130
validation: 0.4503, 0.8554
epoch:142/250
****************************************************************************************************
training: 0.3345, 0.8820
validation: 0.4586, 0.8513
epoch:143/250
****************************************************************************************************
training: 0.3311, 0.8910
validation: 0.4442, 0.8587
epoch:144/250
****************************************************************************************************
training: 0.3139, 0.8940
validation: 0.4282, 0.8628
epoch:145/250
****************************************************************************************************
training: 0.3603, 0.8780
validation: 0.4433, 0.8557
epoch:146/250
****************************************************************************************************
training: 0.3144, 0.8870
validation: 0.4474, 0.8541
epoch:147/250
****************************************************************************************************
training: 0.3384, 0.8890
validation: 0.4503, 0.8543
epoch:148/250
****************************************************************************************************
training: 0.3105, 0.9000
validation: 0.4431, 0.8576
epoch:149/250
****************************************************************************************************
training: 0.3503, 0.8840
validation: 0.4406, 0.8548
epoch:150/250
****************************************************************************************************
training: 0.2925, 0.8940
validation: 0.4524, 0.8533
epoch:151/250
****************************************************************************************************
training: 0.2956, 0.9070
validation: 0.4425, 0.8548
epoch:152/250
****************************************************************************************************
training: 0.2977, 0.9050
validation: 0.4470, 0.8531
epoch:153/250
****************************************************************************************************
training: 0.3318, 0.8900
validation: 0.4327, 0.8596
epoch:154/250
****************************************************************************************************
training: 0.3148, 0.9010
validation: 0.4411, 0.8565
epoch:155/250
****************************************************************************************************
training: 0.3125, 0.8990
validation: 0.4548, 0.8526
epoch:156/250
****************************************************************************************************
training: 0.3145, 0.8880
validation: 0.4572, 0.8552
epoch:157/250
****************************************************************************************************
training: 0.3109, 0.8990
validation: 0.4446, 0.8565
epoch:158/250
****************************************************************************************************
training: 0.2970, 0.9040
validation: 0.4396, 0.8574
epoch:159/250
****************************************************************************************************
training: 0.2916, 0.8920
validation: 0.4465, 0.8554
epoch:160/250
****************************************************************************************************
training: 0.2430, 0.9190
validation: 0.4412, 0.8587
epoch:161/250
****************************************************************************************************
training: 0.2597, 0.9150
validation: 0.4450, 0.8565
epoch:162/250
****************************************************************************************************
training: 0.2771, 0.9050
validation: 0.4324, 0.8583
epoch:163/250
****************************************************************************************************
training: 0.2757, 0.9080
validation: 0.4478, 0.8535
epoch:164/250
****************************************************************************************************
training: 0.3028, 0.8960
validation: 0.4409, 0.8548
epoch:165/250
****************************************************************************************************
training: 0.3049, 0.8920
validation: 0.4426, 0.8526
epoch:166/250
****************************************************************************************************
training: 0.3080, 0.9050
validation: 0.4390, 0.8561
epoch:167/250
****************************************************************************************************
training: 0.2724, 0.9130
validation: 0.4371, 0.8576
epoch:168/250
****************************************************************************************************
training: 0.2957, 0.9060
validation: 0.4315, 0.8600
epoch:169/250
****************************************************************************************************
training: 0.2786, 0.9140
validation: 0.4379, 0.8572
epoch:170/250
****************************************************************************************************
training: 0.2844, 0.9100
validation: 0.4402, 0.8591
epoch:171/250
****************************************************************************************************
training: 0.3036, 0.9000
validation: 0.4379, 0.8570
epoch:172/250
****************************************************************************************************
training: 0.2803, 0.9160
validation: 0.4321, 0.8583
epoch:173/250
****************************************************************************************************
training: 0.2679, 0.9110
validation: 0.4332, 0.8576
epoch:174/250
****************************************************************************************************
training: 0.3280, 0.8990
validation: 0.4252, 0.8619
epoch:175/250
****************************************************************************************************
training: 0.2525, 0.9200
validation: 0.4467, 0.8585
epoch:176/250
****************************************************************************************************
training: 0.2887, 0.9040
validation: 0.4375, 0.8570
epoch:177/250
****************************************************************************************************
training: 0.2887, 0.9110
validation: 0.4302, 0.8600
epoch:178/250
****************************************************************************************************
training: 0.2652, 0.9070
validation: 0.4320, 0.8561
epoch:179/250
****************************************************************************************************
training: 0.2902, 0.8980
validation: 0.4347, 0.8619
epoch:180/250
****************************************************************************************************
training: 0.2933, 0.9040
validation: 0.4395, 0.8589
epoch:181/250
****************************************************************************************************
training: 0.2463, 0.9260
validation: 0.4430, 0.8565
epoch:182/250
****************************************************************************************************
training: 0.2553, 0.9110
validation: 0.4419, 0.8556
epoch:183/250
****************************************************************************************************
training: 0.2919, 0.9090
validation: 0.4323, 0.8602
epoch:184/250
****************************************************************************************************
training: 0.2669, 0.9150
validation: 0.4316, 0.8583
epoch:185/250
****************************************************************************************************
training: 0.3093, 0.8930
validation: 0.4417, 0.8580
epoch:186/250
****************************************************************************************************
training: 0.2873, 0.8970
validation: 0.4382, 0.8572
epoch:187/250
****************************************************************************************************
training: 0.2752, 0.9090
validation: 0.4357, 0.8600
epoch:188/250
****************************************************************************************************
training: 0.3093, 0.8960
validation: 0.4350, 0.8580
epoch:189/250
****************************************************************************************************
training: 0.2749, 0.9090
validation: 0.4271, 0.8628
epoch:190/250
****************************************************************************************************
training: 0.2810, 0.9030
validation: 0.4342, 0.8587
epoch:191/250
****************************************************************************************************
training: 0.2653, 0.9050
validation: 0.4310, 0.8583
epoch:192/250
****************************************************************************************************
training: 0.2861, 0.9020
validation: 0.4343, 0.8606
epoch:193/250
****************************************************************************************************
training: 0.3217, 0.8850
validation: 0.4313, 0.8619
epoch:194/250
****************************************************************************************************
training: 0.2503, 0.9120
validation: 0.4334, 0.8609
epoch:195/250
****************************************************************************************************
training: 0.3021, 0.9080
validation: 0.4357, 0.8594
epoch:196/250
****************************************************************************************************
training: 0.2589, 0.9180
validation: 0.4318, 0.8596
epoch:197/250
****************************************************************************************************
training: 0.2911, 0.9080
validation: 0.4285, 0.8622
epoch:198/250
****************************************************************************************************
training: 0.2918, 0.9020
validation: 0.4386, 0.8593
epoch:199/250
****************************************************************************************************
training: 0.2736, 0.9120
validation: 0.4325, 0.8607
epoch:200/250
****************************************************************************************************
training: 0.2883, 0.9120
validation: 0.4291, 0.8617
epoch:201/250
****************************************************************************************************
training: 0.2836, 0.8950
validation: 0.4358, 0.8596
epoch:202/250
****************************************************************************************************
training: 0.2672, 0.9150
validation: 0.4397, 0.8591
epoch:203/250
****************************************************************************************************
training: 0.2733, 0.9060
validation: 0.4340, 0.8630
epoch:204/250
****************************************************************************************************
training: 0.2761, 0.9070
validation: 0.4331, 0.8607
epoch:205/250
****************************************************************************************************
training: 0.2602, 0.9050
validation: 0.4373, 0.8619
epoch:206/250
****************************************************************************************************
training: 0.2614, 0.9250
validation: 0.4435, 0.8578
epoch:207/250
****************************************************************************************************
training: 0.2885, 0.9090
validation: 0.4284, 0.8591
epoch:208/250
****************************************************************************************************
training: 0.2686, 0.9120
validation: 0.4295, 0.8613
epoch:209/250
****************************************************************************************************
training: 0.2824, 0.9090
validation: 0.4313, 0.8628
epoch:210/250
****************************************************************************************************
training: 0.3325, 0.8880
validation: 0.4312, 0.8637
epoch:211/250
****************************************************************************************************
training: 0.2728, 0.9080
validation: 0.4412, 0.8574
epoch:212/250
****************************************************************************************************
training: 0.3017, 0.9030
validation: 0.4402, 0.8591
epoch:213/250
****************************************************************************************************
training: 0.2522, 0.9160
validation: 0.4319, 0.8639
epoch:214/250
****************************************************************************************************
training: 0.2677, 0.9140
validation: 0.4357, 0.8619
epoch:215/250
****************************************************************************************************
training: 0.2776, 0.9090
validation: 0.4313, 0.8583
epoch:216/250
****************************************************************************************************
training: 0.2800, 0.9020
validation: 0.4410, 0.8563
epoch:217/250
****************************************************************************************************
training: 0.2793, 0.9100
validation: 0.4369, 0.8591
epoch:218/250
****************************************************************************************************
training: 0.2881, 0.9040
validation: 0.4310, 0.8617
epoch:219/250
****************************************************************************************************
training: 0.2638, 0.9060
validation: 0.4372, 0.8604
epoch:220/250
****************************************************************************************************
training: 0.2708, 0.9140
validation: 0.4360, 0.8606
epoch:221/250
****************************************************************************************************
training: 0.3073, 0.9000
validation: 0.4297, 0.8598
epoch:222/250
****************************************************************************************************
training: 0.2292, 0.9250
validation: 0.4320, 0.8593
epoch:223/250
****************************************************************************************************
training: 0.2952, 0.9100
validation: 0.4356, 0.8596
epoch:224/250
****************************************************************************************************
training: 0.2569, 0.9120
validation: 0.4309, 0.8606
epoch:225/250
****************************************************************************************************
training: 0.2784, 0.9070
validation: 0.4298, 0.8622
epoch:226/250
****************************************************************************************************
training: 0.2847, 0.9110
validation: 0.4307, 0.8589
epoch:227/250
****************************************************************************************************
training: 0.3283, 0.8940
validation: 0.4340, 0.8617
epoch:228/250
****************************************************************************************************
training: 0.3148, 0.8950
validation: 0.4295, 0.8641
epoch:229/250
****************************************************************************************************
training: 0.2839, 0.9020
validation: 0.4426, 0.8594
epoch:230/250
****************************************************************************************************
training: 0.2963, 0.8940
validation: 0.4359, 0.8620
epoch:231/250
****************************************************************************************************
training: 0.2735, 0.9110
validation: 0.4333, 0.8602
epoch:232/250
****************************************************************************************************
training: 0.2942, 0.9030
validation: 0.4346, 0.8585
epoch:233/250
****************************************************************************************************
training: 0.2368, 0.9230
validation: 0.4385, 0.8604
epoch:234/250
****************************************************************************************************
training: 0.2613, 0.9190
validation: 0.4492, 0.8580
epoch:235/250
****************************************************************************************************
training: 0.2470, 0.9250
validation: 0.4378, 0.8587
epoch:236/250
****************************************************************************************************
training: 0.3032, 0.8950
validation: 0.4391, 0.8613
epoch:237/250
****************************************************************************************************
training: 0.2543, 0.9120
validation: 0.4358, 0.8602
epoch:238/250
****************************************************************************************************
training: 0.2512, 0.9170
validation: 0.4355, 0.8594
epoch:239/250
****************************************************************************************************
training: 0.2611, 0.9170
validation: 0.4272, 0.8619
epoch:240/250
****************************************************************************************************
training: 0.2891, 0.8940
validation: 0.4321, 0.8587
epoch:241/250
****************************************************************************************************
training: 0.2911, 0.8990
validation: 0.4375, 0.8581
epoch:242/250
****************************************************************************************************
training: 0.2915, 0.9050
validation: 0.4415, 0.8546
epoch:243/250
****************************************************************************************************
training: 0.2587, 0.9050
validation: 0.4285, 0.8630
epoch:244/250
****************************************************************************************************
training: 0.2845, 0.9050
validation: 0.4366, 0.8591
epoch:245/250
****************************************************************************************************
training: 0.2807, 0.9090
validation: 0.4351, 0.8585
epoch:246/250
****************************************************************************************************
training: 0.2349, 0.9280
validation: 0.4267, 0.8619
epoch:247/250
****************************************************************************************************
training: 0.3017, 0.9020
validation: 0.4378, 0.8593
epoch:248/250
****************************************************************************************************
training: 0.2679, 0.9090
validation: 0.4366, 0.8600
epoch:249/250
****************************************************************************************************
training: 0.2668, 0.9090
validation: 0.4375, 0.8587
