epoch:0/200
****************************************************************************************************
0.001
training: 1.8243, 0.3930
validation: 2.1294, 0.2480
epoch:1/200
****************************************************************************************************
0.001
training: 1.3608, 0.5030
validation: 3.2560, 0.3476
epoch:2/200
****************************************************************************************************
0.001
training: 1.3950, 0.5180
validation: 3.1773, 0.4046
epoch:3/200
****************************************************************************************************
0.001
training: 1.3206, 0.5550
validation: 1.8599, 0.4448
epoch:4/200
****************************************************************************************************
0.001
training: 1.1791, 0.5910
validation: 1.1775, 0.6080
epoch:5/200
****************************************************************************************************
0.001
training: 1.1109, 0.5890
validation: 3.5455, 0.3485
epoch:6/200
****************************************************************************************************
0.001
training: 1.1256, 0.6000
validation: 2.2737, 0.4057
epoch:7/200
****************************************************************************************************
0.001
training: 1.1426, 0.5820
validation: 2.5876, 0.4998
epoch:8/200
****************************************************************************************************
0.001
training: 1.1034, 0.5960
validation: 1.3633, 0.5554
epoch:9/200
****************************************************************************************************
0.001
training: 1.0801, 0.6140
validation: 1.2313, 0.5704
epoch:10/200
****************************************************************************************************
0.001
training: 1.0059, 0.6450
validation: 0.9784, 0.6611
epoch:11/200
****************************************************************************************************
0.001
training: 0.9659, 0.6680
validation: 1.3568, 0.5967
epoch:12/200
****************************************************************************************************
0.001
training: 0.9787, 0.6530
validation: 2.9719, 0.4209
epoch:13/200
****************************************************************************************************
0.001
training: 0.9828, 0.6510
validation: 1.2585, 0.5850
epoch:14/200
****************************************************************************************************
0.001
training: 0.9045, 0.6840
validation: 0.9281, 0.6917
epoch:15/200
****************************************************************************************************
0.001
training: 0.8749, 0.6850
validation: 1.0345, 0.6657
epoch:16/200
****************************************************************************************************
0.001
training: 0.9261, 0.6740
validation: 1.3370, 0.6135
epoch:17/200
****************************************************************************************************
0.001
training: 0.8651, 0.6980
validation: 1.1125, 0.6656
epoch:18/200
****************************************************************************************************
0.001
training: 0.7987, 0.7330
validation: 0.8894, 0.7137
epoch:19/200
****************************************************************************************************
0.001
training: 0.7961, 0.7080
validation: 1.7078, 0.5376
epoch:20/200
****************************************************************************************************
0.001
training: 0.7973, 0.7230
validation: 0.8162, 0.7285
epoch:21/200
****************************************************************************************************
0.001
training: 0.8069, 0.7130
validation: 0.8727, 0.7146
epoch:22/200
****************************************************************************************************
0.001
training: 0.7860, 0.7290
validation: 1.0834, 0.6496
epoch:23/200
****************************************************************************************************
0.001
training: 0.7457, 0.7230
validation: 0.8423, 0.7126
epoch:24/200
****************************************************************************************************
0.001
training: 0.7008, 0.7430
validation: 0.8452, 0.7243
epoch:25/200
****************************************************************************************************
0.001
training: 0.6795, 0.7660
validation: 0.9083, 0.7352
epoch:26/200
****************************************************************************************************
0.001
training: 0.7047, 0.7710
validation: 0.7707, 0.7444
epoch:27/200
****************************************************************************************************
0.001
training: 0.6526, 0.7710
validation: 0.8882, 0.7063
epoch:28/200
****************************************************************************************************
0.001
training: 0.6707, 0.7720
validation: 0.9261, 0.7122
epoch:29/200
****************************************************************************************************
0.001
training: 0.7152, 0.7560
validation: 1.8930, 0.5383
epoch:30/200
****************************************************************************************************
0.001
training: 0.6452, 0.7750
validation: 0.8153, 0.7496
epoch:31/200
****************************************************************************************************
0.001
training: 0.6297, 0.7820
validation: 1.1487, 0.6606
epoch:32/200
****************************************************************************************************
0.001
training: 0.6877, 0.7700
validation: 1.2604, 0.6487
epoch:33/200
****************************************************************************************************
0.001
training: 0.5796, 0.8090
validation: 1.1347, 0.6756
epoch:34/200
****************************************************************************************************
0.001
training: 0.5522, 0.7960
validation: 0.7108, 0.7711
epoch:35/200
****************************************************************************************************
0.001
training: 0.5546, 0.8130
validation: 0.6474, 0.8017
epoch:36/200
****************************************************************************************************
0.001
training: 0.6185, 0.7990
validation: 0.9901, 0.7280
epoch:37/200
****************************************************************************************************
0.001
training: 0.5898, 0.8040
validation: 1.0046, 0.6648
epoch:38/200
****************************************************************************************************
0.001
training: 0.5503, 0.8040
validation: 0.8275, 0.7187
epoch:39/200
****************************************************************************************************
0.001
training: 0.5579, 0.8080
validation: 0.8616, 0.7269
epoch:40/200
****************************************************************************************************
0.001
training: 0.4921, 0.8400
validation: 0.6074, 0.8083
epoch:41/200
****************************************************************************************************
0.001
training: 0.5419, 0.8040
validation: 0.8296, 0.7361
epoch:42/200
****************************************************************************************************
0.001
training: 0.5550, 0.8140
validation: 0.7704, 0.7435
epoch:43/200
****************************************************************************************************
0.001
training: 0.5640, 0.7990
validation: 0.7196, 0.7657
epoch:44/200
****************************************************************************************************
0.001
training: 0.4694, 0.8430
validation: 0.6216, 0.8019
epoch:45/200
****************************************************************************************************
0.001
training: 0.5100, 0.8230
validation: 0.6266, 0.7956
epoch:46/200
****************************************************************************************************
0.001
training: 0.4932, 0.8290
validation: 0.6865, 0.7667
epoch:47/200
****************************************************************************************************
0.001
training: 0.4687, 0.8510
validation: 0.7482, 0.7515
epoch:48/200
****************************************************************************************************
0.001
training: 0.4552, 0.8380
validation: 0.5616, 0.8222
epoch:49/200
****************************************************************************************************
0.001
training: 0.4435, 0.8480
validation: 0.8359, 0.7502
epoch:50/200
****************************************************************************************************
0.001
training: 0.4783, 0.8370
validation: 0.6534, 0.7900
epoch:51/200
****************************************************************************************************
0.001
training: 0.4284, 0.8410
validation: 0.6524, 0.7807
epoch:52/200
****************************************************************************************************
0.001
training: 0.4415, 0.8490
validation: 0.6967, 0.7935
epoch:53/200
****************************************************************************************************
0.001
training: 0.4385, 0.8420
validation: 0.6008, 0.8131
epoch:54/200
****************************************************************************************************
0.001
training: 0.5027, 0.8260
validation: 0.5910, 0.8163
epoch:55/200
****************************************************************************************************
0.001
training: 0.4429, 0.8450
validation: 0.5786, 0.8135
epoch:56/200
****************************************************************************************************
0.001
training: 0.4714, 0.8340
validation: 0.7412, 0.7731
epoch:57/200
****************************************************************************************************
0.001
training: 0.4297, 0.8360
validation: 0.6144, 0.8096
epoch:58/200
****************************************************************************************************
0.001
training: 0.4684, 0.8390
validation: 0.6174, 0.7939
epoch:59/200
****************************************************************************************************
0.001
training: 0.4558, 0.8520
validation: 0.5620, 0.8370
epoch:60/200
****************************************************************************************************
0.001
training: 0.4261, 0.8470
validation: 1.0174, 0.7441
epoch:61/200
****************************************************************************************************
0.001
training: 0.4621, 0.8370
validation: 0.5608, 0.8133
epoch:62/200
****************************************************************************************************
0.001
training: 0.4631, 0.8440
validation: 0.7345, 0.7702
epoch:63/200
****************************************************************************************************
0.001
training: 0.4176, 0.8510
validation: 0.5244, 0.8263
epoch:64/200
****************************************************************************************************
0.001
training: 0.4201, 0.8630
validation: 0.5697, 0.8250
epoch:65/200
****************************************************************************************************
0.001
training: 0.4693, 0.8430
validation: 0.6436, 0.7900
epoch:66/200
****************************************************************************************************
0.001
training: 0.3949, 0.8550
validation: 0.5692, 0.8113
epoch:67/200
****************************************************************************************************
0.001
training: 0.4019, 0.8640
validation: 0.6121, 0.8030
epoch:68/200
****************************************************************************************************
0.001
training: 0.4345, 0.8490
validation: 0.6034, 0.8163
epoch:69/200
****************************************************************************************************
0.001
training: 0.3986, 0.8620
validation: 0.6839, 0.7959
epoch:70/200
****************************************************************************************************
0.001
training: 0.3635, 0.8860
validation: 0.5062, 0.8419
epoch:71/200
****************************************************************************************************
0.001
training: 0.3175, 0.8800
validation: 0.5097, 0.8417
epoch:72/200
****************************************************************************************************
0.001
training: 0.3700, 0.8760
validation: 0.5209, 0.8343
epoch:73/200
****************************************************************************************************
0.001
training: 0.4378, 0.8470
validation: 0.7922, 0.7883
epoch:74/200
****************************************************************************************************
0.001
training: 0.3846, 0.8760
validation: 0.6113, 0.8080
epoch:75/200
****************************************************************************************************
0.001
training: 0.3391, 0.8840
validation: 0.7145, 0.7902
epoch:76/200
****************************************************************************************************
0.001
training: 0.3615, 0.8800
validation: 0.5098, 0.8489
epoch:77/200
****************************************************************************************************
0.001
training: 0.3610, 0.8710
validation: 0.7434, 0.7980
epoch:78/200
****************************************************************************************************
0.001
training: 0.3519, 0.8730
validation: 0.5161, 0.8365
epoch:79/200
****************************************************************************************************
0.001
training: 0.3239, 0.8860
validation: 0.5982, 0.8111
epoch:80/200
****************************************************************************************************
0.001
training: 0.3447, 0.8810
validation: 0.9299, 0.7083
epoch:81/200
****************************************************************************************************
0.001
training: 0.3584, 0.8690
validation: 0.6905, 0.7931
epoch:82/200
****************************************************************************************************
0.001
training: 0.3081, 0.9000
validation: 0.5344, 0.8281
epoch:83/200
****************************************************************************************************
0.001
training: 0.3390, 0.8820
validation: 1.2114, 0.7417
epoch:84/200
****************************************************************************************************
0.001
training: 0.3904, 0.8720
validation: 0.5297, 0.8356
epoch:85/200
****************************************************************************************************
0.001
training: 0.3990, 0.8680
validation: 0.8213, 0.7831
epoch:86/200
****************************************************************************************************
0.001
training: 0.3664, 0.8780
validation: 0.7099, 0.7909
epoch:87/200
****************************************************************************************************
0.001
training: 0.3569, 0.8790
validation: 0.6250, 0.8261
epoch:88/200
****************************************************************************************************
0.001
training: 0.3211, 0.8830
validation: 0.5104, 0.8528
epoch:89/200
****************************************************************************************************
0.001
training: 0.3324, 0.8890
validation: 0.7083, 0.7824
epoch:90/200
****************************************************************************************************
0.001
training: 0.3300, 0.8960
validation: 0.5699, 0.8243
epoch:91/200
****************************************************************************************************
0.001
training: 0.2940, 0.8930
validation: 0.5547, 0.8467
epoch:92/200
****************************************************************************************************
0.001
training: 0.3114, 0.8990
validation: 0.6160, 0.8267
epoch:93/200
****************************************************************************************************
0.001
training: 0.2977, 0.8980
validation: 0.5497, 0.8380
epoch:94/200
****************************************************************************************************
0.001
training: 0.3424, 0.8840
validation: 0.5007, 0.8539
epoch:95/200
****************************************************************************************************
0.001
training: 0.3272, 0.8960
validation: 0.5460, 0.8380
epoch:96/200
****************************************************************************************************
0.001
training: 0.3014, 0.8990
validation: 0.5153, 0.8459
epoch:97/200
****************************************************************************************************
0.001
training: 0.3145, 0.8910
validation: 0.6673, 0.8085
epoch:98/200
****************************************************************************************************
0.001
training: 0.3276, 0.8860
validation: 0.4631, 0.8604
epoch:99/200
****************************************************************************************************
0.001
training: 0.2755, 0.9070
validation: 0.5830, 0.8276
epoch:100/200
****************************************************************************************************
0.001
training: 0.2925, 0.9080
validation: 0.6464, 0.8137
epoch:101/200
****************************************************************************************************
0.001
training: 0.3766, 0.8680
validation: 0.6872, 0.7978
epoch:102/200
****************************************************************************************************
0.001
training: 0.3324, 0.8820
validation: 0.6572, 0.8176
epoch:103/200
****************************************************************************************************
0.001
training: 0.3246, 0.8950
validation: 0.5441, 0.8413
epoch:104/200
****************************************************************************************************
0.001
training: 0.3129, 0.8970
validation: 0.4612, 0.8663
epoch:105/200
****************************************************************************************************
0.001
training: 0.3190, 0.8930
validation: 0.5012, 0.8535
epoch:106/200
****************************************************************************************************
0.001
training: 0.2733, 0.9100
validation: 0.4684, 0.8569
epoch:107/200
****************************************************************************************************
0.001
training: 0.2752, 0.9080
validation: 0.4892, 0.8648
epoch:108/200
****************************************************************************************************
0.001
training: 0.3207, 0.8870
validation: 0.4747, 0.8520
epoch:109/200
****************************************************************************************************
0.001
training: 0.2961, 0.9000
validation: 0.5819, 0.8298
epoch:110/200
****************************************************************************************************
0.001
training: 0.2985, 0.9000
validation: 0.5569, 0.8563
epoch:111/200
****************************************************************************************************
0.001
training: 0.2636, 0.9120
validation: 0.4724, 0.8674
epoch:112/200
****************************************************************************************************
0.001
training: 0.3318, 0.8940
validation: 0.5882, 0.8343
epoch:113/200
****************************************************************************************************
0.001
training: 0.2488, 0.9260
validation: 0.6011, 0.8430
epoch:114/200
****************************************************************************************************
0.001
training: 0.2620, 0.9190
validation: 0.5420, 0.8381
epoch:115/200
****************************************************************************************************
0.001
training: 0.2454, 0.9160
validation: 0.5445, 0.8457
epoch:116/200
****************************************************************************************************
0.001
training: 0.2859, 0.9080
validation: 0.5241, 0.8650
epoch:117/200
****************************************************************************************************
0.001
training: 0.2235, 0.9270
validation: 0.4868, 0.8689
epoch:118/200
****************************************************************************************************
0.001
training: 0.2352, 0.9240
validation: 0.4860, 0.8648
epoch:119/200
****************************************************************************************************
0.001
training: 0.2780, 0.9050
validation: 0.7222, 0.7815
epoch:120/200
****************************************************************************************************
0.0001
training: 0.2117, 0.9250
validation: 0.5201, 0.8596
epoch:121/200
****************************************************************************************************
0.0001
training: 0.2319, 0.9310
validation: 0.4917, 0.8726
epoch:122/200
****************************************************************************************************
0.0001
training: 0.1729, 0.9370
validation: 0.4499, 0.8774
epoch:123/200
****************************************************************************************************
0.0001
training: 0.1485, 0.9490
validation: 0.4385, 0.8785
epoch:124/200
****************************************************************************************************
0.0001
training: 0.1740, 0.9420
validation: 0.4538, 0.8806
epoch:125/200
****************************************************************************************************
0.0001
training: 0.2109, 0.9260
validation: 0.4421, 0.8772
epoch:126/200
****************************************************************************************************
0.0001
training: 0.1699, 0.9470
validation: 0.4239, 0.8817
epoch:127/200
****************************************************************************************************
0.0001
training: 0.1406, 0.9540
validation: 0.4121, 0.8841
epoch:128/200
****************************************************************************************************
0.0001
training: 0.1564, 0.9540
validation: 0.4120, 0.8819
epoch:129/200
****************************************************************************************************
0.0001
training: 0.1436, 0.9510
validation: 0.4129, 0.8813
epoch:130/200
****************************************************************************************************
0.0001
training: 0.1813, 0.9500
validation: 0.4241, 0.8796
epoch:131/200
****************************************************************************************************
0.0001
training: 0.1628, 0.9490
validation: 0.4164, 0.8844
epoch:132/200
****************************************************************************************************
0.0001
training: 0.1895, 0.9300
validation: 0.4215, 0.8820
epoch:133/200
****************************************************************************************************
0.0001
training: 0.1720, 0.9490
validation: 0.4092, 0.8843
epoch:134/200
****************************************************************************************************
0.0001
training: 0.1437, 0.9550
validation: 0.4089, 0.8833
epoch:135/200
****************************************************************************************************
0.0001
training: 0.1313, 0.9580
validation: 0.4143, 0.8833
epoch:136/200
****************************************************************************************************
0.0001
training: 0.1415, 0.9520
validation: 0.4159, 0.8844
epoch:137/200
****************************************************************************************************
0.0001
training: 0.1420, 0.9510
validation: 0.4172, 0.8863
epoch:138/200
****************************************************************************************************
0.0001
training: 0.1531, 0.9470
validation: 0.4424, 0.8800
epoch:139/200
****************************************************************************************************
0.0001
training: 0.1494, 0.9490
validation: 0.4284, 0.8837
epoch:140/200
****************************************************************************************************
0.0001
training: 0.1344, 0.9560
validation: 0.4382, 0.8809
epoch:141/200
****************************************************************************************************
0.0001
training: 0.1389, 0.9500
validation: 0.4108, 0.8896
epoch:142/200
****************************************************************************************************
0.0001
training: 0.1273, 0.9590
validation: 0.4067, 0.8917
epoch:143/200
****************************************************************************************************
0.0001
training: 0.1503, 0.9530
validation: 0.4068, 0.8872
epoch:144/200
****************************************************************************************************
0.0001
training: 0.1121, 0.9640
validation: 0.4129, 0.8876
epoch:145/200
****************************************************************************************************
0.0001
training: 0.1641, 0.9510
validation: 0.4070, 0.8883
epoch:146/200
****************************************************************************************************
0.0001
training: 0.1274, 0.9590
validation: 0.4281, 0.8830
epoch:147/200
****************************************************************************************************
0.0001
training: 0.1105, 0.9620
validation: 0.4196, 0.8857
epoch:148/200
****************************************************************************************************
0.0001
training: 0.1417, 0.9500
validation: 0.4229, 0.8850
epoch:149/200
****************************************************************************************************
0.0001
training: 0.1321, 0.9600
validation: 0.4183, 0.8848
epoch:150/200
****************************************************************************************************
0.0001
training: 0.1343, 0.9580
validation: 0.4098, 0.8856
epoch:151/200
****************************************************************************************************
0.0001
training: 0.1473, 0.9540
validation: 0.4148, 0.8887
epoch:152/200
****************************************************************************************************
0.0001
training: 0.1436, 0.9530
validation: 0.4160, 0.8878
epoch:153/200
****************************************************************************************************
0.0001
training: 0.1422, 0.9550
validation: 0.4228, 0.8867
epoch:154/200
****************************************************************************************************
0.0001
training: 0.1319, 0.9590
validation: 0.4115, 0.8911
epoch:155/200
****************************************************************************************************
0.0001
training: 0.1112, 0.9650
validation: 0.4268, 0.8830
epoch:156/200
****************************************************************************************************
0.0001
training: 0.1074, 0.9550
validation: 0.4263, 0.8839
epoch:157/200
****************************************************************************************************
0.0001
training: 0.1459, 0.9540
validation: 0.4201, 0.8880
epoch:158/200
****************************************************************************************************
0.0001
training: 0.1472, 0.9520
validation: 0.4096, 0.8889
epoch:159/200
****************************************************************************************************
0.0001
training: 0.1269, 0.9650
validation: 0.4194, 0.8869
epoch:160/200
****************************************************************************************************
1.0000000000000003e-05
training: 0.1403, 0.9510
validation: 0.4226, 0.8883
epoch:161/200
****************************************************************************************************
1.0000000000000003e-05
training: 0.1095, 0.9590
validation: 0.4295, 0.8839
epoch:162/200
****************************************************************************************************
1.0000000000000003e-05
training: 0.1174, 0.9620
validation: 0.4265, 0.8846
epoch:163/200
****************************************************************************************************
1.0000000000000003e-05
training: 0.1118, 0.9680
validation: 0.4143, 0.8874
epoch:164/200
****************************************************************************************************
1.0000000000000003e-05
training: 0.1355, 0.9570
validation: 0.4198, 0.8874
epoch:165/200
****************************************************************************************************
1.0000000000000003e-05
training: 0.1206, 0.9620
validation: 0.4157, 0.8870
epoch:166/200
****************************************************************************************************
1.0000000000000003e-05
training: 0.1181, 0.9660
validation: 0.4147, 0.8887
epoch:167/200
****************************************************************************************************
1.0000000000000003e-05
training: 0.1364, 0.9590
validation: 0.4138, 0.8906
epoch:168/200
****************************************************************************************************
1.0000000000000003e-05
training: 0.1049, 0.9660
validation: 0.4147, 0.8891
epoch:169/200
****************************************************************************************************
1.0000000000000003e-05
training: 0.1365, 0.9530
validation: 0.4197, 0.8887
epoch:170/200
****************************************************************************************************
1.0000000000000003e-05
training: 0.1094, 0.9670
validation: 0.4168, 0.8874
epoch:171/200
****************************************************************************************************
1.0000000000000003e-05
training: 0.1329, 0.9600
validation: 0.4181, 0.8881
epoch:172/200
****************************************************************************************************
1.0000000000000003e-05
training: 0.1348, 0.9570
validation: 0.4164, 0.8878
epoch:173/200
****************************************************************************************************
1.0000000000000003e-05
training: 0.1491, 0.9530
validation: 0.4242, 0.8854
epoch:174/200
****************************************************************************************************
1.0000000000000003e-05
training: 0.1563, 0.9520
validation: 0.4148, 0.8870
epoch:175/200
****************************************************************************************************
1.0000000000000003e-05
training: 0.1256, 0.9570
validation: 0.4155, 0.8883
epoch:176/200
****************************************************************************************************
1.0000000000000003e-05
training: 0.1267, 0.9560
validation: 0.4235, 0.8856
epoch:177/200
****************************************************************************************************
1.0000000000000003e-05
training: 0.1690, 0.9530
validation: 0.4227, 0.8859
epoch:178/200
****************************************************************************************************
1.0000000000000003e-05
training: 0.1369, 0.9570
validation: 0.4201, 0.8874
epoch:179/200
****************************************************************************************************
1.0000000000000003e-05
training: 0.1381, 0.9620
validation: 0.4243, 0.8874
epoch:180/200
****************************************************************************************************
1.0000000000000003e-05
training: 0.1589, 0.9520
validation: 0.4155, 0.8870
epoch:181/200
****************************************************************************************************
1.0000000000000003e-05
training: 0.1066, 0.9670
validation: 0.4131, 0.8872
epoch:182/200
****************************************************************************************************
1.0000000000000003e-05
training: 0.1293, 0.9550
validation: 0.4216, 0.8852
epoch:183/200
****************************************************************************************************
1.0000000000000003e-05
training: 0.1417, 0.9570
validation: 0.4186, 0.8865
epoch:184/200
****************************************************************************************************
1.0000000000000003e-05
training: 0.1282, 0.9550
validation: 0.4140, 0.8883
epoch:185/200
****************************************************************************************************
1.0000000000000003e-05
training: 0.1264, 0.9620
validation: 0.4310, 0.8865
epoch:186/200
****************************************************************************************************
1.0000000000000003e-05
training: 0.1181, 0.9640
validation: 0.4229, 0.8844
epoch:187/200
****************************************************************************************************
1.0000000000000003e-05
training: 0.1156, 0.9720
validation: 0.4269, 0.8863
epoch:188/200
****************************************************************************************************
1.0000000000000003e-05
training: 0.1209, 0.9580
validation: 0.4268, 0.8893
epoch:189/200
****************************************************************************************************
1.0000000000000003e-05
training: 0.1197, 0.9660
validation: 0.4237, 0.8852
epoch:190/200
****************************************************************************************************
1.0000000000000003e-05
training: 0.1156, 0.9700
validation: 0.4227, 0.8854
epoch:191/200
****************************************************************************************************
1.0000000000000003e-05
training: 0.1174, 0.9650
validation: 0.4092, 0.8883
epoch:192/200
****************************************************************************************************
1.0000000000000003e-05
training: 0.1419, 0.9600
validation: 0.4228, 0.8898
epoch:193/200
****************************************************************************************************
1.0000000000000003e-05
training: 0.1230, 0.9540
validation: 0.4252, 0.8859
epoch:194/200
****************************************************************************************************
1.0000000000000003e-05
training: 0.1076, 0.9660
validation: 0.4191, 0.8891
epoch:195/200
****************************************************************************************************
1.0000000000000003e-05
training: 0.1275, 0.9570
validation: 0.4205, 0.8894
epoch:196/200
****************************************************************************************************
1.0000000000000003e-05
training: 0.1137, 0.9660
validation: 0.4202, 0.8891
epoch:197/200
****************************************************************************************************
1.0000000000000003e-05
training: 0.1579, 0.9490
validation: 0.4239, 0.8870
epoch:198/200
****************************************************************************************************
1.0000000000000003e-05
training: 0.1397, 0.9530
validation: 0.4208, 0.8872
epoch:199/200
****************************************************************************************************
1.0000000000000003e-05
training: 0.1267, 0.9640
validation: 0.4228, 0.8869
