epoch:0/200
****************************************************************************************************
0.001
training: 1.8794, 0.3740
validation: 2.2076, 0.2502
epoch:1/200
****************************************************************************************************
0.001
training: 1.3542, 0.5240
validation: 2.9172, 0.3928
epoch:2/200
****************************************************************************************************
0.001
training: 1.3083, 0.5530
validation: 7.5863, 0.3844
epoch:3/200
****************************************************************************************************
0.001
training: 1.1769, 0.5840
validation: 3.5945, 0.3494
epoch:4/200
****************************************************************************************************
0.001
training: 1.2383, 0.5530
validation: 1.2304, 0.5772
epoch:5/200
****************************************************************************************************
0.001
training: 1.0908, 0.6100
validation: 1.3279, 0.5463
epoch:6/200
****************************************************************************************************
0.001
training: 1.0295, 0.6320
validation: 1.4951, 0.5448
epoch:7/200
****************************************************************************************************
0.001
training: 1.0480, 0.6360
validation: 1.0619, 0.6156
epoch:8/200
****************************************************************************************************
0.001
training: 0.9928, 0.6520
validation: 1.2234, 0.6298
epoch:9/200
****************************************************************************************************
0.001
training: 0.9794, 0.6530
validation: 1.2259, 0.6357
epoch:10/200
****************************************************************************************************
0.001
training: 0.9626, 0.6380
validation: 1.5555, 0.5750
epoch:11/200
****************************************************************************************************
0.001
training: 0.9150, 0.6760
validation: 1.0016, 0.6465
epoch:12/200
****************************************************************************************************
0.001
training: 0.9400, 0.6600
validation: 1.0997, 0.6533
epoch:13/200
****************************************************************************************************
0.001
training: 0.9126, 0.6850
validation: 0.9169, 0.6765
epoch:14/200
****************************************************************************************************
0.001
training: 0.8909, 0.6790
validation: 1.6433, 0.5128
epoch:15/200
****************************************************************************************************
0.001
training: 0.9203, 0.6860
validation: 1.1669, 0.6259
epoch:16/200
****************************************************************************************************
0.001
training: 0.8437, 0.7130
validation: 1.4923, 0.6098
epoch:17/200
****************************************************************************************************
0.001
training: 0.8750, 0.7000
validation: 0.9544, 0.6772
epoch:18/200
****************************************************************************************************
0.001
training: 0.8208, 0.6980
validation: 1.1216, 0.6244
epoch:19/200
****************************************************************************************************
0.001
training: 0.7972, 0.7260
validation: 1.4515, 0.6026
epoch:20/200
****************************************************************************************************
0.001
training: 0.7865, 0.7220
validation: 1.5273, 0.5756
epoch:21/200
****************************************************************************************************
0.001
training: 0.7309, 0.7510
validation: 1.0384, 0.6806
epoch:22/200
****************************************************************************************************
0.001
training: 0.7610, 0.7500
validation: 0.9873, 0.6717
epoch:23/200
****************************************************************************************************
0.001
training: 0.7491, 0.7480
validation: 0.7606, 0.7309
epoch:24/200
****************************************************************************************************
0.001
training: 0.7902, 0.7460
validation: 1.1646, 0.6070
epoch:25/200
****************************************************************************************************
0.001
training: 0.7224, 0.7530
validation: 1.1647, 0.7241
epoch:26/200
****************************************************************************************************
0.001
training: 0.7131, 0.7540
validation: 1.0173, 0.6263
epoch:27/200
****************************************************************************************************
0.001
training: 0.7180, 0.7520
validation: 0.8733, 0.7433
epoch:28/200
****************************************************************************************************
0.001
training: 0.6933, 0.7650
validation: 0.7367, 0.7278
epoch:29/200
****************************************************************************************************
0.001
training: 0.6584, 0.7700
validation: 0.9170, 0.7267
epoch:30/200
****************************************************************************************************
0.001
training: 0.6929, 0.7480
validation: 0.8781, 0.7331
epoch:31/200
****************************************************************************************************
0.001
training: 0.6762, 0.7740
validation: 0.8869, 0.7304
epoch:32/200
****************************************************************************************************
0.001
training: 0.7098, 0.7520
validation: 1.0440, 0.6431
epoch:33/200
****************************************************************************************************
0.001
training: 0.6942, 0.7590
validation: 0.7553, 0.7500
epoch:34/200
****************************************************************************************************
0.001
training: 0.5799, 0.7950
validation: 0.7335, 0.7656
epoch:35/200
****************************************************************************************************
0.001
training: 0.6233, 0.7870
validation: 0.6672, 0.7865
epoch:36/200
****************************************************************************************************
0.001
training: 0.6065, 0.7960
validation: 0.7856, 0.7407
epoch:37/200
****************************************************************************************************
0.001
training: 0.5452, 0.8160
validation: 0.8912, 0.7544
epoch:38/200
****************************************************************************************************
0.001
training: 0.5837, 0.7960
validation: 0.7194, 0.7852
epoch:39/200
****************************************************************************************************
0.001
training: 0.6034, 0.7910
validation: 1.0500, 0.7002
epoch:40/200
****************************************************************************************************
0.001
training: 0.5533, 0.8170
validation: 0.7598, 0.7585
epoch:41/200
****************************************************************************************************
0.001
training: 0.5118, 0.8160
validation: 0.7070, 0.7674
epoch:42/200
****************************************************************************************************
0.001
training: 0.4328, 0.8550
validation: 0.7719, 0.7733
epoch:43/200
****************************************************************************************************
0.001
training: 0.4829, 0.8340
validation: 0.7367, 0.7637
epoch:44/200
****************************************************************************************************
0.001
training: 0.4701, 0.8290
validation: 0.7386, 0.8002
epoch:45/200
****************************************************************************************************
0.001
training: 0.5331, 0.8220
validation: 0.5931, 0.8133
epoch:46/200
****************************************************************************************************
0.001
training: 0.4557, 0.8490
validation: 0.6894, 0.7889
epoch:47/200
****************************************************************************************************
0.001
training: 0.4523, 0.8470
validation: 0.5971, 0.8057
epoch:48/200
****************************************************************************************************
0.001
training: 0.4396, 0.8430
validation: 0.6117, 0.8104
epoch:49/200
****************************************************************************************************
0.001
training: 0.4338, 0.8590
validation: 0.6207, 0.8102
epoch:50/200
****************************************************************************************************
0.001
training: 0.4685, 0.8290
validation: 0.9758, 0.7306
epoch:51/200
****************************************************************************************************
0.001
training: 0.5247, 0.8150
validation: 1.0733, 0.7080
epoch:52/200
****************************************************************************************************
0.001
training: 0.5427, 0.8120
validation: 0.7401, 0.7580
epoch:53/200
****************************************************************************************************
0.001
training: 0.4393, 0.8560
validation: 0.6039, 0.8000
epoch:54/200
****************************************************************************************************
0.001
training: 0.4811, 0.8330
validation: 0.6906, 0.7919
epoch:55/200
****************************************************************************************************
0.001
training: 0.3982, 0.8570
validation: 0.6851, 0.7872
epoch:56/200
****************************************************************************************************
0.001
training: 0.4226, 0.8510
validation: 0.6756, 0.7959
epoch:57/200
****************************************************************************************************
0.001
training: 0.3830, 0.8670
validation: 0.7667, 0.7602
epoch:58/200
****************************************************************************************************
0.001
training: 0.4217, 0.8590
validation: 0.6175, 0.8122
epoch:59/200
****************************************************************************************************
0.001
training: 0.3952, 0.8640
validation: 0.8403, 0.7561
epoch:60/200
****************************************************************************************************
0.001
training: 0.4195, 0.8660
validation: 0.5815, 0.8239
epoch:61/200
****************************************************************************************************
0.001
training: 0.3724, 0.8740
validation: 0.8157, 0.8002
epoch:62/200
****************************************************************************************************
0.001
training: 0.5040, 0.8220
validation: 0.9912, 0.7313
epoch:63/200
****************************************************************************************************
0.001
training: 0.3687, 0.8740
validation: 0.7246, 0.7778
epoch:64/200
****************************************************************************************************
0.001
training: 0.4222, 0.8640
validation: 0.6239, 0.8028
epoch:65/200
****************************************************************************************************
0.001
training: 0.3458, 0.8750
validation: 0.5455, 0.8381
epoch:66/200
****************************************************************************************************
0.001
training: 0.3111, 0.8900
validation: 0.6025, 0.8100
epoch:67/200
****************************************************************************************************
0.001
training: 0.3817, 0.8700
validation: 0.4999, 0.8411
epoch:68/200
****************************************************************************************************
0.001
training: 0.4207, 0.8700
validation: 0.5225, 0.8317
epoch:69/200
****************************************************************************************************
0.001
training: 0.3103, 0.8950
validation: 0.5464, 0.8309
epoch:70/200
****************************************************************************************************
0.001
training: 0.3668, 0.8810
validation: 0.6532, 0.7946
epoch:71/200
****************************************************************************************************
0.001
training: 0.3662, 0.8740
validation: 0.6868, 0.8011
epoch:72/200
****************************************************************************************************
0.001
training: 0.3916, 0.8710
validation: 0.7400, 0.8065
epoch:73/200
****************************************************************************************************
0.001
training: 0.3483, 0.8800
validation: 0.5589, 0.8381
epoch:74/200
****************************************************************************************************
0.001
training: 0.2957, 0.9020
validation: 0.5518, 0.8256
epoch:75/200
****************************************************************************************************
0.001
training: 0.3062, 0.8950
validation: 0.7650, 0.7789
epoch:76/200
****************************************************************************************************
0.001
training: 0.3405, 0.8870
validation: 0.5669, 0.8307
epoch:77/200
****************************************************************************************************
0.001
training: 0.3509, 0.8840
validation: 0.6956, 0.8024
epoch:78/200
****************************************************************************************************
0.001
training: 0.3078, 0.8980
validation: 1.0228, 0.7289
epoch:79/200
****************************************************************************************************
0.001
training: 0.3485, 0.8840
validation: 0.7201, 0.7833
epoch:80/200
****************************************************************************************************
0.001
training: 0.3177, 0.8930
validation: 0.7429, 0.8235
epoch:81/200
****************************************************************************************************
0.001
training: 0.3210, 0.8980
validation: 0.5784, 0.8370
epoch:82/200
****************************************************************************************************
0.001
training: 0.3164, 0.9000
validation: 0.5471, 0.8430
epoch:83/200
****************************************************************************************************
0.001
training: 0.2879, 0.9040
validation: 0.5428, 0.8383
epoch:84/200
****************************************************************************************************
0.001
training: 0.2564, 0.9150
validation: 0.6522, 0.8156
epoch:85/200
****************************************************************************************************
0.001
training: 0.2688, 0.9040
validation: 0.6607, 0.8211
epoch:86/200
****************************************************************************************************
0.001
training: 0.2424, 0.9150
validation: 0.7274, 0.8293
epoch:87/200
****************************************************************************************************
0.001
training: 0.3060, 0.9090
validation: 0.7358, 0.8072
epoch:88/200
****************************************************************************************************
0.001
training: 0.3037, 0.9050
validation: 0.6443, 0.8265
epoch:89/200
****************************************************************************************************
0.001
training: 0.2954, 0.8930
validation: 0.5602, 0.8383
epoch:90/200
****************************************************************************************************
0.001
training: 0.2654, 0.9110
validation: 1.0346, 0.7633
epoch:91/200
****************************************************************************************************
0.001
training: 0.3384, 0.8790
validation: 0.7420, 0.7900
epoch:92/200
****************************************************************************************************
0.001
training: 0.2647, 0.9180
validation: 0.9069, 0.7709
epoch:93/200
****************************************************************************************************
0.001
training: 0.3129, 0.9020
validation: 0.7279, 0.8054
epoch:94/200
****************************************************************************************************
0.001
training: 0.2490, 0.9140
validation: 0.5908, 0.8378
epoch:95/200
****************************************************************************************************
0.001
training: 0.2670, 0.9100
validation: 0.5670, 0.8322
epoch:96/200
****************************************************************************************************
0.001
training: 0.2392, 0.9200
validation: 0.6278, 0.8280
epoch:97/200
****************************************************************************************************
0.001
training: 0.2566, 0.9260
validation: 0.6327, 0.8283
epoch:98/200
****************************************************************************************************
0.001
training: 0.3042, 0.9040
validation: 0.6326, 0.8198
epoch:99/200
****************************************************************************************************
0.001
training: 0.2976, 0.8940
validation: 0.8001, 0.8096
epoch:100/200
****************************************************************************************************
0.001
training: 0.2423, 0.9230
validation: 0.6749, 0.8224
epoch:101/200
****************************************************************************************************
0.001
training: 0.2709, 0.9130
validation: 0.5833, 0.8411
epoch:102/200
****************************************************************************************************
0.001
training: 0.2766, 0.9200
validation: 0.7038, 0.8004
epoch:103/200
****************************************************************************************************
0.001
training: 0.2235, 0.9250
validation: 0.5648, 0.8391
epoch:104/200
****************************************************************************************************
0.001
training: 0.2149, 0.9330
validation: 0.5103, 0.8556
epoch:105/200
****************************************************************************************************
0.001
training: 0.2836, 0.9090
validation: 0.7104, 0.8046
epoch:106/200
****************************************************************************************************
0.001
training: 0.2971, 0.9110
validation: 0.5549, 0.8372
epoch:107/200
****************************************************************************************************
0.001
training: 0.2671, 0.9110
validation: 0.5953, 0.8261
epoch:108/200
****************************************************************************************************
0.001
training: 0.2553, 0.9200
validation: 0.6941, 0.8343
epoch:109/200
****************************************************************************************************
0.001
training: 0.2734, 0.9090
validation: 0.6085, 0.8330
epoch:110/200
****************************************************************************************************
0.001
training: 0.2006, 0.9270
validation: 0.5127, 0.8504
epoch:111/200
****************************************************************************************************
0.001
training: 0.2112, 0.9270
validation: 0.5436, 0.8546
epoch:112/200
****************************************************************************************************
0.001
training: 0.2470, 0.9210
validation: 0.5733, 0.8385
epoch:113/200
****************************************************************************************************
0.001
training: 0.1897, 0.9450
validation: 0.5400, 0.8552
epoch:114/200
****************************************************************************************************
0.001
training: 0.2569, 0.9230
validation: 0.5748, 0.8415
epoch:115/200
****************************************************************************************************
0.001
training: 0.2447, 0.9230
validation: 0.5872, 0.8487
epoch:116/200
****************************************************************************************************
0.001
training: 0.3019, 0.9090
validation: 0.6941, 0.8183
epoch:117/200
****************************************************************************************************
0.001
training: 0.2691, 0.9100
validation: 0.5818, 0.8348
epoch:118/200
****************************************************************************************************
0.001
training: 0.2633, 0.9280
validation: 0.6743, 0.8094
epoch:119/200
****************************************************************************************************
0.001
training: 0.3005, 0.9080
validation: 0.5871, 0.8252
epoch:120/200
****************************************************************************************************
0.0001
training: 0.2139, 0.9330
validation: 0.4844, 0.8663
epoch:121/200
****************************************************************************************************
0.0001
training: 0.2007, 0.9360
validation: 0.4777, 0.8670
epoch:122/200
****************************************************************************************************
0.0001
training: 0.1455, 0.9590
validation: 0.4593, 0.8683
epoch:123/200
****************************************************************************************************
0.0001
training: 0.1617, 0.9500
validation: 0.4576, 0.8665
epoch:124/200
****************************************************************************************************
0.0001
training: 0.1405, 0.9550
validation: 0.4611, 0.8667
epoch:125/200
****************************************************************************************************
0.0001
training: 0.1511, 0.9590
validation: 0.4357, 0.8728
epoch:126/200
****************************************************************************************************
0.0001
training: 0.1447, 0.9510
validation: 0.4379, 0.8733
epoch:127/200
****************************************************************************************************
0.0001
training: 0.1610, 0.9470
validation: 0.4294, 0.8770
epoch:128/200
****************************************************************************************************
0.0001
training: 0.1218, 0.9650
validation: 0.4492, 0.8739
epoch:129/200
****************************************************************************************************
0.0001
training: 0.1342, 0.9620
validation: 0.4419, 0.8739
epoch:130/200
****************************************************************************************************
0.0001
training: 0.1594, 0.9450
validation: 0.4364, 0.8756
epoch:131/200
****************************************************************************************************
0.0001
training: 0.1186, 0.9710
validation: 0.4590, 0.8687
epoch:132/200
****************************************************************************************************
0.0001
training: 0.1570, 0.9580
validation: 0.4538, 0.8674
epoch:133/200
****************************************************************************************************
0.0001
training: 0.1306, 0.9590
validation: 0.4476, 0.8700
epoch:134/200
****************************************************************************************************
0.0001
training: 0.1352, 0.9620
validation: 0.4448, 0.8669
epoch:135/200
****************************************************************************************************
0.0001
training: 0.1174, 0.9670
validation: 0.4405, 0.8726
epoch:136/200
****************************************************************************************************
0.0001
training: 0.1464, 0.9590
validation: 0.4403, 0.8704
epoch:137/200
****************************************************************************************************
0.0001
training: 0.1088, 0.9630
validation: 0.4465, 0.8720
epoch:138/200
****************************************************************************************************
0.0001
training: 0.1277, 0.9640
validation: 0.4665, 0.8696
epoch:139/200
****************************************************************************************************
0.0001
training: 0.1220, 0.9640
validation: 0.4787, 0.8637
epoch:140/200
****************************************************************************************************
0.0001
training: 0.1197, 0.9690
validation: 0.4748, 0.8661
epoch:141/200
****************************************************************************************************
0.0001
training: 0.1351, 0.9620
validation: 0.4483, 0.8717
epoch:142/200
****************************************************************************************************
0.0001
training: 0.1362, 0.9620
validation: 0.4478, 0.8724
epoch:143/200
****************************************************************************************************
0.0001
training: 0.0998, 0.9650
validation: 0.4497, 0.8704
epoch:144/200
****************************************************************************************************
0.0001
training: 0.1152, 0.9640
validation: 0.4435, 0.8741
epoch:145/200
****************************************************************************************************
0.0001
training: 0.1176, 0.9630
validation: 0.4555, 0.8726
epoch:146/200
****************************************************************************************************
0.0001
training: 0.1035, 0.9690
validation: 0.4541, 0.8733
epoch:147/200
****************************************************************************************************
0.0001
training: 0.1050, 0.9680
validation: 0.4550, 0.8702
epoch:148/200
****************************************************************************************************
0.0001
training: 0.1088, 0.9660
validation: 0.4636, 0.8700
epoch:149/200
****************************************************************************************************
0.0001
training: 0.0993, 0.9740
validation: 0.4620, 0.8713
epoch:150/200
****************************************************************************************************
0.0001
training: 0.1179, 0.9670
validation: 0.4459, 0.8750
epoch:151/200
****************************************************************************************************
0.0001
training: 0.1057, 0.9720
validation: 0.4506, 0.8726
epoch:152/200
****************************************************************************************************
0.0001
training: 0.1087, 0.9670
validation: 0.4441, 0.8731
epoch:153/200
****************************************************************************************************
0.0001
training: 0.0909, 0.9680
validation: 0.4575, 0.8724
epoch:154/200
****************************************************************************************************
0.0001
training: 0.1104, 0.9670
validation: 0.4622, 0.8719
epoch:155/200
****************************************************************************************************
0.0001
training: 0.1505, 0.9610
validation: 0.4803, 0.8700
epoch:156/200
****************************************************************************************************
0.0001
training: 0.1238, 0.9650
validation: 0.4717, 0.8731
epoch:157/200
****************************************************************************************************
0.0001
training: 0.0994, 0.9730
validation: 0.4664, 0.8739
epoch:158/200
****************************************************************************************************
0.0001
training: 0.0910, 0.9720
validation: 0.4631, 0.8704
epoch:159/200
****************************************************************************************************
0.0001
training: 0.1116, 0.9660
validation: 0.4510, 0.8713
epoch:160/200
****************************************************************************************************
1.0000000000000003e-05
training: 0.1016, 0.9660
validation: 0.4571, 0.8739
epoch:161/200
****************************************************************************************************
1.0000000000000003e-05
training: 0.1268, 0.9680
validation: 0.4635, 0.8717
epoch:162/200
****************************************************************************************************
1.0000000000000003e-05
training: 0.1246, 0.9620
validation: 0.4501, 0.8726
epoch:163/200
****************************************************************************************************
1.0000000000000003e-05
training: 0.1011, 0.9690
validation: 0.4557, 0.8737
epoch:164/200
****************************************************************************************************
1.0000000000000003e-05
training: 0.1090, 0.9640
validation: 0.4533, 0.8733
epoch:165/200
****************************************************************************************************
1.0000000000000003e-05
training: 0.0959, 0.9690
validation: 0.4486, 0.8746
epoch:166/200
****************************************************************************************************
1.0000000000000003e-05
training: 0.1294, 0.9590
validation: 0.4526, 0.8728
epoch:167/200
****************************************************************************************************
1.0000000000000003e-05
training: 0.0921, 0.9680
validation: 0.4565, 0.8730
epoch:168/200
****************************************************************************************************
1.0000000000000003e-05
training: 0.0926, 0.9690
validation: 0.4533, 0.8744
epoch:169/200
****************************************************************************************************
1.0000000000000003e-05
training: 0.1119, 0.9700
validation: 0.4513, 0.8746
epoch:170/200
****************************************************************************************************
1.0000000000000003e-05
training: 0.1211, 0.9630
validation: 0.4461, 0.8735
epoch:171/200
****************************************************************************************************
1.0000000000000003e-05
training: 0.0738, 0.9790
validation: 0.4567, 0.8733
epoch:172/200
****************************************************************************************************
1.0000000000000003e-05
training: 0.1347, 0.9650
validation: 0.4667, 0.8726
epoch:173/200
****************************************************************************************************
1.0000000000000003e-05
training: 0.1089, 0.9650
validation: 0.4569, 0.8735
epoch:174/200
****************************************************************************************************
1.0000000000000003e-05
training: 0.0984, 0.9700
validation: 0.4548, 0.8739
epoch:175/200
****************************************************************************************************
1.0000000000000003e-05
training: 0.1061, 0.9690
validation: 0.4575, 0.8735
epoch:176/200
****************************************************************************************************
1.0000000000000003e-05
training: 0.1055, 0.9710
validation: 0.4512, 0.8739
epoch:177/200
****************************************************************************************************
1.0000000000000003e-05
training: 0.1123, 0.9650
validation: 0.4568, 0.8733
epoch:178/200
****************************************************************************************************
1.0000000000000003e-05
training: 0.0786, 0.9790
validation: 0.4563, 0.8741
epoch:179/200
****************************************************************************************************
1.0000000000000003e-05
training: 0.1000, 0.9710
validation: 0.4620, 0.8765
epoch:180/200
****************************************************************************************************
1.0000000000000003e-05
training: 0.0978, 0.9700
validation: 0.4589, 0.8733
epoch:181/200
****************************************************************************************************
1.0000000000000003e-05
training: 0.0991, 0.9720
validation: 0.4565, 0.8746
epoch:182/200
****************************************************************************************************
1.0000000000000003e-05
training: 0.0760, 0.9750
validation: 0.4534, 0.8757
epoch:183/200
****************************************************************************************************
1.0000000000000003e-05
training: 0.1304, 0.9680
validation: 0.4658, 0.8746
epoch:184/200
****************************************************************************************************
1.0000000000000003e-05
training: 0.0941, 0.9720
validation: 0.4516, 0.8746
epoch:185/200
****************************************************************************************************
1.0000000000000003e-05
training: 0.0962, 0.9680
validation: 0.4564, 0.8735
epoch:186/200
****************************************************************************************************
1.0000000000000003e-05
training: 0.1161, 0.9610
validation: 0.4576, 0.8733
epoch:187/200
****************************************************************************************************
1.0000000000000003e-05
training: 0.1210, 0.9620
validation: 0.4541, 0.8720
epoch:188/200
****************************************************************************************************
1.0000000000000003e-05
training: 0.1096, 0.9670
validation: 0.4593, 0.8719
epoch:189/200
****************************************************************************************************
1.0000000000000003e-05
training: 0.0824, 0.9750
validation: 0.4589, 0.8696
epoch:190/200
****************************************************************************************************
1.0000000000000003e-05
training: 0.0979, 0.9700
validation: 0.4646, 0.8711
epoch:191/200
****************************************************************************************************
1.0000000000000003e-05
training: 0.0911, 0.9760
validation: 0.4651, 0.8722
epoch:192/200
****************************************************************************************************
1.0000000000000003e-05
training: 0.0969, 0.9720
validation: 0.4655, 0.8735
epoch:193/200
****************************************************************************************************
1.0000000000000003e-05
training: 0.0731, 0.9790
validation: 0.4637, 0.8717
epoch:194/200
****************************************************************************************************
1.0000000000000003e-05
training: 0.0990, 0.9730
validation: 0.4620, 0.8728
epoch:195/200
****************************************************************************************************
1.0000000000000003e-05
training: 0.0974, 0.9740
validation: 0.4718, 0.8733
epoch:196/200
****************************************************************************************************
1.0000000000000003e-05
training: 0.0984, 0.9690
validation: 0.4656, 0.8700
epoch:197/200
****************************************************************************************************
1.0000000000000003e-05
training: 0.0882, 0.9770
validation: 0.4669, 0.8694
epoch:198/200
****************************************************************************************************
1.0000000000000003e-05
training: 0.1115, 0.9630
validation: 0.4539, 0.8735
epoch:199/200
****************************************************************************************************
1.0000000000000003e-05
training: 0.0909, 0.9770
validation: 0.4630, 0.8720
