epoch:0/200
****************************************************************************************************
0.001
training: 1.8353, 0.3780
validation: 2.1423, 0.2196
epoch:1/200
****************************************************************************************************
0.001
training: 1.4051, 0.4940
validation: 2.9332, 0.3243
epoch:2/200
****************************************************************************************************
0.001
training: 1.3811, 0.5280
validation: 2.8578, 0.4667
epoch:3/200
****************************************************************************************************
0.001
training: 1.2040, 0.5870
validation: 3.6851, 0.3659
epoch:4/200
****************************************************************************************************
0.001
training: 1.2770, 0.5480
validation: 1.7442, 0.4702
epoch:5/200
****************************************************************************************************
0.001
training: 1.1900, 0.5860
validation: 1.4747, 0.5239
epoch:6/200
****************************************************************************************************
0.001
training: 1.1277, 0.6320
validation: 1.6211, 0.5443
epoch:7/200
****************************************************************************************************
0.001
training: 0.9995, 0.6580
validation: 1.3630, 0.5661
epoch:8/200
****************************************************************************************************
0.001
training: 1.0518, 0.6480
validation: 1.1088, 0.6485
epoch:9/200
****************************************************************************************************
0.001
training: 1.0208, 0.6280
validation: 1.3269, 0.5259
epoch:10/200
****************************************************************************************************
0.001
training: 0.9891, 0.6510
validation: 0.9293, 0.6928
epoch:11/200
****************************************************************************************************
0.001
training: 0.9177, 0.6880
validation: 1.4012, 0.5620
epoch:12/200
****************************************************************************************************
0.001
training: 0.9304, 0.6710
validation: 2.2015, 0.4748
epoch:13/200
****************************************************************************************************
0.001
training: 1.0120, 0.6430
validation: 1.5996, 0.6589
epoch:14/200
****************************************************************************************************
0.001
training: 0.9069, 0.6800
validation: 1.5499, 0.6206
epoch:15/200
****************************************************************************************************
0.001
training: 0.8967, 0.6850
validation: 0.8189, 0.7109
epoch:16/200
****************************************************************************************************
0.001
training: 0.7995, 0.7110
validation: 0.8985, 0.6974
epoch:17/200
****************************************************************************************************
0.001
training: 0.7567, 0.7310
validation: 1.1301, 0.6231
epoch:18/200
****************************************************************************************************
0.001
training: 0.7477, 0.7430
validation: 0.7646, 0.7570
epoch:19/200
****************************************************************************************************
0.001
training: 0.7938, 0.7430
validation: 1.1157, 0.6750
epoch:20/200
****************************************************************************************************
0.001
training: 0.8447, 0.7050
validation: 0.9941, 0.6919
epoch:21/200
****************************************************************************************************
0.001
training: 0.8035, 0.7250
validation: 1.4411, 0.6074
epoch:22/200
****************************************************************************************************
0.001
training: 0.7403, 0.7440
validation: 0.7953, 0.7200
epoch:23/200
****************************************************************************************************
0.001
training: 0.7027, 0.7630
validation: 0.8281, 0.7346
epoch:24/200
****************************************************************************************************
0.001
training: 0.6910, 0.7500
validation: 0.7420, 0.7598
epoch:25/200
****************************************************************************************************
0.001
training: 0.6769, 0.7700
validation: 0.9573, 0.6459
epoch:26/200
****************************************************************************************************
0.001
training: 0.8394, 0.7210
validation: 1.4633, 0.6244
epoch:27/200
****************************************************************************************************
0.001
training: 0.7500, 0.7470
validation: 0.8677, 0.7319
epoch:28/200
****************************************************************************************************
0.001
training: 0.6963, 0.7580
validation: 0.7917, 0.7357
epoch:29/200
****************************************************************************************************
0.001
training: 0.6958, 0.7530
validation: 1.1673, 0.6481
epoch:30/200
****************************************************************************************************
0.001
training: 0.6574, 0.7780
validation: 0.7582, 0.7587
epoch:31/200
****************************************************************************************************
0.001
training: 0.6626, 0.7750
validation: 0.7251, 0.7648
epoch:32/200
****************************************************************************************************
0.001
training: 0.6391, 0.7860
validation: 0.8819, 0.6811
epoch:33/200
****************************************************************************************************
0.001
training: 0.6756, 0.7740
validation: 0.7558, 0.7469
epoch:34/200
****************************************************************************************************
0.001
training: 0.6325, 0.7840
validation: 0.8068, 0.7411
epoch:35/200
****************************************************************************************************
0.001
training: 0.6657, 0.7490
validation: 0.7428, 0.7737
epoch:36/200
****************************************************************************************************
0.001
training: 0.6091, 0.8000
validation: 1.2706, 0.6333
epoch:37/200
****************************************************************************************************
0.001
training: 0.5890, 0.7910
validation: 0.6980, 0.7765
epoch:38/200
****************************************************************************************************
0.001
training: 0.5552, 0.8050
validation: 0.8434, 0.7356
epoch:39/200
****************************************************************************************************
0.001
training: 0.6119, 0.7890
validation: 0.8266, 0.7206
epoch:40/200
****************************************************************************************************
0.001
training: 0.6969, 0.7570
validation: 0.8784, 0.7124
epoch:41/200
****************************************************************************************************
0.001
training: 0.6168, 0.7950
validation: 1.0966, 0.6969
epoch:42/200
****************************************************************************************************
0.001
training: 0.5984, 0.7910
validation: 0.6687, 0.7830
epoch:43/200
****************************************************************************************************
0.001
training: 0.6382, 0.7810
validation: 0.8585, 0.7131
epoch:44/200
****************************************************************************************************
0.001
training: 0.5515, 0.8180
validation: 1.4022, 0.7261
epoch:45/200
****************************************************************************************************
0.001
training: 0.5894, 0.8000
validation: 0.7925, 0.7389
epoch:46/200
****************************************************************************************************
0.001
training: 0.4714, 0.8380
validation: 0.6088, 0.8087
epoch:47/200
****************************************************************************************************
0.001
training: 0.5501, 0.8140
validation: 0.7055, 0.7650
epoch:48/200
****************************************************************************************************
0.001
training: 0.5694, 0.8070
validation: 0.7227, 0.7674
epoch:49/200
****************************************************************************************************
0.001
training: 0.6187, 0.7800
validation: 0.6921, 0.7833
epoch:50/200
****************************************************************************************************
0.001
training: 0.6038, 0.7910
validation: 0.8327, 0.7256
epoch:51/200
****************************************************************************************************
0.001
training: 0.5719, 0.7920
validation: 0.5827, 0.8037
epoch:52/200
****************************************************************************************************
0.001
training: 0.4963, 0.8350
validation: 0.6420, 0.7937
epoch:53/200
****************************************************************************************************
0.001
training: 0.5171, 0.8190
validation: 0.6218, 0.8004
epoch:54/200
****************************************************************************************************
0.001
training: 0.4914, 0.8440
validation: 0.6822, 0.7754
epoch:55/200
****************************************************************************************************
0.001
training: 0.5329, 0.8210
validation: 0.7324, 0.7567
epoch:56/200
****************************************************************************************************
0.001
training: 0.4734, 0.8280
validation: 0.6127, 0.8076
epoch:57/200
****************************************************************************************************
0.001
training: 0.4830, 0.8330
validation: 0.6764, 0.7815
epoch:58/200
****************************************************************************************************
0.001
training: 0.5222, 0.8080
validation: 0.5905, 0.8157
epoch:59/200
****************************************************************************************************
0.001
training: 0.4982, 0.8230
validation: 0.6547, 0.8046
epoch:60/200
****************************************************************************************************
0.001
training: 0.4276, 0.8420
validation: 0.6179, 0.8035
epoch:61/200
****************************************************************************************************
0.001
training: 0.5046, 0.8310
validation: 0.5932, 0.8083
epoch:62/200
****************************************************************************************************
0.001
training: 0.4417, 0.8600
validation: 0.6306, 0.8117
epoch:63/200
****************************************************************************************************
0.001
training: 0.4765, 0.8380
validation: 0.8028, 0.7752
epoch:64/200
****************************************************************************************************
0.001
training: 0.4869, 0.8380
validation: 0.7852, 0.7661
epoch:65/200
****************************************************************************************************
0.001
training: 0.4546, 0.8490
validation: 0.6059, 0.8011
epoch:66/200
****************************************************************************************************
0.001
training: 0.4182, 0.8490
validation: 0.6077, 0.8130
epoch:67/200
****************************************************************************************************
0.001
training: 0.4795, 0.8450
validation: 0.6941, 0.7974
epoch:68/200
****************************************************************************************************
0.001
training: 0.4862, 0.8380
validation: 0.8594, 0.7352
epoch:69/200
****************************************************************************************************
0.001
training: 0.4196, 0.8580
validation: 0.6285, 0.8219
epoch:70/200
****************************************************************************************************
0.001
training: 0.5020, 0.8410
validation: 0.7703, 0.7576
epoch:71/200
****************************************************************************************************
0.001
training: 0.4625, 0.8420
validation: 0.5716, 0.8178
epoch:72/200
****************************************************************************************************
0.001
training: 0.3819, 0.8720
validation: 0.5756, 0.8152
epoch:73/200
****************************************************************************************************
0.001
training: 0.4386, 0.8510
validation: 0.7001, 0.7722
epoch:74/200
****************************************************************************************************
0.001
training: 0.4315, 0.8460
validation: 0.7496, 0.7717
epoch:75/200
****************************************************************************************************
0.001
training: 0.4594, 0.8500
validation: 0.6426, 0.7965
epoch:76/200
****************************************************************************************************
0.001
training: 0.4365, 0.8610
validation: 0.5551, 0.8317
epoch:77/200
****************************************************************************************************
0.001
training: 0.4346, 0.8490
validation: 0.7630, 0.7687
epoch:78/200
****************************************************************************************************
0.001
training: 0.3981, 0.8620
validation: 0.5866, 0.8170
epoch:79/200
****************************************************************************************************
0.001
training: 0.4014, 0.8540
validation: 0.6394, 0.8257
epoch:80/200
****************************************************************************************************
0.001
training: 0.3517, 0.8770
validation: 0.6812, 0.8000
epoch:81/200
****************************************************************************************************
0.001
training: 0.4169, 0.8460
validation: 0.6498, 0.7959
epoch:82/200
****************************************************************************************************
0.001
training: 0.3796, 0.8650
validation: 0.6616, 0.8098
epoch:83/200
****************************************************************************************************
0.001
training: 0.4169, 0.8510
validation: 0.6414, 0.8065
epoch:84/200
****************************************************************************************************
0.001
training: 0.4816, 0.8500
validation: 0.8742, 0.7524
epoch:85/200
****************************************************************************************************
0.001
training: 0.4318, 0.8560
validation: 0.7640, 0.8076
epoch:86/200
****************************************************************************************************
0.001
training: 0.3804, 0.8690
validation: 0.7150, 0.7972
epoch:87/200
****************************************************************************************************
0.001
training: 0.3747, 0.8790
validation: 0.6881, 0.7857
epoch:88/200
****************************************************************************************************
0.001
training: 0.3929, 0.8590
validation: 0.7925, 0.7780
epoch:89/200
****************************************************************************************************
0.001
training: 0.3841, 0.8760
validation: 0.8381, 0.7917
epoch:90/200
****************************************************************************************************
0.001
training: 0.3670, 0.8750
validation: 0.4945, 0.8433
epoch:91/200
****************************************************************************************************
0.001
training: 0.3654, 0.8720
validation: 0.9902, 0.7074
epoch:92/200
****************************************************************************************************
0.001
training: 0.4084, 0.8610
validation: 0.6559, 0.7994
epoch:93/200
****************************************************************************************************
0.001
training: 0.3532, 0.8760
validation: 0.5972, 0.8154
epoch:94/200
****************************************************************************************************
0.001
training: 0.3618, 0.8740
validation: 0.5620, 0.8339
epoch:95/200
****************************************************************************************************
0.001
training: 0.3590, 0.8720
validation: 0.5392, 0.8341
epoch:96/200
****************************************************************************************************
0.001
training: 0.3156, 0.8990
validation: 0.5878, 0.8263
epoch:97/200
****************************************************************************************************
0.001
training: 0.3538, 0.8810
validation: 0.6322, 0.8113
epoch:98/200
****************************************************************************************************
0.001
training: 0.3448, 0.8770
validation: 0.6999, 0.8033
epoch:99/200
****************************************************************************************************
0.001
training: 0.3555, 0.8820
validation: 0.6000, 0.8237
epoch:100/200
****************************************************************************************************
0.001
training: 0.3627, 0.8750
validation: 0.7446, 0.7811
epoch:101/200
****************************************************************************************************
0.001
training: 0.3730, 0.8660
validation: 0.6788, 0.8263
epoch:102/200
****************************************************************************************************
0.001
training: 0.3718, 0.8800
validation: 0.5180, 0.8361
epoch:103/200
****************************************************************************************************
0.001
training: 0.3911, 0.8730
validation: 0.5505, 0.8383
epoch:104/200
****************************************************************************************************
0.001
training: 0.3519, 0.8940
validation: 0.6185, 0.8070
epoch:105/200
****************************************************************************************************
0.001
training: 0.3776, 0.8670
validation: 0.5330, 0.8428
epoch:106/200
****************************************************************************************************
0.001
training: 0.3504, 0.8840
validation: 0.6672, 0.8056
epoch:107/200
****************************************************************************************************
0.001
training: 0.3494, 0.8730
validation: 0.7066, 0.8083
epoch:108/200
****************************************************************************************************
0.001
training: 0.3200, 0.8860
validation: 0.5731, 0.8181
epoch:109/200
****************************************************************************************************
0.001
training: 0.3467, 0.8800
validation: 0.5025, 0.8565
epoch:110/200
****************************************************************************************************
0.001
training: 0.3561, 0.8910
validation: 0.5145, 0.8428
epoch:111/200
****************************************************************************************************
0.001
training: 0.3341, 0.8860
validation: 0.5642, 0.8256
epoch:112/200
****************************************************************************************************
0.001
training: 0.3448, 0.8780
validation: 0.6566, 0.8124
epoch:113/200
****************************************************************************************************
0.001
training: 0.3343, 0.8890
validation: 0.5948, 0.8504
epoch:114/200
****************************************************************************************************
0.001
training: 0.3522, 0.8780
validation: 0.5243, 0.8452
epoch:115/200
****************************************************************************************************
0.001
training: 0.3414, 0.8820
validation: 0.4906, 0.8504
epoch:116/200
****************************************************************************************************
0.001
training: 0.3146, 0.9040
validation: 0.4723, 0.8561
epoch:117/200
****************************************************************************************************
0.001
training: 0.2896, 0.9020
validation: 0.5139, 0.8556
epoch:118/200
****************************************************************************************************
0.001
training: 0.3265, 0.8860
validation: 0.5694, 0.8248
epoch:119/200
****************************************************************************************************
0.001
training: 0.2911, 0.8990
validation: 0.5048, 0.8417
epoch:120/200
****************************************************************************************************
0.001
training: 0.3203, 0.8870
validation: 0.5242, 0.8383
epoch:121/200
****************************************************************************************************
0.001
training: 0.2768, 0.9010
validation: 0.5635, 0.8419
epoch:122/200
****************************************************************************************************
0.001
training: 0.3423, 0.8930
validation: 0.5215, 0.8546
epoch:123/200
****************************************************************************************************
0.001
training: 0.3142, 0.8920
validation: 0.6805, 0.8091
epoch:124/200
****************************************************************************************************
0.001
training: 0.2837, 0.9040
validation: 0.5275, 0.8450
epoch:125/200
****************************************************************************************************
0.001
training: 0.2525, 0.9140
validation: 0.5051, 0.8535
epoch:126/200
****************************************************************************************************
0.001
training: 0.3525, 0.8850
validation: 0.6183, 0.8296
epoch:127/200
****************************************************************************************************
0.001
training: 0.3419, 0.8780
validation: 0.5840, 0.8391
epoch:128/200
****************************************************************************************************
0.001
training: 0.2798, 0.9030
validation: 0.5992, 0.8259
epoch:129/200
****************************************************************************************************
0.001
training: 0.2962, 0.8990
validation: 0.5328, 0.8383
epoch:130/200
****************************************************************************************************
0.001
training: 0.3153, 0.8820
validation: 0.5650, 0.8394
epoch:131/200
****************************************************************************************************
0.001
training: 0.2685, 0.9110
validation: 0.5376, 0.8448
epoch:132/200
****************************************************************************************************
0.001
training: 0.2520, 0.9170
validation: 0.4893, 0.8543
epoch:133/200
****************************************************************************************************
0.001
training: 0.2815, 0.9110
validation: 0.5042, 0.8431
epoch:134/200
****************************************************************************************************
0.001
training: 0.3099, 0.8960
validation: 0.6450, 0.8324
epoch:135/200
****************************************************************************************************
0.001
training: 0.3111, 0.9090
validation: 0.5906, 0.8294
epoch:136/200
****************************************************************************************************
0.001
training: 0.2932, 0.9000
validation: 0.5585, 0.8467
epoch:137/200
****************************************************************************************************
0.001
training: 0.3010, 0.8990
validation: 0.7406, 0.7946
epoch:138/200
****************************************************************************************************
0.001
training: 0.2999, 0.8950
validation: 0.6179, 0.8257
epoch:139/200
****************************************************************************************************
0.001
training: 0.2809, 0.9050
validation: 0.5438, 0.8448
epoch:140/200
****************************************************************************************************
0.001
training: 0.3159, 0.9110
validation: 1.1832, 0.6961
epoch:141/200
****************************************************************************************************
0.001
training: 0.2606, 0.9090
validation: 0.5163, 0.8593
epoch:142/200
****************************************************************************************************
0.001
training: 0.2725, 0.9190
validation: 0.5696, 0.8402
epoch:143/200
****************************************************************************************************
0.001
training: 0.2603, 0.9110
validation: 0.5096, 0.8509
epoch:144/200
****************************************************************************************************
0.001
training: 0.2776, 0.9040
validation: 0.5705, 0.8313
epoch:145/200
****************************************************************************************************
0.001
training: 0.2299, 0.9260
validation: 0.4981, 0.8548
epoch:146/200
****************************************************************************************************
0.001
training: 0.3046, 0.9030
validation: 0.6592, 0.8143
epoch:147/200
****************************************************************************************************
0.001
training: 0.2959, 0.9000
validation: 1.0666, 0.7198
epoch:148/200
****************************************************************************************************
0.001
training: 0.3219, 0.8900
validation: 0.5270, 0.8394
epoch:149/200
****************************************************************************************************
0.001
training: 0.2520, 0.9230
validation: 0.5255, 0.8537
epoch:150/200
****************************************************************************************************
0.001
training: 0.2534, 0.9190
validation: 0.4976, 0.8622
epoch:151/200
****************************************************************************************************
0.001
training: 0.2272, 0.9310
validation: 0.4913, 0.8565
epoch:152/200
****************************************************************************************************
0.001
training: 0.2775, 0.9080
validation: 0.8983, 0.7733
epoch:153/200
****************************************************************************************************
0.001
training: 0.2736, 0.9110
validation: 0.5885, 0.8407
epoch:154/200
****************************************************************************************************
0.001
training: 0.2442, 0.9210
validation: 0.4651, 0.8656
epoch:155/200
****************************************************************************************************
0.001
training: 0.2312, 0.9220
validation: 0.5071, 0.8569
epoch:156/200
****************************************************************************************************
0.001
training: 0.2975, 0.9090
validation: 0.5264, 0.8526
epoch:157/200
****************************************************************************************************
0.001
training: 0.2320, 0.9180
validation: 0.4994, 0.8511
epoch:158/200
****************************************************************************************************
0.001
training: 0.2424, 0.9190
validation: 0.5528, 0.8448
epoch:159/200
****************************************************************************************************
0.001
training: 0.2706, 0.9080
validation: 0.5400, 0.8443
epoch:160/200
****************************************************************************************************
0.001
training: 0.2354, 0.9230
validation: 0.4922, 0.8604
epoch:161/200
****************************************************************************************************
0.001
training: 0.2679, 0.9270
validation: 0.5802, 0.8524
epoch:162/200
****************************************************************************************************
0.001
training: 0.2701, 0.9120
validation: 0.6352, 0.8522
epoch:163/200
****************************************************************************************************
0.001
training: 0.2592, 0.9200
validation: 0.5877, 0.8437
epoch:164/200
****************************************************************************************************
0.001
training: 0.2496, 0.9120
validation: 0.5818, 0.8406
epoch:165/200
****************************************************************************************************
0.001
training: 0.1872, 0.9370
validation: 0.5193, 0.8665
epoch:166/200
****************************************************************************************************
0.001
training: 0.2724, 0.9080
validation: 0.5584, 0.8511
epoch:167/200
****************************************************************************************************
0.001
training: 0.2614, 0.9100
validation: 0.5724, 0.8420
epoch:168/200
****************************************************************************************************
0.001
training: 0.2549, 0.9120
validation: 0.6579, 0.8287
epoch:169/200
****************************************************************************************************
0.001
training: 0.2559, 0.9170
validation: 0.5754, 0.8526
epoch:170/200
****************************************************************************************************
0.001
training: 0.3289, 0.9100
validation: 0.5098, 0.8546
epoch:171/200
****************************************************************************************************
0.001
training: 0.2319, 0.9190
validation: 0.4845, 0.8615
epoch:172/200
****************************************************************************************************
0.001
training: 0.2644, 0.9130
validation: 0.5582, 0.8430
epoch:173/200
****************************************************************************************************
0.001
training: 0.2238, 0.9260
validation: 0.5673, 0.8393
epoch:174/200
****************************************************************************************************
0.001
training: 0.2908, 0.9080
validation: 0.6564, 0.8191
epoch:175/200
****************************************************************************************************
0.001
training: 0.2232, 0.9230
validation: 0.5339, 0.8472
epoch:176/200
****************************************************************************************************
0.001
training: 0.2645, 0.9270
validation: 0.7026, 0.8159
epoch:177/200
****************************************************************************************************
0.001
training: 0.2458, 0.9140
validation: 0.5161, 0.8531
epoch:178/200
****************************************************************************************************
0.001
training: 0.2006, 0.9300
validation: 0.5220, 0.8485
epoch:179/200
****************************************************************************************************
0.001
training: 0.2103, 0.9240
validation: 0.5793, 0.8439
epoch:180/200
****************************************************************************************************
0.001
training: 0.2677, 0.9060
validation: 0.5787, 0.8487
epoch:181/200
****************************************************************************************************
0.001
training: 0.2006, 0.9310
validation: 0.5822, 0.8544
epoch:182/200
****************************************************************************************************
0.001
training: 0.2352, 0.9130
validation: 0.5729, 0.8450
epoch:183/200
****************************************************************************************************
0.001
training: 0.2243, 0.9200
validation: 0.5580, 0.8520
epoch:184/200
****************************************************************************************************
0.001
training: 0.2569, 0.9100
validation: 0.6081, 0.8480
epoch:185/200
****************************************************************************************************
0.001
training: 0.2800, 0.9110
validation: 0.5222, 0.8641
epoch:186/200
****************************************************************************************************
0.001
training: 0.2275, 0.9260
validation: 0.5059, 0.8593
epoch:187/200
****************************************************************************************************
0.001
training: 0.1979, 0.9320
validation: 0.4525, 0.8735
epoch:188/200
****************************************************************************************************
0.001
training: 0.2257, 0.9330
validation: 0.5973, 0.8369
epoch:189/200
****************************************************************************************************
0.001
training: 0.2250, 0.9250
validation: 0.5448, 0.8574
epoch:190/200
****************************************************************************************************
0.001
training: 0.2337, 0.9250
validation: 0.4652, 0.8663
epoch:191/200
****************************************************************************************************
0.001
training: 0.2400, 0.9270
validation: 0.5144, 0.8533
epoch:192/200
****************************************************************************************************
0.001
training: 0.2314, 0.9210
validation: 0.5637, 0.8437
epoch:193/200
****************************************************************************************************
0.001
training: 0.2062, 0.9200
validation: 0.5315, 0.8620
epoch:194/200
****************************************************************************************************
0.001
training: 0.2256, 0.9210
validation: 0.5599, 0.8589
epoch:195/200
****************************************************************************************************
0.001
training: 0.2215, 0.9320
validation: 0.5673, 0.8433
epoch:196/200
****************************************************************************************************
0.001
training: 0.2375, 0.9250
validation: 0.5328, 0.8644
epoch:197/200
****************************************************************************************************
0.001
training: 0.2229, 0.9290
validation: 0.4846, 0.8644
epoch:198/200
****************************************************************************************************
0.001
training: 0.2313, 0.9300
validation: 0.6464, 0.8319
epoch:199/200
****************************************************************************************************
0.001
training: 0.2265, 0.9190
validation: 0.5012, 0.8681
