epoch:0/200
****************************************************************************************************
0.001
training: 0.7926, 0.7801
validation: 2.6355, 0.4400
epoch:1/200
****************************************************************************************************
0.001
training: 0.4849, 0.8494
validation: 2.1947, 0.3496
epoch:2/200
****************************************************************************************************
0.001
training: 0.4488, 0.8586
validation: 1.9912, 0.4948
epoch:3/200
****************************************************************************************************
0.001
training: 0.4203, 0.8718
validation: 1.8478, 0.5139
epoch:4/200
****************************************************************************************************
0.001
training: 0.3805, 0.8802
validation: 1.8259, 0.5181
epoch:5/200
****************************************************************************************************
0.001
training: 0.3512, 0.8912
validation: 1.7467, 0.5278
epoch:6/200
****************************************************************************************************
0.001
training: 0.3142, 0.9051
validation: 1.4916, 0.6052
epoch:7/200
****************************************************************************************************
0.001
training: 0.3017, 0.9051
validation: 1.7359, 0.5148
epoch:8/200
****************************************************************************************************
0.001
training: 0.2807, 0.9132
validation: 2.2120, 0.5459
epoch:9/200
****************************************************************************************************
0.001
training: 0.2921, 0.9089
validation: 1.6791, 0.5546
epoch:10/200
****************************************************************************************************
0.001
training: 0.2703, 0.9145
validation: 2.1283, 0.5344
epoch:11/200
****************************************************************************************************
0.001
training: 0.2710, 0.9135
validation: 1.4629, 0.5928
epoch:12/200
****************************************************************************************************
0.001
training: 0.2387, 0.9249
validation: 1.6948, 0.5639
epoch:13/200
****************************************************************************************************
0.001
training: 0.2330, 0.9266
validation: 1.3922, 0.6124
epoch:14/200
****************************************************************************************************
0.001
training: 0.2466, 0.9240
validation: 1.3763, 0.6009
epoch:15/200
****************************************************************************************************
0.001
training: 0.2039, 0.9363
validation: 1.6540, 0.5915
epoch:16/200
****************************************************************************************************
0.001
training: 0.2080, 0.9335
validation: 1.1760, 0.6676
epoch:17/200
****************************************************************************************************
0.001
training: 0.1911, 0.9370
validation: 1.4228, 0.6213
epoch:18/200
****************************************************************************************************
0.001
training: 0.1868, 0.9370
validation: 1.2519, 0.6498
epoch:19/200
****************************************************************************************************
0.001
training: 0.2003, 0.9351
validation: 1.1248, 0.6880
epoch:20/200
****************************************************************************************************
0.001
training: 0.1582, 0.9504
validation: 1.4078, 0.6280
epoch:21/200
****************************************************************************************************
0.001
training: 0.1713, 0.9461
validation: 1.2708, 0.6483
epoch:22/200
****************************************************************************************************
0.001
training: 0.1825, 0.9448
validation: 0.9776, 0.6976
epoch:23/200
****************************************************************************************************
0.001
training: 0.1740, 0.9413
validation: 1.3630, 0.6441
epoch:24/200
****************************************************************************************************
0.001
training: 0.1697, 0.9443
validation: 1.2463, 0.6657
epoch:25/200
****************************************************************************************************
0.001
training: 0.1623, 0.9452
validation: 1.3637, 0.6633
epoch:26/200
****************************************************************************************************
0.001
training: 0.1526, 0.9486
validation: 1.1359, 0.6659
epoch:27/200
****************************************************************************************************
0.001
training: 0.1453, 0.9527
validation: 1.1839, 0.6470
epoch:28/200
****************************************************************************************************
0.001
training: 0.1396, 0.9543
validation: 1.2240, 0.6737
epoch:29/200
****************************************************************************************************
0.001
training: 0.1352, 0.9530
validation: 1.0013, 0.7174
epoch:30/200
****************************************************************************************************
0.001
training: 0.1313, 0.9547
validation: 1.1033, 0.6906
epoch:31/200
****************************************************************************************************
0.001
training: 0.1205, 0.9590
validation: 1.1973, 0.7006
epoch:32/200
****************************************************************************************************
0.001
training: 0.1450, 0.9527
validation: 1.0818, 0.6983
epoch:33/200
****************************************************************************************************
0.001
training: 0.1373, 0.9543
validation: 1.0264, 0.6913
epoch:34/200
****************************************************************************************************
0.001
training: 0.1321, 0.9568
validation: 1.0270, 0.7183
epoch:35/200
****************************************************************************************************
0.001
training: 0.1200, 0.9614
validation: 1.1084, 0.7019
epoch:36/200
****************************************************************************************************
0.001
training: 0.1222, 0.9596
validation: 1.2792, 0.6737
epoch:37/200
****************************************************************************************************
0.001
training: 0.1337, 0.9555
validation: 0.9527, 0.7317
epoch:38/200
****************************************************************************************************
0.001
training: 0.1318, 0.9551
validation: 0.9501, 0.7233
epoch:39/200
****************************************************************************************************
0.001
training: 0.1286, 0.9588
validation: 1.3285, 0.6648
epoch:40/200
****************************************************************************************************
0.001
training: 0.1276, 0.9553
validation: 1.0399, 0.7093
epoch:41/200
****************************************************************************************************
0.001
training: 0.1154, 0.9620
validation: 1.1744, 0.6843
epoch:42/200
****************************************************************************************************
0.001
training: 0.1267, 0.9570
validation: 1.1218, 0.7106
epoch:43/200
****************************************************************************************************
0.001
training: 0.1171, 0.9622
validation: 1.2382, 0.6915
epoch:44/200
****************************************************************************************************
0.001
training: 0.1077, 0.9620
validation: 0.9403, 0.7320
epoch:45/200
****************************************************************************************************
0.001
training: 0.1084, 0.9659
validation: 1.0723, 0.7283
epoch:46/200
****************************************************************************************************
0.001
training: 0.1060, 0.9644
validation: 0.9846, 0.7178
epoch:47/200
****************************************************************************************************
0.001
training: 0.1116, 0.9683
validation: 1.1054, 0.7007
epoch:48/200
****************************************************************************************************
0.001
training: 0.1064, 0.9648
validation: 1.0983, 0.7185
epoch:49/200
****************************************************************************************************
0.001
training: 0.1164, 0.9605
validation: 1.4154, 0.6848
epoch:50/200
****************************************************************************************************
0.001
training: 0.1160, 0.9609
validation: 1.0069, 0.7126
epoch:51/200
****************************************************************************************************
0.001
training: 0.1142, 0.9655
validation: 0.9420, 0.7461
epoch:52/200
****************************************************************************************************
0.001
training: 0.1083, 0.9679
validation: 1.2601, 0.7074
epoch:53/200
****************************************************************************************************
0.001
training: 0.1008, 0.9696
validation: 1.1900, 0.7143
epoch:54/200
****************************************************************************************************
0.001
training: 0.1116, 0.9640
validation: 1.2815, 0.6917
epoch:55/200
****************************************************************************************************
0.001
training: 0.1016, 0.9665
validation: 0.9412, 0.7485
epoch:56/200
****************************************************************************************************
0.001
training: 0.0990, 0.9646
validation: 1.0824, 0.7257
epoch:57/200
****************************************************************************************************
0.001
training: 0.0860, 0.9722
validation: 1.1022, 0.7091
epoch:58/200
****************************************************************************************************
0.001
training: 0.1248, 0.9586
validation: 0.9128, 0.7541
epoch:59/200
****************************************************************************************************
0.001
training: 0.0962, 0.9691
validation: 0.9584, 0.7467
epoch:60/200
****************************************************************************************************
0.001
training: 0.0982, 0.9683
validation: 1.0133, 0.7470
epoch:61/200
****************************************************************************************************
0.001
training: 0.0890, 0.9704
validation: 1.1925, 0.6915
epoch:62/200
****************************************************************************************************
0.001
training: 0.0913, 0.9683
validation: 1.2546, 0.6798
epoch:63/200
****************************************************************************************************
0.001
training: 0.0966, 0.9674
validation: 1.0377, 0.7289
epoch:64/200
****************************************************************************************************
0.001
training: 0.0884, 0.9706
validation: 1.2540, 0.7017
epoch:65/200
****************************************************************************************************
0.001
training: 0.0980, 0.9683
validation: 0.9641, 0.7530
epoch:66/200
****************************************************************************************************
0.001
training: 0.0819, 0.9739
validation: 1.2398, 0.7219
epoch:67/200
****************************************************************************************************
0.001
training: 0.0908, 0.9706
validation: 0.9897, 0.7587
epoch:68/200
****************************************************************************************************
0.001
training: 0.0955, 0.9693
validation: 1.0065, 0.7478
epoch:69/200
****************************************************************************************************
0.001
training: 0.0853, 0.9702
validation: 1.1243, 0.7246
epoch:70/200
****************************************************************************************************
0.001
training: 0.0873, 0.9737
validation: 1.0797, 0.7252
epoch:71/200
****************************************************************************************************
0.001
training: 0.0768, 0.9726
validation: 1.3550, 0.7078
epoch:72/200
****************************************************************************************************
0.001
training: 0.0837, 0.9715
validation: 1.2937, 0.7015
epoch:73/200
****************************************************************************************************
0.001
training: 0.0824, 0.9737
validation: 1.4882, 0.6946
epoch:74/200
****************************************************************************************************
0.001
training: 0.0951, 0.9702
validation: 1.2774, 0.6950
epoch:75/200
****************************************************************************************************
0.001
training: 0.0756, 0.9748
validation: 1.1425, 0.7311
epoch:76/200
****************************************************************************************************
0.001
training: 0.0888, 0.9689
validation: 1.4152, 0.6819
epoch:77/200
****************************************************************************************************
0.001
training: 0.0841, 0.9713
validation: 0.9180, 0.7650
epoch:78/200
****************************************************************************************************
0.001
training: 0.0761, 0.9752
validation: 1.0256, 0.7619
epoch:79/200
****************************************************************************************************
0.001
training: 0.0922, 0.9698
validation: 0.9264, 0.7591
epoch:80/200
****************************************************************************************************
0.0002
training: 0.0615, 0.9814
validation: 0.8800, 0.7733
epoch:81/200
****************************************************************************************************
0.0002
training: 0.0487, 0.9849
validation: 0.8794, 0.7785
epoch:82/200
****************************************************************************************************
0.0002
training: 0.0427, 0.9870
validation: 0.8438, 0.7893
epoch:83/200
****************************************************************************************************
0.0002
training: 0.0549, 0.9829
validation: 0.9457, 0.7780
epoch:84/200
****************************************************************************************************
0.0002
training: 0.0447, 0.9853
validation: 0.9523, 0.7748
epoch:85/200
****************************************************************************************************
0.0002
training: 0.0445, 0.9851
validation: 0.8650, 0.7948
epoch:86/200
****************************************************************************************************
0.0002
training: 0.0425, 0.9847
validation: 0.9547, 0.7813
epoch:87/200
****************************************************************************************************
0.0002
training: 0.0400, 0.9866
validation: 0.8908, 0.7915
epoch:88/200
****************************************************************************************************
0.0002
training: 0.0488, 0.9847
validation: 0.9587, 0.7800
epoch:89/200
****************************************************************************************************
0.0002
training: 0.0414, 0.9858
validation: 0.9181, 0.7917
epoch:90/200
****************************************************************************************************
0.0002
training: 0.0380, 0.9890
validation: 0.9325, 0.7896
epoch:91/200
****************************************************************************************************
0.0002
training: 0.0488, 0.9853
validation: 0.9247, 0.7885
epoch:92/200
****************************************************************************************************
0.0002
training: 0.0474, 0.9836
validation: 0.9215, 0.7913
epoch:93/200
****************************************************************************************************
0.0002
training: 0.0393, 0.9879
validation: 0.9690, 0.7822
epoch:94/200
****************************************************************************************************
0.0002
training: 0.0435, 0.9862
validation: 0.8902, 0.7991
epoch:95/200
****************************************************************************************************
0.0002
training: 0.0423, 0.9877
validation: 0.9934, 0.7850
epoch:96/200
****************************************************************************************************
0.0002
training: 0.0382, 0.9886
validation: 0.9796, 0.7802
epoch:97/200
****************************************************************************************************
0.0002
training: 0.0410, 0.9847
validation: 0.9844, 0.7878
epoch:98/200
****************************************************************************************************
0.0002
training: 0.0356, 0.9888
validation: 1.0444, 0.7802
epoch:99/200
****************************************************************************************************
0.0002
training: 0.0359, 0.9871
validation: 1.1312, 0.7717
epoch:100/200
****************************************************************************************************
0.0002
training: 0.0441, 0.9873
validation: 1.0027, 0.7843
epoch:101/200
****************************************************************************************************
0.0002
training: 0.0408, 0.9857
validation: 0.9808, 0.7924
epoch:102/200
****************************************************************************************************
0.0002
training: 0.0438, 0.9860
validation: 0.9827, 0.7939
epoch:103/200
****************************************************************************************************
0.0002
training: 0.0439, 0.9855
validation: 0.9849, 0.7913
epoch:104/200
****************************************************************************************************
0.0002
training: 0.0350, 0.9903
validation: 1.0058, 0.7841
epoch:105/200
****************************************************************************************************
0.0002
training: 0.0389, 0.9888
validation: 1.0071, 0.7826
epoch:106/200
****************************************************************************************************
0.0002
training: 0.0370, 0.9883
validation: 0.9846, 0.7928
epoch:107/200
****************************************************************************************************
0.0002
training: 0.0270, 0.9914
validation: 0.9978, 0.7856
epoch:108/200
****************************************************************************************************
0.0002
training: 0.0331, 0.9901
validation: 0.9608, 0.7911
epoch:109/200
****************************************************************************************************
0.0002
training: 0.0404, 0.9871
validation: 0.9442, 0.7989
epoch:110/200
****************************************************************************************************
0.0002
training: 0.0381, 0.9866
validation: 0.9849, 0.7830
epoch:111/200
****************************************************************************************************
0.0002
training: 0.0317, 0.9899
validation: 0.9312, 0.7970
epoch:112/200
****************************************************************************************************
0.0002
training: 0.0400, 0.9868
validation: 1.0382, 0.7720
epoch:113/200
****************************************************************************************************
0.0002
training: 0.0356, 0.9901
validation: 0.9992, 0.7844
epoch:114/200
****************************************************************************************************
0.0002
training: 0.0374, 0.9879
validation: 1.0190, 0.7861
epoch:115/200
****************************************************************************************************
0.0002
training: 0.0421, 0.9870
validation: 0.9515, 0.7974
epoch:116/200
****************************************************************************************************
0.0002
training: 0.0360, 0.9870
validation: 0.9647, 0.7896
epoch:117/200
****************************************************************************************************
0.0002
training: 0.0333, 0.9909
validation: 1.0304, 0.7848
epoch:118/200
****************************************************************************************************
0.0002
training: 0.0332, 0.9884
validation: 1.0255, 0.7919
epoch:119/200
****************************************************************************************************
0.0002
training: 0.0355, 0.9883
validation: 1.0708, 0.7822
epoch:120/200
****************************************************************************************************
4.000000000000001e-05
training: 0.0312, 0.9911
validation: 1.0890, 0.7817
epoch:121/200
****************************************************************************************************
4.000000000000001e-05
training: 0.0351, 0.9881
validation: 1.0635, 0.7850
epoch:122/200
****************************************************************************************************
4.000000000000001e-05
training: 0.0284, 0.9896
validation: 1.0367, 0.7924
epoch:123/200
****************************************************************************************************
4.000000000000001e-05
training: 0.0238, 0.9931
validation: 1.0310, 0.7922
epoch:124/200
****************************************************************************************************
4.000000000000001e-05
training: 0.0298, 0.9899
validation: 1.0749, 0.7865
epoch:125/200
****************************************************************************************************
4.000000000000001e-05
training: 0.0338, 0.9898
validation: 1.0611, 0.7876
epoch:126/200
****************************************************************************************************
4.000000000000001e-05
training: 0.0220, 0.9925
validation: 1.0534, 0.7883
epoch:127/200
****************************************************************************************************
4.000000000000001e-05
training: 0.0279, 0.9914
validation: 1.0736, 0.7904
epoch:128/200
****************************************************************************************************
4.000000000000001e-05
training: 0.0246, 0.9924
validation: 1.0616, 0.7931
epoch:129/200
****************************************************************************************************
4.000000000000001e-05
training: 0.0314, 0.9899
validation: 1.0804, 0.7898
epoch:130/200
****************************************************************************************************
4.000000000000001e-05
training: 0.0275, 0.9892
validation: 1.0786, 0.7924
epoch:131/200
****************************************************************************************************
4.000000000000001e-05
training: 0.0245, 0.9916
validation: 1.0908, 0.7924
epoch:132/200
****************************************************************************************************
4.000000000000001e-05
training: 0.0243, 0.9929
validation: 1.1009, 0.7891
epoch:133/200
****************************************************************************************************
4.000000000000001e-05
training: 0.0287, 0.9920
validation: 1.0453, 0.8002
epoch:134/200
****************************************************************************************************
4.000000000000001e-05
training: 0.0278, 0.9929
validation: 1.0428, 0.7967
epoch:135/200
****************************************************************************************************
4.000000000000001e-05
training: 0.0295, 0.9912
validation: 1.0645, 0.7904
epoch:136/200
****************************************************************************************************
4.000000000000001e-05
training: 0.0252, 0.9925
validation: 1.0397, 0.7943
epoch:137/200
****************************************************************************************************
4.000000000000001e-05
training: 0.0297, 0.9916
validation: 1.0726, 0.7902
epoch:138/200
****************************************************************************************************
4.000000000000001e-05
training: 0.0223, 0.9935
validation: 1.0524, 0.7941
epoch:139/200
****************************************************************************************************
4.000000000000001e-05
training: 0.0289, 0.9916
validation: 1.0817, 0.7881
epoch:140/200
****************************************************************************************************
4.000000000000001e-05
training: 0.0286, 0.9920
validation: 1.1074, 0.7869
epoch:141/200
****************************************************************************************************
4.000000000000001e-05
training: 0.0254, 0.9929
validation: 1.0873, 0.7863
epoch:142/200
****************************************************************************************************
4.000000000000001e-05
training: 0.0213, 0.9939
validation: 1.0943, 0.7898
epoch:143/200
****************************************************************************************************
4.000000000000001e-05
training: 0.0256, 0.9927
validation: 1.0997, 0.7900
epoch:144/200
****************************************************************************************************
4.000000000000001e-05
training: 0.0262, 0.9933
validation: 1.1426, 0.7831
epoch:145/200
****************************************************************************************************
4.000000000000001e-05
training: 0.0256, 0.9924
validation: 1.0666, 0.7948
epoch:146/200
****************************************************************************************************
4.000000000000001e-05
training: 0.0254, 0.9927
validation: 1.0869, 0.7891
epoch:147/200
****************************************************************************************************
4.000000000000001e-05
training: 0.0313, 0.9912
validation: 1.1170, 0.7857
epoch:148/200
****************************************************************************************************
4.000000000000001e-05
training: 0.0241, 0.9939
validation: 1.0899, 0.7900
epoch:149/200
****************************************************************************************************
4.000000000000001e-05
training: 0.0280, 0.9905
validation: 1.1042, 0.7935
epoch:150/200
****************************************************************************************************
4.000000000000001e-05
training: 0.0274, 0.9920
validation: 1.1072, 0.7931
epoch:151/200
****************************************************************************************************
4.000000000000001e-05
training: 0.0250, 0.9924
validation: 1.0861, 0.7980
epoch:152/200
****************************************************************************************************
4.000000000000001e-05
training: 0.0261, 0.9922
validation: 1.0658, 0.8006
epoch:153/200
****************************************************************************************************
4.000000000000001e-05
training: 0.0301, 0.9899
validation: 1.1031, 0.7950
epoch:154/200
****************************************************************************************************
4.000000000000001e-05
training: 0.0310, 0.9896
validation: 1.1190, 0.7928
epoch:155/200
****************************************************************************************************
4.000000000000001e-05
training: 0.0241, 0.9937
validation: 1.1023, 0.7939
epoch:156/200
****************************************************************************************************
4.000000000000001e-05
training: 0.0255, 0.9905
validation: 1.0847, 0.7939
epoch:157/200
****************************************************************************************************
4.000000000000001e-05
training: 0.0301, 0.9916
validation: 1.0949, 0.7928
epoch:158/200
****************************************************************************************************
4.000000000000001e-05
training: 0.0278, 0.9924
validation: 1.1250, 0.7917
epoch:159/200
****************************************************************************************************
4.000000000000001e-05
training: 0.0228, 0.9924
validation: 1.1483, 0.7876
epoch:160/200
****************************************************************************************************
8.000000000000001e-06
training: 0.0220, 0.9922
validation: 1.1696, 0.7819
epoch:161/200
****************************************************************************************************
8.000000000000001e-06
training: 0.0236, 0.9931
validation: 1.1355, 0.7876
epoch:162/200
****************************************************************************************************
8.000000000000001e-06
training: 0.0260, 0.9927
validation: 1.1017, 0.7913
epoch:163/200
****************************************************************************************************
8.000000000000001e-06
training: 0.0274, 0.9903
validation: 1.1357, 0.7883
epoch:164/200
****************************************************************************************************
8.000000000000001e-06
training: 0.0238, 0.9924
validation: 1.1189, 0.7891
epoch:165/200
****************************************************************************************************
8.000000000000001e-06
training: 0.0290, 0.9924
validation: 1.1419, 0.7859
epoch:166/200
****************************************************************************************************
8.000000000000001e-06
training: 0.0239, 0.9933
validation: 1.1559, 0.7826
epoch:167/200
****************************************************************************************************
8.000000000000001e-06
training: 0.0228, 0.9931
validation: 1.1455, 0.7880
epoch:168/200
****************************************************************************************************
8.000000000000001e-06
training: 0.0230, 0.9933
validation: 1.1289, 0.7893
epoch:169/200
****************************************************************************************************
8.000000000000001e-06
training: 0.0205, 0.9933
validation: 1.1076, 0.7950
epoch:170/200
****************************************************************************************************
8.000000000000001e-06
training: 0.0228, 0.9925
validation: 1.1256, 0.7924
epoch:171/200
****************************************************************************************************
8.000000000000001e-06
training: 0.0239, 0.9939
validation: 1.1311, 0.7924
epoch:172/200
****************************************************************************************************
8.000000000000001e-06
training: 0.0232, 0.9918
validation: 1.1658, 0.7876
epoch:173/200
****************************************************************************************************
8.000000000000001e-06
training: 0.0214, 0.9929
validation: 1.1548, 0.7878
epoch:174/200
****************************************************************************************************
8.000000000000001e-06
training: 0.0261, 0.9912
validation: 1.1378, 0.7911
epoch:175/200
****************************************************************************************************
8.000000000000001e-06
training: 0.0326, 0.9901
validation: 1.1357, 0.7876
epoch:176/200
****************************************************************************************************
8.000000000000001e-06
training: 0.0246, 0.9920
validation: 1.1050, 0.7939
epoch:177/200
****************************************************************************************************
8.000000000000001e-06
training: 0.0314, 0.9918
validation: 1.0945, 0.7950
epoch:178/200
****************************************************************************************************
8.000000000000001e-06
training: 0.0280, 0.9929
validation: 1.1220, 0.7902
epoch:179/200
****************************************************************************************************
8.000000000000001e-06
training: 0.0243, 0.9922
validation: 1.1115, 0.7926
epoch:180/200
****************************************************************************************************
8.000000000000001e-06
training: 0.0240, 0.9925
validation: 1.1139, 0.7948
epoch:181/200
****************************************************************************************************
8.000000000000001e-06
training: 0.0192, 0.9935
validation: 1.1150, 0.7948
epoch:182/200
****************************************************************************************************
8.000000000000001e-06
training: 0.0233, 0.9931
validation: 1.1128, 0.7956
epoch:183/200
****************************************************************************************************
8.000000000000001e-06
training: 0.0221, 0.9929
validation: 1.1150, 0.7946
epoch:184/200
****************************************************************************************************
8.000000000000001e-06
training: 0.0248, 0.9918
validation: 1.1354, 0.7922
epoch:185/200
****************************************************************************************************
8.000000000000001e-06
training: 0.0214, 0.9940
validation: 1.1237, 0.7937
epoch:186/200
****************************************************************************************************
8.000000000000001e-06
training: 0.0211, 0.9939
validation: 1.1235, 0.7956
epoch:187/200
****************************************************************************************************
8.000000000000001e-06
training: 0.0239, 0.9931
validation: 1.1181, 0.7950
epoch:188/200
****************************************************************************************************
8.000000000000001e-06
training: 0.0247, 0.9920
validation: 1.1167, 0.7948
epoch:189/200
****************************************************************************************************
8.000000000000001e-06
training: 0.0184, 0.9950
validation: 1.1086, 0.7980
epoch:190/200
****************************************************************************************************
8.000000000000001e-06
training: 0.0264, 0.9929
validation: 1.0992, 0.7974
epoch:191/200
****************************************************************************************************
8.000000000000001e-06
training: 0.0247, 0.9935
validation: 1.1144, 0.7943
epoch:192/200
****************************************************************************************************
8.000000000000001e-06
training: 0.0215, 0.9937
validation: 1.1213, 0.7930
epoch:193/200
****************************************************************************************************
8.000000000000001e-06
training: 0.0197, 0.9925
validation: 1.0877, 0.7974
epoch:194/200
****************************************************************************************************
8.000000000000001e-06
training: 0.0214, 0.9931
validation: 1.0967, 0.7967
epoch:195/200
****************************************************************************************************
8.000000000000001e-06
training: 0.0287, 0.9922
validation: 1.1137, 0.7937
epoch:196/200
****************************************************************************************************
8.000000000000001e-06
training: 0.0252, 0.9927
validation: 1.1107, 0.7954
epoch:197/200
****************************************************************************************************
8.000000000000001e-06
training: 0.0190, 0.9940
validation: 1.1189, 0.7946
epoch:198/200
****************************************************************************************************
8.000000000000001e-06
training: 0.0265, 0.9916
validation: 1.1182, 0.7907
epoch:199/200
****************************************************************************************************
8.000000000000001e-06
training: 0.0258, 0.9920
validation: 1.1285, 0.7904
