epoch:0/200
****************************************************************************************************
0.001
training: 0.8011, 0.6742
validation: 2.7926, 0.4006
epoch:1/200
****************************************************************************************************
0.001
training: 0.4885, 0.6435
validation: 3.7962, 0.3330
epoch:2/200
****************************************************************************************************
0.001
training: 0.4729, 0.7158
validation: 2.1077, 0.4017
epoch:3/200
****************************************************************************************************
0.001
training: 0.3772, 0.7385
validation: 1.4593, 0.4909
epoch:4/200
****************************************************************************************************
0.001
training: 0.3593, 0.7426
validation: 1.8103, 0.4844
epoch:5/200
****************************************************************************************************
0.001
training: 0.3448, 0.7862
validation: 1.6925, 0.6404
epoch:6/200
****************************************************************************************************
0.001
training: 0.3174, 0.7842
validation: 1.7455, 0.6463
epoch:7/200
****************************************************************************************************
0.001
training: 0.3105, 0.7861
validation: 1.4754, 0.6537
epoch:8/200
****************************************************************************************************
0.001
training: 0.2775, 0.7944
validation: 1.5467, 0.6746
epoch:9/200
****************************************************************************************************
0.001
training: 0.2690, 0.8108
validation: 1.4173, 0.6772
epoch:10/200
****************************************************************************************************
0.001
training: 0.2498, 0.8163
validation: 1.4820, 0.6709
epoch:11/200
****************************************************************************************************
0.001
training: 0.2661, 0.8220
validation: 1.6733, 0.6028
epoch:12/200
****************************************************************************************************
0.001
training: 0.2672, 0.8025
validation: 1.2578, 0.7167
epoch:13/200
****************************************************************************************************
0.001
training: 0.2352, 0.8101
validation: 1.5000, 0.5867
epoch:14/200
****************************************************************************************************
0.001
training: 0.2068, 0.8420
validation: 1.4055, 0.7159
epoch:15/200
****************************************************************************************************
0.001
training: 0.1970, 0.8476
validation: 1.2161, 0.7404
epoch:16/200
****************************************************************************************************
0.001
training: 0.1911, 0.8472
validation: 1.4633, 0.7224
epoch:17/200
****************************************************************************************************
0.001
training: 0.2013, 0.8621
validation: 1.1537, 0.7494
epoch:18/200
****************************************************************************************************
0.001
training: 0.1823, 0.8438
validation: 1.3023, 0.7544
epoch:19/200
****************************************************************************************************
0.001
training: 0.1529, 0.8679
validation: 1.3862, 0.6683
epoch:20/200
****************************************************************************************************
0.001
training: 0.1814, 0.8604
validation: 1.4976, 0.6607
epoch:21/200
****************************************************************************************************
0.001
training: 0.1688, 0.8686
validation: 1.0595, 0.7543
epoch:22/200
****************************************************************************************************
0.001
training: 0.1587, 0.8664
validation: 1.1019, 0.7594
epoch:23/200
****************************************************************************************************
0.001
training: 0.1521, 0.8783
validation: 1.4801, 0.7176
epoch:24/200
****************************************************************************************************
0.001
training: 0.1427, 0.8779
validation: 1.0108, 0.7615
epoch:25/200
****************************************************************************************************
0.001
training: 0.1561, 0.8915
validation: 0.8415, 0.7843
epoch:26/200
****************************************************************************************************
0.001
training: 0.1590, 0.8891
validation: 1.0919, 0.7946
epoch:27/200
****************************************************************************************************
0.001
training: 0.1424, 0.8841
validation: 1.0772, 0.7085
epoch:28/200
****************************************************************************************************
0.001
training: 0.1343, 0.8873
validation: 1.2434, 0.7654
epoch:29/200
****************************************************************************************************
0.001
training: 0.1329, 0.8964
validation: 1.6597, 0.6841
epoch:30/200
****************************************************************************************************
0.001
training: 0.1491, 0.8856
validation: 1.0154, 0.7980
epoch:31/200
****************************************************************************************************
0.001
training: 0.1261, 0.8914
validation: 0.9447, 0.8061
epoch:32/200
****************************************************************************************************
0.001
training: 0.1303, 0.8971
validation: 1.4240, 0.7591
epoch:33/200
****************************************************************************************************
0.001
training: 0.1228, 0.8981
validation: 0.9789, 0.7370
epoch:34/200
****************************************************************************************************
0.001
training: 0.1324, 0.8971
validation: 0.9279, 0.7520
epoch:35/200
****************************************************************************************************
0.001
training: 0.1471, 0.8854
validation: 1.0568, 0.7341
epoch:36/200
****************************************************************************************************
0.001
training: 0.1346, 0.9014
validation: 1.5095, 0.7535
epoch:37/200
****************************************************************************************************
0.001
training: 0.1131, 0.9167
validation: 1.1137, 0.7872
epoch:38/200
****************************************************************************************************
0.001
training: 0.1231, 0.9072
validation: 1.1349, 0.7835
epoch:39/200
****************************************************************************************************
0.001
training: 0.1300, 0.8949
validation: 1.1642, 0.7687
epoch:40/200
****************************************************************************************************
0.001
training: 0.1245, 0.9133
validation: 0.8199, 0.7870
epoch:41/200
****************************************************************************************************
0.001
training: 0.1070, 0.9202
validation: 0.7328, 0.8302
epoch:42/200
****************************************************************************************************
0.001
training: 0.1087, 0.9105
validation: 1.0240, 0.8235
epoch:43/200
****************************************************************************************************
0.001
training: 0.1134, 0.9228
validation: 1.0624, 0.7776
epoch:44/200
****************************************************************************************************
0.001
training: 0.1138, 0.9154
validation: 0.9649, 0.8324
epoch:45/200
****************************************************************************************************
0.001
training: 0.1025, 0.9219
validation: 0.8879, 0.7904
epoch:46/200
****************************************************************************************************
0.001
training: 0.1171, 0.9193
validation: 1.2537, 0.7765
epoch:47/200
****************************************************************************************************
0.001
training: 0.1132, 0.9163
validation: 0.9496, 0.8178
epoch:48/200
****************************************************************************************************
0.001
training: 0.1032, 0.9202
validation: 0.8583, 0.8367
epoch:49/200
****************************************************************************************************
0.001
training: 0.0916, 0.9275
validation: 0.9495, 0.8224
epoch:50/200
****************************************************************************************************
0.001
training: 0.1104, 0.9251
validation: 1.0713, 0.8102
epoch:51/200
****************************************************************************************************
0.001
training: 0.1060, 0.9281
validation: 0.8294, 0.8246
epoch:52/200
****************************************************************************************************
0.001
training: 0.0978, 0.9242
validation: 1.0718, 0.8091
epoch:53/200
****************************************************************************************************
0.001
training: 0.1082, 0.9264
validation: 1.1161, 0.8102
epoch:54/200
****************************************************************************************************
0.001
training: 0.1199, 0.9154
validation: 1.0293, 0.8085
epoch:55/200
****************************************************************************************************
0.001
training: 0.0988, 0.9275
validation: 1.1462, 0.8172
epoch:56/200
****************************************************************************************************
0.001
training: 0.0966, 0.9322
validation: 0.8788, 0.8202
epoch:57/200
****************************************************************************************************
0.001
training: 0.0816, 0.9424
validation: 1.0863, 0.7911
epoch:58/200
****************************************************************************************************
0.001
training: 0.0990, 0.9303
validation: 1.0204, 0.8083
epoch:59/200
****************************************************************************************************
0.001
training: 0.0883, 0.9284
validation: 1.0104, 0.8194
epoch:60/200
****************************************************************************************************
0.001
training: 0.0939, 0.9359
validation: 1.0015, 0.8317
epoch:61/200
****************************************************************************************************
0.001
training: 0.0836, 0.9286
validation: 1.1191, 0.8211
epoch:62/200
****************************************************************************************************
0.001
training: 0.0909, 0.9376
validation: 1.0641, 0.8191
epoch:63/200
****************************************************************************************************
0.001
training: 0.0977, 0.9269
validation: 0.9401, 0.8133
epoch:64/200
****************************************************************************************************
0.001
training: 0.1063, 0.9344
validation: 1.1188, 0.8080
epoch:65/200
****************************************************************************************************
0.001
training: 0.0828, 0.9411
validation: 1.0061, 0.8189
epoch:66/200
****************************************************************************************************
0.001
training: 0.0936, 0.9260
validation: 1.0378, 0.8063
epoch:67/200
****************************************************************************************************
0.001
training: 0.0911, 0.9361
validation: 0.8542, 0.8359
epoch:68/200
****************************************************************************************************
0.001
training: 0.0937, 0.9361
validation: 0.9187, 0.8444
epoch:69/200
****************************************************************************************************
0.001
training: 0.0734, 0.9376
validation: 1.0193, 0.8254
epoch:70/200
****************************************************************************************************
0.001
training: 0.0920, 0.9363
validation: 1.0030, 0.8209
epoch:71/200
****************************************************************************************************
0.001
training: 0.0875, 0.9433
validation: 0.9995, 0.8157
epoch:72/200
****************************************************************************************************
0.001
training: 0.0904, 0.9344
validation: 0.9725, 0.8331
epoch:73/200
****************************************************************************************************
0.001
training: 0.0841, 0.9368
validation: 0.9756, 0.8107
epoch:74/200
****************************************************************************************************
0.001
training: 0.0823, 0.9424
validation: 0.9916, 0.8365
epoch:75/200
****************************************************************************************************
0.001
training: 0.0780, 0.9389
validation: 0.8603, 0.8402
epoch:76/200
****************************************************************************************************
0.001
training: 0.0713, 0.9441
validation: 1.0033, 0.8419
epoch:77/200
****************************************************************************************************
0.001
training: 0.0789, 0.9476
validation: 0.9313, 0.8411
epoch:78/200
****************************************************************************************************
0.001
training: 0.0928, 0.9350
validation: 1.2273, 0.7894
epoch:79/200
****************************************************************************************************
0.001
training: 0.0716, 0.9482
validation: 0.8611, 0.8600
epoch:80/200
****************************************************************************************************
0.0002
training: 0.0713, 0.9493
validation: 0.7707, 0.8756
epoch:81/200
****************************************************************************************************
0.0002
training: 0.0525, 0.9592
validation: 0.7367, 0.8796
epoch:82/200
****************************************************************************************************
0.0002
training: 0.0518, 0.9588
validation: 0.7381, 0.8770
epoch:83/200
****************************************************************************************************
0.0002
training: 0.0492, 0.9553
validation: 0.7999, 0.8676
epoch:84/200
****************************************************************************************************
0.0002
training: 0.0536, 0.9612
validation: 0.7724, 0.8720
epoch:85/200
****************************************************************************************************
0.0002
training: 0.0462, 0.9622
validation: 0.8043, 0.8757
epoch:86/200
****************************************************************************************************
0.0002
training: 0.0440, 0.9637
validation: 0.7994, 0.8715
epoch:87/200
****************************************************************************************************
0.0002
training: 0.0472, 0.9646
validation: 0.7862, 0.8754
epoch:88/200
****************************************************************************************************
0.0002
training: 0.0366, 0.9732
validation: 0.8312, 0.8750
epoch:89/200
****************************************************************************************************
0.0002
training: 0.0383, 0.9702
validation: 0.8077, 0.8707
epoch:90/200
****************************************************************************************************
0.0002
training: 0.0345, 0.9711
validation: 0.8042, 0.8713
epoch:91/200
****************************************************************************************************
0.0002
training: 0.0400, 0.9694
validation: 0.7436, 0.8783
epoch:92/200
****************************************************************************************************
0.0002
training: 0.0417, 0.9640
validation: 0.9046, 0.8631
epoch:93/200
****************************************************************************************************
0.0002
training: 0.0352, 0.9734
validation: 0.8653, 0.8628
epoch:94/200
****************************************************************************************************
0.0002
training: 0.0413, 0.9713
validation: 0.9569, 0.8630
epoch:95/200
****************************************************************************************************
0.0002
training: 0.0383, 0.9691
validation: 0.8060, 0.8765
epoch:96/200
****************************************************************************************************
0.0002
training: 0.0354, 0.9754
validation: 0.8495, 0.8663
epoch:97/200
****************************************************************************************************
0.0002
training: 0.0404, 0.9756
validation: 0.9114, 0.8661
epoch:98/200
****************************************************************************************************
0.0002
training: 0.0340, 0.9754
validation: 0.8153, 0.8741
epoch:99/200
****************************************************************************************************
0.0002
training: 0.0378, 0.9694
validation: 0.8135, 0.8678
epoch:100/200
****************************************************************************************************
0.0002
training: 0.0306, 0.9728
validation: 0.8949, 0.8646
epoch:101/200
****************************************************************************************************
0.0002
training: 0.0368, 0.9756
validation: 0.9033, 0.8606
epoch:102/200
****************************************************************************************************
0.0002
training: 0.0444, 0.9681
validation: 0.9017, 0.8624
epoch:103/200
****************************************************************************************************
0.0002
training: 0.0385, 0.9659
validation: 0.8909, 0.8694
epoch:104/200
****************************************************************************************************
0.0002
training: 0.0355, 0.9769
validation: 0.8370, 0.8737
epoch:105/200
****************************************************************************************************
0.0002
training: 0.0350, 0.9696
validation: 0.9401, 0.8646
epoch:106/200
****************************************************************************************************
0.0002
training: 0.0386, 0.9745
validation: 1.0021, 0.8531
epoch:107/200
****************************************************************************************************
0.0002
training: 0.0381, 0.9717
validation: 1.0659, 0.8439
epoch:108/200
****************************************************************************************************
0.0002
training: 0.0409, 0.9756
validation: 0.9969, 0.8533
epoch:109/200
****************************************************************************************************
0.0002
training: 0.0347, 0.9756
validation: 0.9111, 0.8654
epoch:110/200
****************************************************************************************************
0.0002
training: 0.0384, 0.9726
validation: 0.8437, 0.8672
epoch:111/200
****************************************************************************************************
0.0002
training: 0.0323, 0.9769
validation: 0.8610, 0.8713
epoch:112/200
****************************************************************************************************
0.0002
training: 0.0352, 0.9706
validation: 0.8762, 0.8681
epoch:113/200
****************************************************************************************************
0.0002
training: 0.0345, 0.9728
validation: 0.9440, 0.8619
epoch:114/200
****************************************************************************************************
0.0002
training: 0.0364, 0.9778
validation: 0.9015, 0.8635
epoch:115/200
****************************************************************************************************
0.0002
training: 0.0308, 0.9748
validation: 0.9229, 0.8620
epoch:116/200
****************************************************************************************************
0.0002
training: 0.0318, 0.9786
validation: 0.9504, 0.8530
epoch:117/200
****************************************************************************************************
0.0002
training: 0.0340, 0.9793
validation: 0.9514, 0.8620
epoch:118/200
****************************************************************************************************
0.0002
training: 0.0367, 0.9760
validation: 0.8871, 0.8667
epoch:119/200
****************************************************************************************************
0.0002
training: 0.0367, 0.9752
validation: 0.9364, 0.8680
epoch:120/200
****************************************************************************************************
4.000000000000001e-05
training: 0.0339, 0.9754
validation: 0.9245, 0.8669
epoch:121/200
****************************************************************************************************
4.000000000000001e-05
training: 0.0330, 0.9771
validation: 0.8863, 0.8744
epoch:122/200
****************************************************************************************************
4.000000000000001e-05
training: 0.0314, 0.9767
validation: 0.9096, 0.8694
epoch:123/200
****************************************************************************************************
4.000000000000001e-05
training: 0.0319, 0.9788
validation: 0.9133, 0.8670
epoch:124/200
****************************************************************************************************
4.000000000000001e-05
training: 0.0246, 0.9806
validation: 0.9229, 0.8680
epoch:125/200
****************************************************************************************************
4.000000000000001e-05
training: 0.0220, 0.9816
validation: 0.9027, 0.8696
epoch:126/200
****************************************************************************************************
4.000000000000001e-05
training: 0.0228, 0.9808
validation: 0.9109, 0.8678
epoch:127/200
****************************************************************************************************
4.000000000000001e-05
training: 0.0284, 0.9791
validation: 0.8869, 0.8720
epoch:128/200
****************************************************************************************************
4.000000000000001e-05
training: 0.0267, 0.9786
validation: 0.8832, 0.8707
epoch:129/200
****************************************************************************************************
4.000000000000001e-05
training: 0.0255, 0.9801
validation: 0.9361, 0.8650
epoch:130/200
****************************************************************************************************
4.000000000000001e-05
training: 0.0248, 0.9834
validation: 0.9664, 0.8669
epoch:131/200
****************************************************************************************************
4.000000000000001e-05
training: 0.0306, 0.9810
validation: 0.9659, 0.8641
epoch:132/200
****************************************************************************************************
4.000000000000001e-05
training: 0.0229, 0.9817
validation: 0.9673, 0.8661
epoch:133/200
****************************************************************************************************
4.000000000000001e-05
training: 0.0286, 0.9788
validation: 0.9959, 0.8635
epoch:134/200
****************************************************************************************************
4.000000000000001e-05
training: 0.0271, 0.9804
validation: 0.9576, 0.8680
epoch:135/200
****************************************************************************************************
4.000000000000001e-05
training: 0.0310, 0.9808
validation: 0.9300, 0.8681
epoch:136/200
****************************************************************************************************
4.000000000000001e-05
training: 0.0265, 0.9812
validation: 0.9518, 0.8656
epoch:137/200
****************************************************************************************************
4.000000000000001e-05
training: 0.0197, 0.9797
validation: 0.9821, 0.8654
epoch:138/200
****************************************************************************************************
4.000000000000001e-05
training: 0.0251, 0.9825
validation: 0.9905, 0.8633
epoch:139/200
****************************************************************************************************
4.000000000000001e-05
training: 0.0228, 0.9810
validation: 0.9851, 0.8620
epoch:140/200
****************************************************************************************************
4.000000000000001e-05
training: 0.0261, 0.9819
validation: 0.9729, 0.8644
epoch:141/200
****************************************************************************************************
4.000000000000001e-05
training: 0.0311, 0.9801
validation: 0.9736, 0.8659
epoch:142/200
****************************************************************************************************
4.000000000000001e-05
training: 0.0262, 0.9819
validation: 0.9949, 0.8652
epoch:143/200
****************************************************************************************************
4.000000000000001e-05
training: 0.0222, 0.9840
validation: 0.9542, 0.8674
epoch:144/200
****************************************************************************************************
4.000000000000001e-05
training: 0.0267, 0.9819
validation: 0.9423, 0.8689
epoch:145/200
****************************************************************************************************
4.000000000000001e-05
training: 0.0277, 0.9816
validation: 0.9958, 0.8639
epoch:146/200
****************************************************************************************************
4.000000000000001e-05
training: 0.0250, 0.9838
validation: 0.9597, 0.8683
epoch:147/200
****************************************************************************************************
4.000000000000001e-05
training: 0.0263, 0.9788
validation: 0.9325, 0.8676
epoch:148/200
****************************************************************************************************
4.000000000000001e-05
training: 0.0318, 0.9780
validation: 0.9576, 0.8678
epoch:149/200
****************************************************************************************************
4.000000000000001e-05
training: 0.0209, 0.9830
validation: 0.9417, 0.8661
epoch:150/200
****************************************************************************************************
4.000000000000001e-05
training: 0.0195, 0.9847
validation: 0.9720, 0.8657
epoch:151/200
****************************************************************************************************
4.000000000000001e-05
training: 0.0188, 0.9849
validation: 0.9710, 0.8644
epoch:152/200
****************************************************************************************************
4.000000000000001e-05
training: 0.0273, 0.9842
validation: 0.9733, 0.8635
epoch:153/200
****************************************************************************************************
4.000000000000001e-05
training: 0.0264, 0.9817
validation: 0.9433, 0.8657
epoch:154/200
****************************************************************************************************
4.000000000000001e-05
training: 0.0201, 0.9849
validation: 0.9934, 0.8657
epoch:155/200
****************************************************************************************************
4.000000000000001e-05
training: 0.0259, 0.9845
validation: 1.0225, 0.8589
epoch:156/200
****************************************************************************************************
4.000000000000001e-05
training: 0.0217, 0.9849
validation: 0.9630, 0.8661
epoch:157/200
****************************************************************************************************
4.000000000000001e-05
training: 0.0249, 0.9851
validation: 0.9668, 0.8683
epoch:158/200
****************************************************************************************************
4.000000000000001e-05
training: 0.0266, 0.9829
validation: 0.9801, 0.8628
epoch:159/200
****************************************************************************************************
4.000000000000001e-05
training: 0.0274, 0.9834
validation: 0.9978, 0.8600
epoch:160/200
****************************************************************************************************
8.000000000000001e-06
training: 0.0309, 0.9810
validation: 1.0020, 0.8619
epoch:161/200
****************************************************************************************************
8.000000000000001e-06
training: 0.0243, 0.9806
validation: 0.9919, 0.8633
epoch:162/200
****************************************************************************************************
8.000000000000001e-06
training: 0.0211, 0.9812
validation: 0.9977, 0.8631
epoch:163/200
****************************************************************************************************
8.000000000000001e-06
training: 0.0241, 0.9832
validation: 0.9838, 0.8639
epoch:164/200
****************************************************************************************************
8.000000000000001e-06
training: 0.0261, 0.9812
validation: 1.0186, 0.8607
epoch:165/200
****************************************************************************************************
8.000000000000001e-06
training: 0.0259, 0.9834
validation: 0.9919, 0.8633
epoch:166/200
****************************************************************************************************
8.000000000000001e-06
training: 0.0219, 0.9847
validation: 1.0000, 0.8633
epoch:167/200
****************************************************************************************************
8.000000000000001e-06
training: 0.0250, 0.9825
validation: 0.9948, 0.8631
epoch:168/200
****************************************************************************************************
8.000000000000001e-06
training: 0.0283, 0.9816
validation: 1.0135, 0.8620
epoch:169/200
****************************************************************************************************
8.000000000000001e-06
training: 0.0223, 0.9858
validation: 0.9889, 0.8650
epoch:170/200
****************************************************************************************************
8.000000000000001e-06
training: 0.0156, 0.9883
validation: 0.9830, 0.8669
epoch:171/200
****************************************************************************************************
8.000000000000001e-06
training: 0.0205, 0.9838
validation: 1.0121, 0.8630
epoch:172/200
****************************************************************************************************
8.000000000000001e-06
training: 0.0233, 0.9845
validation: 1.0013, 0.8630
epoch:173/200
****************************************************************************************************
8.000000000000001e-06
training: 0.0206, 0.9868
validation: 0.9877, 0.8635
epoch:174/200
****************************************************************************************************
8.000000000000001e-06
training: 0.0265, 0.9817
validation: 1.0102, 0.8596
epoch:175/200
****************************************************************************************************
8.000000000000001e-06
training: 0.0215, 0.9842
validation: 1.0020, 0.8637
epoch:176/200
****************************************************************************************************
8.000000000000001e-06
training: 0.0233, 0.9857
validation: 0.9979, 0.8637
epoch:177/200
****************************************************************************************************
8.000000000000001e-06
training: 0.0195, 0.9840
validation: 1.0003, 0.8639
epoch:178/200
****************************************************************************************************
8.000000000000001e-06
training: 0.0237, 0.9821
validation: 1.0083, 0.8628
epoch:179/200
****************************************************************************************************
8.000000000000001e-06
training: 0.0200, 0.9860
validation: 0.9993, 0.8641
epoch:180/200
****************************************************************************************************
8.000000000000001e-06
training: 0.0236, 0.9834
validation: 0.9820, 0.8683
epoch:181/200
****************************************************************************************************
8.000000000000001e-06
training: 0.0243, 0.9817
validation: 0.9911, 0.8674
epoch:182/200
****************************************************************************************************
8.000000000000001e-06
training: 0.0238, 0.9829
validation: 1.0064, 0.8643
epoch:183/200
****************************************************************************************************
8.000000000000001e-06
training: 0.0215, 0.9825
validation: 1.0008, 0.8652
epoch:184/200
****************************************************************************************************
8.000000000000001e-06
training: 0.0232, 0.9851
validation: 0.9989, 0.8648
epoch:185/200
****************************************************************************************************
8.000000000000001e-06
training: 0.0193, 0.9864
validation: 1.0168, 0.8628
epoch:186/200
****************************************************************************************************
8.000000000000001e-06
training: 0.0209, 0.9858
validation: 0.9921, 0.8650
epoch:187/200
****************************************************************************************************
8.000000000000001e-06
training: 0.0193, 0.9851
validation: 1.0156, 0.8624
epoch:188/200
****************************************************************************************************
8.000000000000001e-06
training: 0.0254, 0.9825
validation: 1.0028, 0.8652
epoch:189/200
****************************************************************************************************
8.000000000000001e-06
training: 0.0242, 0.9825
validation: 1.0075, 0.8644
epoch:190/200
****************************************************************************************************
8.000000000000001e-06
training: 0.0243, 0.9829
validation: 0.9913, 0.8670
epoch:191/200
****************************************************************************************************
8.000000000000001e-06
training: 0.0228, 0.9855
validation: 1.0059, 0.8630
epoch:192/200
****************************************************************************************************
8.000000000000001e-06
training: 0.0189, 0.9862
validation: 1.0099, 0.8641
epoch:193/200
****************************************************************************************************
8.000000000000001e-06
training: 0.0284, 0.9847
validation: 1.0077, 0.8654
epoch:194/200
****************************************************************************************************
8.000000000000001e-06
training: 0.0173, 0.9855
validation: 0.9999, 0.8650
epoch:195/200
****************************************************************************************************
8.000000000000001e-06
training: 0.0202, 0.9858
validation: 1.0148, 0.8639
epoch:196/200
****************************************************************************************************
8.000000000000001e-06
training: 0.0247, 0.9853
validation: 1.0034, 0.8657
epoch:197/200
****************************************************************************************************
8.000000000000001e-06
training: 0.0233, 0.9830
validation: 1.0118, 0.8644
epoch:198/200
****************************************************************************************************
8.000000000000001e-06
training: 0.0252, 0.9857
validation: 1.0076, 0.8656
epoch:199/200
****************************************************************************************************
8.000000000000001e-06
training: 0.0210, 0.9860
validation: 1.0194, 0.8652
