epoch:0/100
****************************************************************************************************
training: 0.5467, 0.7590
validation: 1.5925, 0.6378
epoch:1/100
****************************************************************************************************
training: 0.2318, 0.8794
validation: 1.3003, 0.7031
epoch:2/100
****************************************************************************************************
training: 0.1910, 0.8997
validation: 0.9993, 0.7870
epoch:3/100
****************************************************************************************************
training: 0.1588, 0.9059
validation: 1.0138, 0.7911
epoch:4/100
****************************************************************************************************
training: 0.1467, 0.9085
validation: 0.8660, 0.8335
epoch:5/100
****************************************************************************************************
training: 0.1335, 0.9174
validation: 0.7780, 0.8472
epoch:6/100
****************************************************************************************************
training: 0.1210, 0.9236
validation: 0.7565, 0.8520
epoch:7/100
****************************************************************************************************
training: 0.1059, 0.9176
validation: 0.7051, 0.8554
epoch:8/100
****************************************************************************************************
training: 0.1052, 0.9258
validation: 0.6890, 0.8702
epoch:9/100
****************************************************************************************************
training: 0.0994, 0.9243
validation: 0.6397, 0.8856
epoch:10/100
****************************************************************************************************
training: 0.0919, 0.9297
validation: 0.5923, 0.8885
epoch:11/100
****************************************************************************************************
training: 0.0977, 0.9324
validation: 0.4986, 0.8959
epoch:12/100
****************************************************************************************************
training: 0.0902, 0.9283
validation: 0.4863, 0.8902
epoch:13/100
****************************************************************************************************
training: 0.0761, 0.9312
validation: 0.5264, 0.8989
epoch:14/100
****************************************************************************************************
training: 0.0803, 0.9346
validation: 0.5360, 0.9030
epoch:15/100
****************************************************************************************************
training: 0.0623, 0.9497
validation: 0.4953, 0.9039
epoch:16/100
****************************************************************************************************
training: 0.0659, 0.9450
validation: 0.4939, 0.9009
epoch:17/100
****************************************************************************************************
training: 0.0752, 0.9385
validation: 0.4739, 0.9094
epoch:18/100
****************************************************************************************************
training: 0.0672, 0.9391
validation: 0.4372, 0.9130
epoch:19/100
****************************************************************************************************
training: 0.0669, 0.9413
validation: 0.4388, 0.9119
epoch:20/100
****************************************************************************************************
training: 0.0599, 0.9497
validation: 0.4192, 0.9089
epoch:21/100
****************************************************************************************************
training: 0.0508, 0.9454
validation: 0.4295, 0.9172
epoch:22/100
****************************************************************************************************
training: 0.0626, 0.9519
validation: 0.4057, 0.9187
epoch:23/100
****************************************************************************************************
training: 0.0664, 0.9454
validation: 0.4066, 0.9163
epoch:24/100
****************************************************************************************************
training: 0.0481, 0.9515
validation: 0.4245, 0.9178
epoch:25/100
****************************************************************************************************
training: 0.0476, 0.9586
validation: 0.4311, 0.9189
epoch:26/100
****************************************************************************************************
training: 0.0493, 0.9540
validation: 0.3860, 0.9226
epoch:27/100
****************************************************************************************************
training: 0.0566, 0.9530
validation: 0.3865, 0.9256
epoch:28/100
****************************************************************************************************
training: 0.0523, 0.9545
validation: 0.4633, 0.9213
epoch:29/100
****************************************************************************************************
training: 0.0510, 0.9510
validation: 0.4514, 0.9231
epoch:30/100
****************************************************************************************************
training: 0.0470, 0.9577
validation: 0.4416, 0.9248
epoch:31/100
****************************************************************************************************
training: 0.0448, 0.9627
validation: 0.4135, 0.9215
epoch:32/100
****************************************************************************************************
training: 0.0484, 0.9549
validation: 0.4428, 0.9228
epoch:33/100
****************************************************************************************************
training: 0.0394, 0.9648
validation: 0.4014, 0.9250
epoch:34/100
****************************************************************************************************
training: 0.0450, 0.9592
validation: 0.3999, 0.9243
epoch:35/100
****************************************************************************************************
training: 0.0488, 0.9568
validation: 0.4306, 0.9246
epoch:36/100
****************************************************************************************************
training: 0.0463, 0.9603
validation: 0.3825, 0.9339
epoch:37/100
****************************************************************************************************
training: 0.0441, 0.9620
validation: 0.4242, 0.9291
epoch:38/100
****************************************************************************************************
training: 0.0378, 0.9653
validation: 0.3828, 0.9331
epoch:39/100
****************************************************************************************************
training: 0.0476, 0.9575
validation: 0.4493, 0.9257
epoch:40/100
****************************************************************************************************
training: 0.0412, 0.9633
validation: 0.4076, 0.9309
epoch:41/100
****************************************************************************************************
training: 0.0367, 0.9670
validation: 0.4296, 0.9269
epoch:42/100
****************************************************************************************************
training: 0.0450, 0.9638
validation: 0.4901, 0.9193
epoch:43/100
****************************************************************************************************
training: 0.0392, 0.9702
validation: 0.4060, 0.9298
epoch:44/100
****************************************************************************************************
training: 0.0367, 0.9661
validation: 0.4270, 0.9285
epoch:45/100
****************************************************************************************************
training: 0.0389, 0.9679
validation: 0.4032, 0.9306
epoch:46/100
****************************************************************************************************
training: 0.0489, 0.9605
validation: 0.3990, 0.9307
epoch:47/100
****************************************************************************************************
training: 0.0324, 0.9683
validation: 0.4161, 0.9300
epoch:48/100
****************************************************************************************************
training: 0.0396, 0.9717
validation: 0.4236, 0.9291
epoch:49/100
****************************************************************************************************
training: 0.0348, 0.9709
validation: 0.3826, 0.9326
epoch:50/100
****************************************************************************************************
training: 0.0401, 0.9679
validation: 0.4015, 0.9248
epoch:51/100
****************************************************************************************************
training: 0.0405, 0.9678
validation: 0.3955, 0.9339
epoch:52/100
****************************************************************************************************
training: 0.0363, 0.9717
validation: 0.3806, 0.9344
epoch:53/100
****************************************************************************************************
training: 0.0355, 0.9681
validation: 0.4316, 0.9306
epoch:54/100
****************************************************************************************************
training: 0.0367, 0.9696
validation: 0.4269, 0.9320
epoch:55/100
****************************************************************************************************
training: 0.0381, 0.9683
validation: 0.4130, 0.9341
epoch:56/100
****************************************************************************************************
training: 0.0338, 0.9720
validation: 0.4211, 0.9307
epoch:57/100
****************************************************************************************************
training: 0.0317, 0.9700
validation: 0.4071, 0.9331
epoch:58/100
****************************************************************************************************
training: 0.0276, 0.9748
validation: 0.3969, 0.9298
epoch:59/100
****************************************************************************************************
training: 0.0316, 0.9737
validation: 0.4166, 0.9339
epoch:60/100
****************************************************************************************************
training: 0.0262, 0.9750
validation: 0.4245, 0.9296
epoch:61/100
****************************************************************************************************
training: 0.0309, 0.9750
validation: 0.4615, 0.9230
epoch:62/100
****************************************************************************************************
training: 0.0339, 0.9732
validation: 0.4838, 0.9228
epoch:63/100
****************************************************************************************************
training: 0.0331, 0.9726
validation: 0.4441, 0.9252
epoch:64/100
****************************************************************************************************
training: 0.0336, 0.9758
validation: 0.4574, 0.9259
epoch:65/100
****************************************************************************************************
training: 0.0283, 0.9775
validation: 0.4713, 0.9241
epoch:66/100
****************************************************************************************************
training: 0.0391, 0.9767
validation: 0.4183, 0.9298
epoch:67/100
****************************************************************************************************
training: 0.0290, 0.9726
validation: 0.4269, 0.9304
epoch:68/100
****************************************************************************************************
training: 0.0287, 0.9745
validation: 0.4448, 0.9280
epoch:69/100
****************************************************************************************************
training: 0.0324, 0.9741
validation: 0.4312, 0.9294
epoch:70/100
****************************************************************************************************
training: 0.0324, 0.9700
validation: 0.3462, 0.9402
epoch:71/100
****************************************************************************************************
training: 0.0226, 0.9771
validation: 0.3854, 0.9365
epoch:72/100
****************************************************************************************************
training: 0.0303, 0.9732
validation: 0.3972, 0.9356
epoch:73/100
****************************************************************************************************
training: 0.0309, 0.9719
validation: 0.4656, 0.9252
epoch:74/100
****************************************************************************************************
training: 0.0242, 0.9797
validation: 0.4209, 0.9339
epoch:75/100
****************************************************************************************************
training: 0.0246, 0.9782
validation: 0.4127, 0.9348
epoch:76/100
****************************************************************************************************
training: 0.0234, 0.9801
validation: 0.4322, 0.9322
epoch:77/100
****************************************************************************************************
training: 0.0250, 0.9802
validation: 0.4364, 0.9267
epoch:78/100
****************************************************************************************************
training: 0.0214, 0.9802
validation: 0.4003, 0.9320
epoch:79/100
****************************************************************************************************
training: 0.0272, 0.9797
validation: 0.4598, 0.9239
epoch:80/100
****************************************************************************************************
training: 0.0295, 0.9789
validation: 0.4325, 0.9269
epoch:81/100
****************************************************************************************************
training: 0.0314, 0.9767
validation: 0.4119, 0.9343
epoch:82/100
****************************************************************************************************
training: 0.0240, 0.9786
validation: 0.3984, 0.9357
epoch:83/100
****************************************************************************************************
training: 0.0291, 0.9765
validation: 0.3440, 0.9376
epoch:84/100
****************************************************************************************************
training: 0.0243, 0.9795
validation: 0.3974, 0.9356
epoch:85/100
****************************************************************************************************
training: 0.0252, 0.9804
validation: 0.4165, 0.9333
epoch:86/100
****************************************************************************************************
training: 0.0276, 0.9778
validation: 0.4506, 0.9302
epoch:87/100
****************************************************************************************************
training: 0.0277, 0.9827
validation: 0.4272, 0.9339
epoch:88/100
****************************************************************************************************
training: 0.0227, 0.9840
validation: 0.4016, 0.9381
epoch:89/100
****************************************************************************************************
training: 0.0207, 0.9810
validation: 0.4137, 0.9365
epoch:90/100
****************************************************************************************************
training: 0.0288, 0.9788
validation: 0.3478, 0.9420
epoch:91/100
****************************************************************************************************
training: 0.0240, 0.9802
validation: 0.3998, 0.9359
epoch:92/100
****************************************************************************************************
training: 0.0214, 0.9849
validation: 0.3990, 0.9344
epoch:93/100
****************************************************************************************************
training: 0.0279, 0.9795
validation: 0.4143, 0.9361
epoch:94/100
****************************************************************************************************
training: 0.0201, 0.9793
validation: 0.3601, 0.9404
epoch:95/100
****************************************************************************************************
training: 0.0270, 0.9778
validation: 0.3756, 0.9376
epoch:96/100
****************************************************************************************************
training: 0.0264, 0.9786
validation: 0.3616, 0.9391
epoch:97/100
****************************************************************************************************
training: 0.0218, 0.9784
validation: 0.4112, 0.9287
epoch:98/100
****************************************************************************************************
training: 0.0211, 0.9788
validation: 0.3867, 0.9354
epoch:99/100
****************************************************************************************************
training: 0.0284, 0.9773
validation: 0.4161, 0.9370
