epoch:0/100
****************************************************************************************************
training: 0.5923, 0.8394
validation: 1.8858, 0.5128
epoch:1/100
****************************************************************************************************
training: 0.2350, 0.9331
validation: 1.4923, 0.6056
epoch:2/100
****************************************************************************************************
training: 0.2022, 0.9406
validation: 1.2086, 0.6759
epoch:3/100
****************************************************************************************************
training: 0.1599, 0.9545
validation: 1.1004, 0.6850
epoch:4/100
****************************************************************************************************
training: 0.1445, 0.9594
validation: 0.9935, 0.6933
epoch:5/100
****************************************************************************************************
training: 0.1342, 0.9586
validation: 0.9109, 0.7094
epoch:6/100
****************************************************************************************************
training: 0.1203, 0.9650
validation: 0.8958, 0.7081
epoch:7/100
****************************************************************************************************
training: 0.1165, 0.9640
validation: 0.8254, 0.7298
epoch:8/100
****************************************************************************************************
training: 0.1079, 0.9689
validation: 0.7881, 0.7369
epoch:9/100
****************************************************************************************************
training: 0.1028, 0.9666
validation: 0.7006, 0.7541
epoch:10/100
****************************************************************************************************
training: 0.0854, 0.9730
validation: 0.7143, 0.7509
epoch:11/100
****************************************************************************************************
training: 0.0894, 0.9726
validation: 0.6593, 0.7674
epoch:12/100
****************************************************************************************************
training: 0.0897, 0.9709
validation: 0.6512, 0.7674
epoch:13/100
****************************************************************************************************
training: 0.0758, 0.9745
validation: 0.6631, 0.7624
epoch:14/100
****************************************************************************************************
training: 0.0877, 0.9741
validation: 0.6437, 0.7696
epoch:15/100
****************************************************************************************************
training: 0.0713, 0.9771
validation: 0.6129, 0.7824
epoch:16/100
****************************************************************************************************
training: 0.0754, 0.9748
validation: 0.5810, 0.7937
epoch:17/100
****************************************************************************************************
training: 0.0689, 0.9795
validation: 0.6033, 0.7852
epoch:18/100
****************************************************************************************************
training: 0.0672, 0.9802
validation: 0.5800, 0.7941
epoch:19/100
****************************************************************************************************
training: 0.0663, 0.9797
validation: 0.6434, 0.7789
epoch:20/100
****************************************************************************************************
training: 0.0644, 0.9789
validation: 0.5433, 0.8056
epoch:21/100
****************************************************************************************************
training: 0.0620, 0.9802
validation: 0.5356, 0.8185
epoch:22/100
****************************************************************************************************
training: 0.0657, 0.9795
validation: 0.5060, 0.8222
epoch:23/100
****************************************************************************************************
training: 0.0596, 0.9847
validation: 0.5258, 0.8198
epoch:24/100
****************************************************************************************************
training: 0.0599, 0.9821
validation: 0.5320, 0.8196
epoch:25/100
****************************************************************************************************
training: 0.0639, 0.9804
validation: 0.5133, 0.8254
epoch:26/100
****************************************************************************************************
training: 0.0585, 0.9814
validation: 0.4834, 0.8415
epoch:27/100
****************************************************************************************************
training: 0.0468, 0.9853
validation: 0.4810, 0.8385
epoch:28/100
****************************************************************************************************
training: 0.0538, 0.9834
validation: 0.4743, 0.8415
epoch:29/100
****************************************************************************************************
training: 0.0508, 0.9853
validation: 0.4452, 0.8591
epoch:30/100
****************************************************************************************************
training: 0.0469, 0.9857
validation: 0.4383, 0.8565
epoch:31/100
****************************************************************************************************
training: 0.0548, 0.9843
validation: 0.4229, 0.8587
epoch:32/100
****************************************************************************************************
training: 0.0462, 0.9862
validation: 0.4640, 0.8456
epoch:33/100
****************************************************************************************************
training: 0.0484, 0.9860
validation: 0.5042, 0.8491
epoch:34/100
****************************************************************************************************
training: 0.0418, 0.9877
validation: 0.4128, 0.8737
epoch:35/100
****************************************************************************************************
training: 0.0422, 0.9864
validation: 0.4556, 0.8548
epoch:36/100
****************************************************************************************************
training: 0.0389, 0.9894
validation: 0.4348, 0.8626
epoch:37/100
****************************************************************************************************
training: 0.0423, 0.9868
validation: 0.4264, 0.8650
epoch:38/100
****************************************************************************************************
training: 0.0411, 0.9871
validation: 0.4506, 0.8652
epoch:39/100
****************************************************************************************************
training: 0.0427, 0.9868
validation: 0.4257, 0.8630
epoch:40/100
****************************************************************************************************
training: 0.0428, 0.9862
validation: 0.4024, 0.8704
epoch:41/100
****************************************************************************************************
training: 0.0384, 0.9879
validation: 0.4202, 0.8689
epoch:42/100
****************************************************************************************************
training: 0.0433, 0.9883
validation: 0.4131, 0.8731
epoch:43/100
****************************************************************************************************
training: 0.0461, 0.9853
validation: 0.4273, 0.8694
epoch:44/100
****************************************************************************************************
training: 0.0358, 0.9898
validation: 0.4228, 0.8689
epoch:45/100
****************************************************************************************************
training: 0.0385, 0.9881
validation: 0.4499, 0.8635
epoch:46/100
****************************************************************************************************
training: 0.0426, 0.9866
validation: 0.4445, 0.8644
epoch:47/100
****************************************************************************************************
training: 0.0348, 0.9888
validation: 0.4144, 0.8728
epoch:48/100
****************************************************************************************************
training: 0.0347, 0.9888
validation: 0.4001, 0.8796
epoch:49/100
****************************************************************************************************
training: 0.0389, 0.9883
validation: 0.4364, 0.8704
epoch:50/100
****************************************************************************************************
training: 0.0395, 0.9894
validation: 0.3864, 0.8831
epoch:51/100
****************************************************************************************************
training: 0.0366, 0.9886
validation: 0.3992, 0.8852
epoch:52/100
****************************************************************************************************
training: 0.0407, 0.9894
validation: 0.4322, 0.8752
epoch:53/100
****************************************************************************************************
training: 0.0360, 0.9892
validation: 0.4329, 0.8724
epoch:54/100
****************************************************************************************************
training: 0.0398, 0.9890
validation: 0.4087, 0.8824
epoch:55/100
****************************************************************************************************
training: 0.0315, 0.9894
validation: 0.4289, 0.8798
epoch:56/100
****************************************************************************************************
training: 0.0305, 0.9912
validation: 0.4010, 0.8846
epoch:57/100
****************************************************************************************************
training: 0.0259, 0.9920
validation: 0.4089, 0.8822
epoch:58/100
****************************************************************************************************
training: 0.0282, 0.9911
validation: 0.4116, 0.8787
epoch:59/100
****************************************************************************************************
training: 0.0352, 0.9890
validation: 0.4144, 0.8770
epoch:60/100
****************************************************************************************************
training: 0.0253, 0.9931
validation: 0.3565, 0.8917
epoch:61/100
****************************************************************************************************
training: 0.0296, 0.9911
validation: 0.3645, 0.8943
epoch:62/100
****************************************************************************************************
training: 0.0241, 0.9922
validation: 0.4651, 0.8731
epoch:63/100
****************************************************************************************************
training: 0.0341, 0.9890
validation: 0.4583, 0.8746
epoch:64/100
****************************************************************************************************
training: 0.0343, 0.9905
validation: 0.4324, 0.8730
epoch:65/100
****************************************************************************************************
training: 0.0343, 0.9896
validation: 0.4092, 0.8800
epoch:66/100
****************************************************************************************************
training: 0.0290, 0.9907
validation: 0.4184, 0.8809
epoch:67/100
****************************************************************************************************
training: 0.0305, 0.9912
validation: 0.4170, 0.8793
epoch:68/100
****************************************************************************************************
training: 0.0284, 0.9909
validation: 0.3715, 0.8944
epoch:69/100
****************************************************************************************************
training: 0.0355, 0.9890
validation: 0.3615, 0.8924
epoch:70/100
****************************************************************************************************
training: 0.0315, 0.9894
validation: 0.4140, 0.8830
epoch:71/100
****************************************************************************************************
training: 0.0274, 0.9912
validation: 0.3948, 0.8906
epoch:72/100
****************************************************************************************************
training: 0.0253, 0.9935
validation: 0.3464, 0.8959
epoch:73/100
****************************************************************************************************
training: 0.0303, 0.9909
validation: 0.3983, 0.8839
epoch:74/100
****************************************************************************************************
training: 0.0296, 0.9905
validation: 0.4213, 0.8800
epoch:75/100
****************************************************************************************************
training: 0.0325, 0.9911
validation: 0.4248, 0.8796
epoch:76/100
****************************************************************************************************
training: 0.0274, 0.9905
validation: 0.3667, 0.8948
epoch:77/100
****************************************************************************************************
training: 0.0283, 0.9924
validation: 0.4361, 0.8770
epoch:78/100
****************************************************************************************************
training: 0.0271, 0.9924
validation: 0.4311, 0.8804
epoch:79/100
****************************************************************************************************
training: 0.0272, 0.9920
validation: 0.4097, 0.8865
epoch:80/100
****************************************************************************************************
training: 0.0301, 0.9898
validation: 0.4278, 0.8852
epoch:81/100
****************************************************************************************************
training: 0.0275, 0.9924
validation: 0.4063, 0.8865
epoch:82/100
****************************************************************************************************
training: 0.0289, 0.9918
validation: 0.4258, 0.8837
epoch:83/100
****************************************************************************************************
training: 0.0350, 0.9888
validation: 0.4076, 0.8846
epoch:84/100
****************************************************************************************************
training: 0.0282, 0.9916
validation: 0.4238, 0.8848
epoch:85/100
****************************************************************************************************
training: 0.0212, 0.9942
validation: 0.4231, 0.8867
epoch:86/100
****************************************************************************************************
training: 0.0259, 0.9916
validation: 0.4164, 0.8854
epoch:87/100
****************************************************************************************************
training: 0.0307, 0.9911
validation: 0.3908, 0.8946
epoch:88/100
****************************************************************************************************
training: 0.0225, 0.9927
validation: 0.4418, 0.8785
epoch:89/100
****************************************************************************************************
training: 0.0198, 0.9952
validation: 0.4579, 0.8728
epoch:90/100
****************************************************************************************************
training: 0.0259, 0.9916
validation: 0.4117, 0.8854
epoch:91/100
****************************************************************************************************
training: 0.0252, 0.9916
validation: 0.4364, 0.8781
epoch:92/100
****************************************************************************************************
training: 0.0203, 0.9940
validation: 0.4551, 0.8720
epoch:93/100
****************************************************************************************************
training: 0.0211, 0.9935
validation: 0.4402, 0.8767
epoch:94/100
****************************************************************************************************
training: 0.0207, 0.9940
validation: 0.4655, 0.8713
epoch:95/100
****************************************************************************************************
training: 0.0229, 0.9929
validation: 0.4098, 0.8906
epoch:96/100
****************************************************************************************************
training: 0.0278, 0.9933
validation: 0.4302, 0.8870
epoch:97/100
****************************************************************************************************
training: 0.0182, 0.9946
validation: 0.3931, 0.8930
epoch:98/100
****************************************************************************************************
training: 0.0228, 0.9929
validation: 0.3831, 0.8943
epoch:99/100
****************************************************************************************************
training: 0.0220, 0.9927
validation: 0.4362, 0.8828
